2023-07-07 22:35:06,(2(0)-1688733306:912357),systemResources.CPU_00,18949,1.83 percent
2023-07-07 22:35:06,(2(0)-1688733306:912647),systemResources.CPU_01,18950,2.57 percent
2023-07-07 22:35:06,(2(0)-1688733306:912655),fileUplinkBufferManager.HiBuffs,17410,0
2023-07-07 22:35:06,(2(0)-1688733306:912664),fileUplinkBufferManager.CurrBuffs,17409,0
2023-07-07 22:35:06,(2(0)-1688733306:912672),fileUplinkBufferManager.TotalBuffs,17408,30
2023-07-07 22:35:06,(2(0)-1688733306:912676),fileUplinkBufferManager.NoBuffs,17411,0
2023-07-07 22:35:06,(2(0)-1688733306:912680),fileUplinkBufferManager.EmptyBuffs,17412,0
2023-07-07 22:35:06,(2(0)-1688733306:912690),rateGroup3.RgMaxTime,1024,1243 us
2023-07-07 22:35:06,(2(0)-1688733306:912858),systemResources.CPU_02,18951,1.57 percent
2023-07-07 22:35:06,(2(0)-1688733306:913049),systemResources.CPU_03,18952,1.65 percent
2023-07-07 22:35:06,(2(0)-1688733306:913055),systemResources.CPU,18948,1.90 percent
2023-07-07 22:35:06,(2(0)-1688733306:913095),systemResources.MEMORY_TOTAL,18944,944092 KB
2023-07-07 22:35:06,(2(0)-1688733306:913102),systemResources.MEMORY_USED,18945,770524 KB
2023-07-07 22:35:06,(2(0)-1688733306:913139),systemResources.FRAMEWORK_VERSION,18965,v3.2.0-39-gb3493ca03
2023-07-07 22:35:06,(2(0)-1688733306:913153),systemResources.PROJECT_VERSION,18966,v3.2.0-39-gb3493ca03
2023-07-07 22:35:06,(2(0)-1688733306:913167),rateGroup1.RgMaxTime,512,1721 us
2023-07-07 22:35:07,(2(0)-1688733307:911757),blockDrv.BD_Cycles,256,1
2023-07-07 22:35:08,(2(0)-1688733308:911957),blockDrv.BD_Cycles,256,2
2023-07-07 22:35:07,(2(0)-1688733307:912368),systemResources.CPU_00,18949,0.00 percent
2023-07-07 22:35:07,(2(0)-1688733307:912575),systemResources.CPU_01,18950,0.00 percent
2023-07-07 22:35:07,(2(0)-1688733307:912764),systemResources.CPU_02,18951,0.00 percent
2023-07-07 22:35:07,(2(0)-1688733307:912953),systemResources.CPU_03,18952,0.00 percent
2023-07-07 22:35:07,(2(0)-1688733307:912959),systemResources.CPU,18948,0.00 percent
2023-07-07 22:35:07,(2(0)-1688733307:912983),systemResources.MEMORY_TOTAL,18944,944092 KB
2023-07-07 22:35:07,(2(0)-1688733307:912988),systemResources.MEMORY_USED,18945,770524 KB
2023-07-07 22:35:07,(2(0)-1688733307:913020),systemResources.FRAMEWORK_VERSION,18965,v3.2.0-39-gb3493ca03
2023-07-07 22:35:07,(2(0)-1688733307:913032),systemResources.PROJECT_VERSION,18966,v3.2.0-39-gb3493ca03
2023-07-07 22:35:08,(2(0)-1688733308:912534),systemResources.CPU_00,18949,1.00 percent
2023-07-07 22:35:08,(2(0)-1688733308:912734),systemResources.CPU_01,18950,1.01 percent
2023-07-07 22:35:08,(2(0)-1688733308:912923),systemResources.CPU_02,18951,0.00 percent
2023-07-07 22:35:08,(2(0)-1688733308:913111),systemResources.CPU_03,18952,0.00 percent
2023-07-07 22:35:08,(2(0)-1688733308:913117),systemResources.CPU,18948,0.50 percent
2023-07-07 22:35:08,(2(0)-1688733308:913139),systemResources.MEMORY_TOTAL,18944,944092 KB
2023-07-07 22:35:08,(2(0)-1688733308:913147),systemResources.MEMORY_USED,18945,770524 KB
2023-07-07 22:35:08,(2(0)-1688733308:913181),systemResources.FRAMEWORK_VERSION,18965,v3.2.0-39-gb3493ca03
2023-07-07 22:35:08,(2(0)-1688733308:913193),systemResources.PROJECT_VERSION,18966,v3.2.0-39-gb3493ca03
2023-07-07 22:35:09,(2(0)-1688733309:912107),blockDrv.BD_Cycles,256,3
2023-07-07 22:35:10,(2(0)-1688733310:912278),blockDrv.BD_Cycles,256,4
2023-07-07 22:35:09,(2(0)-1688733309:912605),systemResources.CPU_00,18949,0.00 percent
2023-07-07 22:35:09,(2(0)-1688733309:912803),systemResources.CPU_01,18950,0.00 percent
2023-07-07 22:35:09,(2(0)-1688733309:912992),systemResources.CPU_02,18951,0.00 percent
2023-07-07 22:35:09,(2(0)-1688733309:913180),systemResources.CPU_03,18952,0.00 percent
2023-07-07 22:35:09,(2(0)-1688733309:913187),systemResources.CPU,18948,0.00 percent
2023-07-07 22:35:09,(2(0)-1688733309:913208),systemResources.MEMORY_TOTAL,18944,944092 KB
2023-07-07 22:35:09,(2(0)-1688733309:913214),systemResources.MEMORY_USED,18945,770524 KB
2023-07-07 22:35:09,(2(0)-1688733309:913246),systemResources.FRAMEWORK_VERSION,18965,v3.2.0-39-gb3493ca03
2023-07-07 22:35:09,(2(0)-1688733309:913256),systemResources.PROJECT_VERSION,18966,v3.2.0-39-gb3493ca03
2023-07-07 22:35:10,(2(0)-1688733310:912807),systemResources.CPU_00,18949,0.00 percent
2023-07-07 22:35:10,(2(0)-1688733310:913014),systemResources.CPU_01,18950,0.00 percent
2023-07-07 22:35:10,(2(0)-1688733310:913206),systemResources.CPU_02,18951,0.00 percent
2023-07-07 22:35:10,(2(0)-1688733310:913397),systemResources.CPU_03,18952,0.00 percent
2023-07-07 22:35:10,(2(0)-1688733310:913405),systemResources.CPU,18948,0.00 percent
2023-07-07 22:35:10,(2(0)-1688733310:913427),systemResources.MEMORY_TOTAL,18944,944092 KB
2023-07-07 22:35:10,(2(0)-1688733310:913433),systemResources.MEMORY_USED,18945,770524 KB
2023-07-07 22:35:10,(2(0)-1688733310:913465),systemResources.FRAMEWORK_VERSION,18965,v3.2.0-39-gb3493ca03
2023-07-07 22:35:10,(2(0)-1688733310:913475),systemResources.PROJECT_VERSION,18966,v3.2.0-39-gb3493ca03
2023-07-07 22:35:11,(2(0)-1688733311:912425),blockDrv.BD_Cycles,256,5
2023-07-07 22:35:12,(2(0)-1688733312:912584),blockDrv.BD_Cycles,256,6
2023-07-07 22:35:11,(2(0)-1688733311:912926),systemResources.CPU_00,18949,0.00 percent
2023-07-07 22:35:11,(2(0)-1688733311:913125),systemResources.CPU_01,18950,0.00 percent
2023-07-07 22:35:11,(2(0)-1688733311:913317),systemResources.CPU_02,18951,0.00 percent
2023-07-07 22:35:11,(2(0)-1688733311:913506),systemResources.CPU_03,18952,0.00 percent
2023-07-07 22:35:11,(2(0)-1688733311:913512),systemResources.CPU,18948,0.00 percent
2023-07-07 22:35:11,(2(0)-1688733311:913541),systemResources.MEMORY_TOTAL,18944,944092 KB
2023-07-07 22:35:11,(2(0)-1688733311:913546),systemResources.MEMORY_USED,18945,770524 KB
2023-07-07 22:35:11,(2(0)-1688733311:913579),systemResources.FRAMEWORK_VERSION,18965,v3.2.0-39-gb3493ca03
2023-07-07 22:35:11,(2(0)-1688733311:913589),systemResources.PROJECT_VERSION,18966,v3.2.0-39-gb3493ca03
2023-07-07 22:35:12,(2(0)-1688733312:913086),systemResources.CPU_00,18949,0.00 percent
2023-07-07 22:35:12,(2(0)-1688733312:913283),systemResources.CPU_01,18950,0.00 percent
2023-07-07 22:35:12,(2(0)-1688733312:913472),systemResources.CPU_02,18951,0.00 percent
2023-07-07 22:35:12,(2(0)-1688733312:913661),systemResources.CPU_03,18952,0.00 percent
2023-07-07 22:35:12,(2(0)-1688733312:913667),systemResources.CPU,18948,0.00 percent
2023-07-07 22:35:12,(2(0)-1688733312:913691),systemResources.MEMORY_TOTAL,18944,944092 KB
2023-07-07 22:35:12,(2(0)-1688733312:913696),systemResources.MEMORY_USED,18945,770524 KB
2023-07-07 22:35:12,(2(0)-1688733312:913728),systemResources.FRAMEWORK_VERSION,18965,v3.2.0-39-gb3493ca03
2023-07-07 22:35:12,(2(0)-1688733312:913737),systemResources.PROJECT_VERSION,18966,v3.2.0-39-gb3493ca03
2023-07-07 22:35:13,(2(0)-1688733313:912770),blockDrv.BD_Cycles,256,7
2023-07-07 22:35:14,(2(0)-1688733314:912951),blockDrv.BD_Cycles,256,8
2023-07-07 22:35:13,(2(0)-1688733313:913283),systemResources.CPU_00,18949,0.00 percent
2023-07-07 22:35:13,(2(0)-1688733313:913484),systemResources.CPU_01,18950,0.00 percent
2023-07-07 22:35:13,(2(0)-1688733313:913674),systemResources.CPU_02,18951,0.00 percent
2023-07-07 22:35:13,(2(0)-1688733313:913861),systemResources.CPU_03,18952,0.00 percent
2023-07-07 22:35:13,(2(0)-1688733313:913868),systemResources.CPU,18948,0.00 percent
2023-07-07 22:35:13,(2(0)-1688733313:913892),systemResources.MEMORY_TOTAL,18944,944092 KB
2023-07-07 22:35:13,(2(0)-1688733313:913898),systemResources.MEMORY_USED,18945,770524 KB
2023-07-07 22:35:13,(2(0)-1688733313:913931),systemResources.FRAMEWORK_VERSION,18965,v3.2.0-39-gb3493ca03
2023-07-07 22:35:13,(2(0)-1688733313:913943),systemResources.PROJECT_VERSION,18966,v3.2.0-39-gb3493ca03
2023-07-07 22:35:14,(2(0)-1688733314:913467),systemResources.CPU_00,18949,0.00 percent
2023-07-07 22:35:14,(2(0)-1688733314:913675),systemResources.CPU_01,18950,0.00 percent
2023-07-07 22:35:14,(2(0)-1688733314:913865),systemResources.CPU_02,18951,0.00 percent
2023-07-07 22:35:14,(2(0)-1688733314:914053),systemResources.CPU_03,18952,0.00 percent
2023-07-07 22:35:14,(2(0)-1688733314:914060),systemResources.CPU,18948,0.00 percent
2023-07-07 22:35:14,(2(0)-1688733314:914083),systemResources.MEMORY_TOTAL,18944,944092 KB
2023-07-07 22:35:14,(2(0)-1688733314:914089),systemResources.MEMORY_USED,18945,770524 KB
2023-07-07 22:35:14,(2(0)-1688733314:914120),systemResources.FRAMEWORK_VERSION,18965,v3.2.0-39-gb3493ca03
2023-07-07 22:35:14,(2(0)-1688733314:914131),systemResources.PROJECT_VERSION,18966,v3.2.0-39-gb3493ca03
2023-07-07 22:35:15,(2(0)-1688733315:913099),blockDrv.BD_Cycles,256,9
2023-07-07 22:35:16,(2(0)-1688733316:913311),blockDrv.BD_Cycles,256,10
2023-07-07 22:35:15,(2(0)-1688733315:913638),systemResources.CPU_00,18949,1.01 percent
2023-07-07 22:35:15,(2(0)-1688733315:913841),systemResources.CPU_01,18950,6.19 percent
2023-07-07 22:35:15,(2(0)-1688733315:914033),systemResources.CPU_02,18951,0.00 percent
2023-07-07 22:35:15,(2(0)-1688733315:914220),systemResources.CPU_03,18952,0.00 percent
2023-07-07 22:35:15,(2(0)-1688733315:914227),systemResources.CPU,18948,1.80 percent
2023-07-07 22:35:15,(2(0)-1688733315:914249),systemResources.MEMORY_TOTAL,18944,944092 KB
2023-07-07 22:35:15,(2(0)-1688733315:914254),systemResources.MEMORY_USED,18945,770524 KB
2023-07-07 22:35:15,(2(0)-1688733315:914288),systemResources.FRAMEWORK_VERSION,18965,v3.2.0-39-gb3493ca03
2023-07-07 22:35:15,(2(0)-1688733315:914298),systemResources.PROJECT_VERSION,18966,v3.2.0-39-gb3493ca03
2023-07-07 22:35:16,(2(0)-1688733316:914221),systemResources.CPU_00,18949,28.74 percent
2023-07-07 22:35:16,(2(0)-1688733316:914417),systemResources.CPU_01,18950,0.00 percent
2023-07-07 22:35:16,(2(0)-1688733316:914605),systemResources.CPU_02,18951,1.01 percent
2023-07-07 22:35:16,(2(0)-1688733316:914797),systemResources.CPU_03,18952,1.00 percent
2023-07-07 22:35:16,(2(0)-1688733316:914803),systemResources.CPU,18948,7.69 percent
2023-07-07 22:35:16,(2(0)-1688733316:914827),systemResources.MEMORY_TOTAL,18944,944092 KB
2023-07-07 22:35:16,(2(0)-1688733316:914833),systemResources.MEMORY_USED,18945,770524 KB
2023-07-07 22:35:16,(2(0)-1688733316:914863),systemResources.FRAMEWORK_VERSION,18965,v3.2.0-39-gb3493ca03
2023-07-07 22:35:16,(2(0)-1688733316:914874),systemResources.PROJECT_VERSION,18966,v3.2.0-39-gb3493ca03
2023-07-07 22:35:17,(2(0)-1688733317:913472),blockDrv.BD_Cycles,256,11
2023-07-07 22:35:18,(2(0)-1688733318:913652),blockDrv.BD_Cycles,256,12
2023-07-07 22:35:17,(2(0)-1688733317:914338),systemResources.CPU_00,18949,29.55 percent
2023-07-07 22:35:17,(2(0)-1688733317:914536),systemResources.CPU_01,18950,0.00 percent
2023-07-07 22:35:17,(2(0)-1688733317:914725),systemResources.CPU_02,18951,0.00 percent
2023-07-07 22:35:17,(2(0)-1688733317:914912),systemResources.CPU_03,18952,0.00 percent
2023-07-07 22:35:17,(2(0)-1688733317:914918),systemResources.CPU,18948,7.39 percent
2023-07-07 22:35:17,(2(0)-1688733317:914942),systemResources.MEMORY_TOTAL,18944,944092 KB
2023-07-07 22:35:17,(2(0)-1688733317:914949),systemResources.MEMORY_USED,18945,770524 KB
2023-07-07 22:35:17,(2(0)-1688733317:914980),systemResources.FRAMEWORK_VERSION,18965,v3.2.0-39-gb3493ca03
2023-07-07 22:35:17,(2(0)-1688733317:914991),systemResources.PROJECT_VERSION,18966,v3.2.0-39-gb3493ca03
2023-07-07 22:35:18,(2(0)-1688733318:914552),systemResources.CPU_00,18949,0.00 percent
2023-07-07 22:35:18,(2(0)-1688733318:914749),systemResources.CPU_01,18950,0.00 percent
2023-07-07 22:35:18,(2(0)-1688733318:914937),systemResources.CPU_02,18951,0.00 percent
2023-07-07 22:35:18,(2(0)-1688733318:915126),systemResources.CPU_03,18952,7.29 percent
2023-07-07 22:35:18,(2(0)-1688733318:915133),systemResources.CPU,18948,1.82 percent
2023-07-07 22:35:18,(2(0)-1688733318:915159),systemResources.MEMORY_TOTAL,18944,944092 KB
2023-07-07 22:35:18,(2(0)-1688733318:915164),systemResources.MEMORY_USED,18945,770524 KB
2023-07-07 22:35:18,(2(0)-1688733318:915196),systemResources.FRAMEWORK_VERSION,18965,v3.2.0-39-gb3493ca03
2023-07-07 22:35:18,(2(0)-1688733318:915207),systemResources.PROJECT_VERSION,18966,v3.2.0-39-gb3493ca03
2023-07-07 22:35:19,(2(0)-1688733319:913798),blockDrv.BD_Cycles,256,13
2023-07-07 22:35:20,(2(0)-1688733320:913981),blockDrv.BD_Cycles,256,14
2023-07-07 22:35:19,(2(0)-1688733319:914538),systemResources.CPU_00,18949,0.00 percent
2023-07-07 22:35:19,(2(0)-1688733319:914739),systemResources.CPU_01,18950,0.00 percent
2023-07-07 22:35:19,(2(0)-1688733319:914928),systemResources.CPU_02,18951,0.00 percent
2023-07-07 22:35:19,(2(0)-1688733319:915115),systemResources.CPU_03,18952,0.00 percent
2023-07-07 22:35:19,(2(0)-1688733319:915121),systemResources.CPU,18948,0.00 percent
2023-07-07 22:35:19,(2(0)-1688733319:915144),systemResources.MEMORY_TOTAL,18944,944092 KB
2023-07-07 22:35:19,(2(0)-1688733319:915150),systemResources.MEMORY_USED,18945,770524 KB
2023-07-07 22:35:19,(2(0)-1688733319:915181),systemResources.FRAMEWORK_VERSION,18965,v3.2.0-39-gb3493ca03
2023-07-07 22:35:19,(2(0)-1688733319:915193),systemResources.PROJECT_VERSION,18966,v3.2.0-39-gb3493ca03
2023-07-07 22:35:20,(2(0)-1688733320:914852),systemResources.CPU_00,18949,0.00 percent
2023-07-07 22:35:20,(2(0)-1688733320:915048),systemResources.CPU_01,18950,2.00 percent
2023-07-07 22:35:20,(2(0)-1688733320:915235),systemResources.CPU_02,18951,0.00 percent
2023-07-07 22:35:20,(2(0)-1688733320:915425),systemResources.CPU_03,18952,1.01 percent
2023-07-07 22:35:20,(2(0)-1688733320:915431),systemResources.CPU,18948,0.75 percent
2023-07-07 22:35:20,(2(0)-1688733320:915455),systemResources.MEMORY_TOTAL,18944,944092 KB
2023-07-07 22:35:20,(2(0)-1688733320:915462),systemResources.MEMORY_USED,18945,771028 KB
2023-07-07 22:35:20,(2(0)-1688733320:915495),systemResources.FRAMEWORK_VERSION,18965,v3.2.0-39-gb3493ca03
2023-07-07 22:35:20,(2(0)-1688733320:915506),systemResources.PROJECT_VERSION,18966,v3.2.0-39-gb3493ca03
2023-07-07 22:35:21,(2(0)-1688733321:914135),blockDrv.BD_Cycles,256,15
2023-07-07 22:35:22,(2(0)-1688733322:914324),blockDrv.BD_Cycles,256,16
2023-07-07 22:35:21,(2(0)-1688733321:914947),systemResources.CPU_00,18949,0.00 percent
2023-07-07 22:35:21,(2(0)-1688733321:915145),systemResources.CPU_01,18950,0.00 percent
2023-07-07 22:35:21,(2(0)-1688733321:915334),systemResources.CPU_02,18951,0.00 percent
2023-07-07 22:35:21,(2(0)-1688733321:915521),systemResources.CPU_03,18952,0.00 percent
2023-07-07 22:35:21,(2(0)-1688733321:915529),systemResources.CPU,18948,0.00 percent
2023-07-07 22:35:21,(2(0)-1688733321:915552),systemResources.MEMORY_TOTAL,18944,944092 KB
2023-07-07 22:35:21,(2(0)-1688733321:915558),systemResources.MEMORY_USED,18945,771028 KB
2023-07-07 22:35:21,(2(0)-1688733321:915590),systemResources.FRAMEWORK_VERSION,18965,v3.2.0-39-gb3493ca03
2023-07-07 22:35:21,(2(0)-1688733321:915600),systemResources.PROJECT_VERSION,18966,v3.2.0-39-gb3493ca03
2023-07-07 22:35:22,(2(0)-1688733322:915232),systemResources.CPU_00,18949,0.00 percent
2023-07-07 22:35:22,(2(0)-1688733322:915429),systemResources.CPU_01,18950,0.00 percent
2023-07-07 22:35:22,(2(0)-1688733322:915616),systemResources.CPU_02,18951,0.00 percent
2023-07-07 22:35:22,(2(0)-1688733322:915805),systemResources.CPU_03,18952,0.00 percent
2023-07-07 22:35:22,(2(0)-1688733322:915811),systemResources.CPU,18948,0.00 percent
2023-07-07 22:35:22,(2(0)-1688733322:915834),systemResources.MEMORY_TOTAL,18944,944092 KB
2023-07-07 22:35:22,(2(0)-1688733322:915841),systemResources.MEMORY_USED,18945,771028 KB
2023-07-07 22:35:22,(2(0)-1688733322:915873),systemResources.FRAMEWORK_VERSION,18965,v3.2.0-39-gb3493ca03
2023-07-07 22:35:22,(2(0)-1688733322:915884),systemResources.PROJECT_VERSION,18966,v3.2.0-39-gb3493ca03
2023-07-07 22:35:23,(2(0)-1688733323:914484),blockDrv.BD_Cycles,256,17
2023-07-07 22:35:24,(2(0)-1688733324:914653),blockDrv.BD_Cycles,256,18
2023-07-07 22:35:23,(2(0)-1688733323:915330),systemResources.CPU_00,18949,0.00 percent
2023-07-07 22:35:23,(2(0)-1688733323:915532),systemResources.CPU_01,18950,0.00 percent
2023-07-07 22:35:23,(2(0)-1688733323:915722),systemResources.CPU_02,18951,0.00 percent
2023-07-07 22:35:23,(2(0)-1688733323:915911),systemResources.CPU_03,18952,0.00 percent
2023-07-07 22:35:23,(2(0)-1688733323:915918),systemResources.CPU,18948,0.00 percent
2023-07-07 22:35:23,(2(0)-1688733323:915940),systemResources.MEMORY_TOTAL,18944,944092 KB
2023-07-07 22:35:23,(2(0)-1688733323:915946),systemResources.MEMORY_USED,18945,771028 KB
2023-07-07 22:35:23,(2(0)-1688733323:915979),systemResources.FRAMEWORK_VERSION,18965,v3.2.0-39-gb3493ca03
2023-07-07 22:35:23,(2(0)-1688733323:915990),systemResources.PROJECT_VERSION,18966,v3.2.0-39-gb3493ca03
2023-07-07 22:35:24,(2(0)-1688733324:915442),systemResources.CPU_00,18949,0.00 percent
2023-07-07 22:35:24,(2(0)-1688733324:915639),systemResources.CPU_01,18950,0.00 percent
2023-07-07 22:35:24,(2(0)-1688733324:915830),systemResources.CPU_02,18951,0.00 percent
2023-07-07 22:35:24,(2(0)-1688733324:916019),systemResources.CPU_03,18952,0.00 percent
2023-07-07 22:35:24,(2(0)-1688733324:916026),systemResources.CPU,18948,0.00 percent
2023-07-07 22:35:24,(2(0)-1688733324:916050),systemResources.MEMORY_TOTAL,18944,944092 KB
2023-07-07 22:35:24,(2(0)-1688733324:916055),systemResources.MEMORY_USED,18945,771028 KB
2023-07-07 22:35:24,(2(0)-1688733324:916087),systemResources.FRAMEWORK_VERSION,18965,v3.2.0-39-gb3493ca03
2023-07-07 22:35:24,(2(0)-1688733324:916097),systemResources.PROJECT_VERSION,18966,v3.2.0-39-gb3493ca03
2023-07-07 22:35:25,(2(0)-1688733325:914801),blockDrv.BD_Cycles,256,19
2023-07-07 22:35:26,(2(0)-1688733326:915022),blockDrv.BD_Cycles,256,20
2023-07-07 22:35:25,(2(0)-1688733325:915584),systemResources.CPU_00,18949,0.00 percent
2023-07-07 22:35:25,(2(0)-1688733325:915783),systemResources.CPU_01,18950,0.00 percent
2023-07-07 22:35:25,(2(0)-1688733325:915972),systemResources.CPU_02,18951,0.00 percent
2023-07-07 22:35:25,(2(0)-1688733325:916161),systemResources.CPU_03,18952,0.00 percent
2023-07-07 22:35:25,(2(0)-1688733325:916167),systemResources.CPU,18948,0.00 percent
2023-07-07 22:35:25,(2(0)-1688733325:916190),systemResources.MEMORY_TOTAL,18944,944092 KB
2023-07-07 22:35:25,(2(0)-1688733325:916195),systemResources.MEMORY_USED,18945,771028 KB
2023-07-07 22:35:25,(2(0)-1688733325:916227),systemResources.FRAMEWORK_VERSION,18965,v3.2.0-39-gb3493ca03
2023-07-07 22:35:25,(2(0)-1688733325:916237),systemResources.PROJECT_VERSION,18966,v3.2.0-39-gb3493ca03
2023-07-07 22:35:26,(2(0)-1688733326:916084),systemResources.CPU_00,18949,0.00 percent
2023-07-07 22:35:26,(2(0)-1688733326:916282),systemResources.CPU_01,18950,3.96 percent
2023-07-07 22:35:26,(2(0)-1688733326:916471),systemResources.CPU_02,18951,1.01 percent
2023-07-07 22:35:26,(2(0)-1688733326:916662),systemResources.CPU_03,18952,2.00 percent
2023-07-07 22:35:26,(2(0)-1688733326:916667),systemResources.CPU,18948,1.74 percent
2023-07-07 22:35:26,(2(0)-1688733326:916691),systemResources.MEMORY_TOTAL,18944,944092 KB
2023-07-07 22:35:26,(2(0)-1688733326:916697),systemResources.MEMORY_USED,18945,771028 KB
2023-07-07 22:35:26,(2(0)-1688733326:916730),systemResources.FRAMEWORK_VERSION,18965,v3.2.0-39-gb3493ca03
2023-07-07 22:35:26,(2(0)-1688733326:916739),systemResources.PROJECT_VERSION,18966,v3.2.0-39-gb3493ca03
2023-07-07 22:35:26,(2(0)-1688733326:916767),rateGroup1.RgMaxTime,512,1829 us
2023-07-07 22:35:27,(2(0)-1688733327:915203),blockDrv.BD_Cycles,256,21
2023-07-07 22:35:28,(2(0)-1688733328:915389),blockDrv.BD_Cycles,256,22
2023-07-07 22:35:27,(2(0)-1688733327:915737),systemResources.CPU_00,18949,0.00 percent
2023-07-07 22:35:27,(2(0)-1688733327:915937),systemResources.CPU_01,18950,0.00 percent
2023-07-07 22:35:27,(2(0)-1688733327:916124),systemResources.CPU_02,18951,0.00 percent
2023-07-07 22:35:27,(2(0)-1688733327:916313),systemResources.CPU_03,18952,0.00 percent
2023-07-07 22:35:27,(2(0)-1688733327:916319),systemResources.CPU,18948,0.00 percent
2023-07-07 22:35:27,(2(0)-1688733327:916342),systemResources.MEMORY_TOTAL,18944,944092 KB
2023-07-07 22:35:27,(2(0)-1688733327:916347),systemResources.MEMORY_USED,18945,771028 KB
2023-07-07 22:35:27,(2(0)-1688733327:916380),systemResources.FRAMEWORK_VERSION,18965,v3.2.0-39-gb3493ca03
2023-07-07 22:35:27,(2(0)-1688733327:916390),systemResources.PROJECT_VERSION,18966,v3.2.0-39-gb3493ca03
2023-07-07 22:35:28,(2(0)-1688733328:916048),systemResources.CPU_00,18949,0.00 percent
2023-07-07 22:35:28,(2(0)-1688733328:916241),systemResources.CPU_01,18950,0.00 percent
2023-07-07 22:35:28,(2(0)-1688733328:916433),systemResources.CPU_02,18951,0.00 percent
2023-07-07 22:35:28,(2(0)-1688733328:916620),systemResources.CPU_03,18952,12.90 percent
2023-07-07 22:35:28,(2(0)-1688733328:916627),systemResources.CPU,18948,3.23 percent
2023-07-07 22:35:28,(2(0)-1688733328:916652),systemResources.MEMORY_TOTAL,18944,944092 KB
2023-07-07 22:35:28,(2(0)-1688733328:916658),systemResources.MEMORY_USED,18945,771028 KB
2023-07-07 22:35:28,(2(0)-1688733328:916690),systemResources.FRAMEWORK_VERSION,18965,v3.2.0-39-gb3493ca03
2023-07-07 22:35:28,(2(0)-1688733328:916700),systemResources.PROJECT_VERSION,18966,v3.2.0-39-gb3493ca03
2023-07-07 22:35:29,(2(0)-1688733329:915552),blockDrv.BD_Cycles,256,23
2023-07-07 22:35:30,(2(0)-1688733330:915741),blockDrv.BD_Cycles,256,24
2023-07-07 22:35:29,(2(0)-1688733329:916116),systemResources.CPU_00,18949,11.83 percent
2023-07-07 22:35:29,(2(0)-1688733329:916318),systemResources.CPU_01,18950,8.42 percent
2023-07-07 22:35:29,(2(0)-1688733329:916507),systemResources.CPU_02,18951,0.00 percent
2023-07-07 22:35:29,(2(0)-1688733329:916696),systemResources.CPU_03,18952,6.12 percent
2023-07-07 22:35:29,(2(0)-1688733329:916702),systemResources.CPU,18948,6.59 percent
2023-07-07 22:35:29,(2(0)-1688733329:916726),systemResources.MEMORY_TOTAL,18944,944092 KB
2023-07-07 22:35:29,(2(0)-1688733329:916731),systemResources.MEMORY_USED,18945,771028 KB
2023-07-07 22:35:29,(2(0)-1688733329:916763),systemResources.FRAMEWORK_VERSION,18965,v3.2.0-39-gb3493ca03
2023-07-07 22:35:29,(2(0)-1688733329:916773),systemResources.PROJECT_VERSION,18966,v3.2.0-39-gb3493ca03
2023-07-07 22:35:30,(2(0)-1688733330:916322),systemResources.CPU_00,18949,15.05 percent
2023-07-07 22:35:30,(2(0)-1688733330:916531),systemResources.CPU_01,18950,0.00 percent
2023-07-07 22:35:30,(2(0)-1688733330:916722),systemResources.CPU_02,18951,0.00 percent
2023-07-07 22:35:30,(2(0)-1688733330:916935),systemResources.CPU_03,18952,11.70 percent
2023-07-07 22:35:30,(2(0)-1688733330:916941),systemResources.CPU,18948,6.69 percent
2023-07-07 22:35:30,(2(0)-1688733330:916966),systemResources.MEMORY_TOTAL,18944,944092 KB
2023-07-07 22:35:30,(2(0)-1688733330:916971),systemResources.MEMORY_USED,18945,771028 KB
2023-07-07 22:35:30,(2(0)-1688733330:917004),systemResources.FRAMEWORK_VERSION,18965,v3.2.0-39-gb3493ca03
2023-07-07 22:35:30,(2(0)-1688733330:917013),systemResources.PROJECT_VERSION,18966,v3.2.0-39-gb3493ca03
2023-07-07 22:35:31,(2(0)-1688733331:915886),blockDrv.BD_Cycles,256,25
2023-07-07 22:35:32,(2(0)-1688733332:916049),blockDrv.BD_Cycles,256,26
2023-07-07 22:35:31,(2(0)-1688733331:916413),systemResources.CPU_00,18949,0.00 percent
2023-07-07 22:35:31,(2(0)-1688733331:916617),systemResources.CPU_01,18950,0.00 percent
2023-07-07 22:35:31,(2(0)-1688733331:916806),systemResources.CPU_02,18951,0.00 percent
2023-07-07 22:35:31,(2(0)-1688733331:916993),systemResources.CPU_03,18952,2.02 percent
2023-07-07 22:35:31,(2(0)-1688733331:916999),systemResources.CPU,18948,0.51 percent
2023-07-07 22:35:31,(2(0)-1688733331:917023),systemResources.MEMORY_TOTAL,18944,944092 KB
2023-07-07 22:35:31,(2(0)-1688733331:917029),systemResources.MEMORY_USED,18945,771028 KB
2023-07-07 22:35:31,(2(0)-1688733331:917061),systemResources.FRAMEWORK_VERSION,18965,v3.2.0-39-gb3493ca03
2023-07-07 22:35:31,(2(0)-1688733331:917071),systemResources.PROJECT_VERSION,18966,v3.2.0-39-gb3493ca03
2023-07-07 22:35:32,(2(0)-1688733332:916554),systemResources.CPU_00,18949,0.00 percent
2023-07-07 22:35:32,(2(0)-1688733332:916752),systemResources.CPU_01,18950,0.00 percent
2023-07-07 22:35:32,(2(0)-1688733332:916942),systemResources.CPU_02,18951,0.00 percent
2023-07-07 22:35:32,(2(0)-1688733332:917130),systemResources.CPU_03,18952,0.00 percent
2023-07-07 22:35:32,(2(0)-1688733332:917136),systemResources.CPU,18948,0.00 percent
2023-07-07 22:35:32,(2(0)-1688733332:917162),systemResources.MEMORY_TOTAL,18944,944092 KB
2023-07-07 22:35:32,(2(0)-1688733332:917167),systemResources.MEMORY_USED,18945,771028 KB
2023-07-07 22:35:32,(2(0)-1688733332:917199),systemResources.FRAMEWORK_VERSION,18965,v3.2.0-39-gb3493ca03
2023-07-07 22:35:32,(2(0)-1688733332:917208),systemResources.PROJECT_VERSION,18966,v3.2.0-39-gb3493ca03
2023-07-07 22:35:33,(2(0)-1688733333:916195),blockDrv.BD_Cycles,256,27
2023-07-07 22:35:34,(2(0)-1688733334:916388),blockDrv.BD_Cycles,256,28
2023-07-07 22:35:33,(2(0)-1688733333:916709),systemResources.CPU_00,18949,0.00 percent
2023-07-07 22:35:33,(2(0)-1688733333:916908),systemResources.CPU_01,18950,0.00 percent
2023-07-07 22:35:33,(2(0)-1688733333:917098),systemResources.CPU_02,18951,0.00 percent
2023-07-07 22:35:33,(2(0)-1688733333:917286),systemResources.CPU_03,18952,0.00 percent
2023-07-07 22:35:33,(2(0)-1688733333:917292),systemResources.CPU,18948,0.00 percent
2023-07-07 22:35:33,(2(0)-1688733333:917316),systemResources.MEMORY_TOTAL,18944,944092 KB
2023-07-07 22:35:33,(2(0)-1688733333:917321),systemResources.MEMORY_USED,18945,771028 KB
2023-07-07 22:35:33,(2(0)-1688733333:917354),systemResources.FRAMEWORK_VERSION,18965,v3.2.0-39-gb3493ca03
2023-07-07 22:35:33,(2(0)-1688733333:917364),systemResources.PROJECT_VERSION,18966,v3.2.0-39-gb3493ca03
2023-07-07 22:35:34,(2(0)-1688733334:916906),systemResources.CPU_00,18949,0.00 percent
2023-07-07 22:35:34,(2(0)-1688733334:917116),systemResources.CPU_01,18950,0.00 percent
2023-07-07 22:35:34,(2(0)-1688733334:917309),systemResources.CPU_02,18951,0.00 percent
2023-07-07 22:35:34,(2(0)-1688733334:917497),systemResources.CPU_03,18952,0.00 percent
2023-07-07 22:35:34,(2(0)-1688733334:917505),systemResources.CPU,18948,0.00 percent
2023-07-07 22:35:34,(2(0)-1688733334:917529),systemResources.MEMORY_TOTAL,18944,944092 KB
2023-07-07 22:35:34,(2(0)-1688733334:917535),systemResources.MEMORY_USED,18945,771028 KB
2023-07-07 22:35:34,(2(0)-1688733334:917566),systemResources.FRAMEWORK_VERSION,18965,v3.2.0-39-gb3493ca03
2023-07-07 22:35:34,(2(0)-1688733334:917577),systemResources.PROJECT_VERSION,18966,v3.2.0-39-gb3493ca03
2023-07-07 22:35:35,(2(0)-1688733335:916568),blockDrv.BD_Cycles,256,29
2023-07-07 22:35:36,(2(0)-1688733336:916767),blockDrv.BD_Cycles,256,30
2023-07-07 22:35:35,(2(0)-1688733335:917163),systemResources.CPU_00,18949,1.00 percent
2023-07-07 22:35:35,(2(0)-1688733335:917364),systemResources.CPU_01,18950,0.99 percent
2023-07-07 22:35:35,(2(0)-1688733335:917554),systemResources.CPU_02,18951,1.01 percent
2023-07-07 22:35:35,(2(0)-1688733335:917741),systemResources.CPU_03,18952,0.00 percent
2023-07-07 22:35:35,(2(0)-1688733335:917747),systemResources.CPU,18948,0.75 percent
2023-07-07 22:35:35,(2(0)-1688733335:917770),systemResources.MEMORY_TOTAL,18944,944092 KB
2023-07-07 22:35:35,(2(0)-1688733335:917777),systemResources.MEMORY_USED,18945,771028 KB
2023-07-07 22:35:35,(2(0)-1688733335:917811),systemResources.FRAMEWORK_VERSION,18965,v3.2.0-39-gb3493ca03
2023-07-07 22:35:35,(2(0)-1688733335:917820),systemResources.PROJECT_VERSION,18966,v3.2.0-39-gb3493ca03
2023-07-07 22:35:36,(2(0)-1688733336:657508),cmdDisp.CommandsDispatched,1280,1
2023-07-07 22:35:36,(2(0)-1688733336:658941),fileManager.CommandsExecuted,2048,1
2023-07-07 22:35:36,(2(0)-1688733336:917715),systemResources.CPU_00,18949,0.00 percent
2023-07-07 22:35:36,(2(0)-1688733336:917911),systemResources.CPU_01,18950,0.00 percent
2023-07-07 22:35:36,(2(0)-1688733336:918175),systemResources.CPU_02,18951,14.85 percent
2023-07-07 22:35:36,(2(0)-1688733336:918367),systemResources.CPU_03,18952,0.99 percent
2023-07-07 22:35:36,(2(0)-1688733336:918373),systemResources.CPU,18948,3.96 percent
2023-07-07 22:35:36,(2(0)-1688733336:918397),systemResources.MEMORY_TOTAL,18944,944092 KB
2023-07-07 22:35:36,(2(0)-1688733336:918403),systemResources.MEMORY_USED,18945,771028 KB
2023-07-07 22:35:36,(2(0)-1688733336:918435),systemResources.FRAMEWORK_VERSION,18965,v3.2.0-39-gb3493ca03
2023-07-07 22:35:36,(2(0)-1688733336:918445),systemResources.PROJECT_VERSION,18966,v3.2.0-39-gb3493ca03
2023-07-07 22:35:37,(2(0)-1688733337:916942),blockDrv.BD_Cycles,256,31
2023-07-07 22:35:38,(2(0)-1688733338:917124),blockDrv.BD_Cycles,256,32
2023-07-07 22:35:37,(2(0)-1688733337:917723),systemResources.CPU_00,18949,0.00 percent
2023-07-07 22:35:37,(2(0)-1688733337:917921),systemResources.CPU_01,18950,0.99 percent
2023-07-07 22:35:37,(2(0)-1688733337:918174),systemResources.CPU_02,18951,0.00 percent
2023-07-07 22:35:37,(2(0)-1688733337:918365),systemResources.CPU_03,18952,0.00 percent
2023-07-07 22:35:37,(2(0)-1688733337:918372),systemResources.CPU,18948,0.25 percent
2023-07-07 22:35:37,(2(0)-1688733337:918395),systemResources.MEMORY_TOTAL,18944,944092 KB
2023-07-07 22:35:37,(2(0)-1688733337:918401),systemResources.MEMORY_USED,18945,771028 KB
2023-07-07 22:35:37,(2(0)-1688733337:918432),systemResources.FRAMEWORK_VERSION,18965,v3.2.0-39-gb3493ca03
2023-07-07 22:35:37,(2(0)-1688733337:918443),systemResources.PROJECT_VERSION,18966,v3.2.0-39-gb3493ca03
2023-07-07 22:35:38,(2(0)-1688733338:918041),systemResources.CPU_00,18949,0.00 percent
2023-07-07 22:35:38,(2(0)-1688733338:918316),systemResources.CPU_01,18950,1.96 percent
2023-07-07 22:35:38,(2(0)-1688733338:917865),fileUplinkBufferManager.HiBuffs,17410,1
2023-07-07 22:35:38,(2(0)-1688733338:918508),systemResources.CPU_02,18951,0.99 percent
2023-07-07 22:35:38,(2(0)-1688733338:918698),systemResources.CPU_03,18952,0.00 percent
2023-07-07 22:35:38,(2(0)-1688733338:918704),systemResources.CPU,18948,0.74 percent
2023-07-07 22:35:38,(2(0)-1688733338:918728),systemResources.MEMORY_TOTAL,18944,944092 KB
2023-07-07 22:35:38,(2(0)-1688733338:918734),systemResources.MEMORY_USED,18945,771028 KB
2023-07-07 22:35:38,(2(0)-1688733338:918765),systemResources.FRAMEWORK_VERSION,18965,v3.2.0-39-gb3493ca03
2023-07-07 22:35:38,(2(0)-1688733338:918777),systemResources.PROJECT_VERSION,18966,v3.2.0-39-gb3493ca03
2023-07-07 22:35:39,(2(0)-1688733339:917272),blockDrv.BD_Cycles,256,33
2023-07-07 22:35:40,(2(0)-1688733340:917435),blockDrv.BD_Cycles,256,34
2023-07-07 22:35:39,(2(0)-1688733339:918078),systemResources.CPU_00,18949,0.00 percent
2023-07-07 22:35:39,(2(0)-1688733339:918340),systemResources.CPU_01,18950,0.99 percent
2023-07-07 22:35:39,(2(0)-1688733339:918531),systemResources.CPU_02,18951,0.00 percent
2023-07-07 22:35:39,(2(0)-1688733339:918718),systemResources.CPU_03,18952,0.00 percent
2023-07-07 22:35:39,(2(0)-1688733339:918727),systemResources.CPU,18948,0.25 percent
2023-07-07 22:35:39,(2(0)-1688733339:918749),systemResources.MEMORY_TOTAL,18944,944092 KB
2023-07-07 22:35:39,(2(0)-1688733339:918754),systemResources.MEMORY_USED,18945,771028 KB
2023-07-07 22:35:39,(2(0)-1688733339:918787),systemResources.FRAMEWORK_VERSION,18965,v3.2.0-39-gb3493ca03
2023-07-07 22:35:39,(2(0)-1688733339:918797),systemResources.PROJECT_VERSION,18966,v3.2.0-39-gb3493ca03
2023-07-07 22:35:40,(2(0)-1688733340:918258),systemResources.CPU_00,18949,1.00 percent
2023-07-07 22:35:40,(2(0)-1688733340:918459),systemResources.CPU_01,18950,0.99 percent
2023-07-07 22:35:40,(2(0)-1688733340:918651),systemResources.CPU_02,18951,0.00 percent
2023-07-07 22:35:40,(2(0)-1688733340:918840),systemResources.CPU_03,18952,0.00 percent
2023-07-07 22:35:40,(2(0)-1688733340:918846),systemResources.CPU,18948,0.50 percent
2023-07-07 22:35:40,(2(0)-1688733340:918870),systemResources.MEMORY_TOTAL,18944,944092 KB
2023-07-07 22:35:40,(2(0)-1688733340:918874),systemResources.MEMORY_USED,18945,771028 KB
2023-07-07 22:35:40,(2(0)-1688733340:918907),systemResources.FRAMEWORK_VERSION,18965,v3.2.0-39-gb3493ca03
2023-07-07 22:35:40,(2(0)-1688733340:918916),systemResources.PROJECT_VERSION,18966,v3.2.0-39-gb3493ca03
2023-07-07 22:35:41,(2(0)-1688733341:917593),blockDrv.BD_Cycles,256,35
2023-07-07 22:35:42,(2(0)-1688733342:917778),blockDrv.BD_Cycles,256,36
2023-07-07 22:35:41,(2(0)-1688733341:918495),systemResources.CPU_00,18949,0.00 percent
2023-07-07 22:35:41,(2(0)-1688733341:918693),systemResources.CPU_01,18950,1.00 percent
2023-07-07 22:35:41,(2(0)-1688733341:918881),systemResources.CPU_02,18951,0.00 percent
2023-07-07 22:35:41,(2(0)-1688733341:919070),systemResources.CPU_03,18952,19.78 percent
2023-07-07 22:35:41,(2(0)-1688733341:919077),systemResources.CPU,18948,5.20 percent
2023-07-07 22:35:41,(2(0)-1688733341:919101),systemResources.MEMORY_TOTAL,18944,944092 KB
2023-07-07 22:35:41,(2(0)-1688733341:919106),systemResources.MEMORY_USED,18945,771028 KB
2023-07-07 22:35:41,(2(0)-1688733341:919138),systemResources.FRAMEWORK_VERSION,18965,v3.2.0-39-gb3493ca03
2023-07-07 22:35:41,(2(0)-1688733341:919148),systemResources.PROJECT_VERSION,18966,v3.2.0-39-gb3493ca03
2023-07-07 22:35:42,(2(0)-1688733342:918761),systemResources.CPU_00,18949,1.00 percent
2023-07-07 22:35:42,(2(0)-1688733342:918967),systemResources.CPU_01,18950,0.99 percent
2023-07-07 22:35:42,(2(0)-1688733342:919157),systemResources.CPU_02,18951,1.00 percent
2023-07-07 22:35:42,(2(0)-1688733342:919346),systemResources.CPU_03,18952,28.41 percent
2023-07-07 22:35:42,(2(0)-1688733342:919353),systemResources.CPU,18948,7.85 percent
2023-07-07 22:35:42,(2(0)-1688733342:919375),systemResources.MEMORY_TOTAL,18944,944092 KB
2023-07-07 22:35:42,(2(0)-1688733342:919383),systemResources.MEMORY_USED,18945,771028 KB
2023-07-07 22:35:42,(2(0)-1688733342:919417),systemResources.FRAMEWORK_VERSION,18965,v3.2.0-39-gb3493ca03
2023-07-07 22:35:42,(2(0)-1688733342:919428),systemResources.PROJECT_VERSION,18966,v3.2.0-39-gb3493ca03
2023-07-07 22:35:43,(2(0)-1688733343:917936),blockDrv.BD_Cycles,256,37
2023-07-07 22:35:44,(2(0)-1688733344:918139),blockDrv.BD_Cycles,256,38
2023-07-07 22:35:43,(2(0)-1688733343:918783),systemResources.CPU_00,18949,0.00 percent
2023-07-07 22:35:43,(2(0)-1688733343:918978),systemResources.CPU_01,18950,1.00 percent
2023-07-07 22:35:43,(2(0)-1688733343:919168),systemResources.CPU_02,18951,0.00 percent
2023-07-07 22:35:43,(2(0)-1688733343:919355),systemResources.CPU_03,18952,23.60 percent
2023-07-07 22:35:43,(2(0)-1688733343:919362),systemResources.CPU,18948,6.15 percent
2023-07-07 22:35:43,(2(0)-1688733343:919384),systemResources.MEMORY_TOTAL,18944,944092 KB
2023-07-07 22:35:43,(2(0)-1688733343:919389),systemResources.MEMORY_USED,18945,771028 KB
2023-07-07 22:35:43,(2(0)-1688733343:919423),systemResources.FRAMEWORK_VERSION,18965,v3.2.0-39-gb3493ca03
2023-07-07 22:35:43,(2(0)-1688733343:919433),systemResources.PROJECT_VERSION,18966,v3.2.0-39-gb3493ca03
2023-07-07 22:35:44,(2(0)-1688733344:918679),systemResources.CPU_00,18949,0.00 percent
2023-07-07 22:35:44,(2(0)-1688733344:918876),systemResources.CPU_01,18950,0.99 percent
2023-07-07 22:35:44,(2(0)-1688733344:919065),systemResources.CPU_02,18951,0.00 percent
2023-07-07 22:35:44,(2(0)-1688733344:919250),systemResources.CPU_03,18952,0.00 percent
2023-07-07 22:35:44,(2(0)-1688733344:919256),systemResources.CPU,18948,0.25 percent
2023-07-07 22:35:44,(2(0)-1688733344:919279),systemResources.MEMORY_TOTAL,18944,944092 KB
2023-07-07 22:35:44,(2(0)-1688733344:919286),systemResources.MEMORY_USED,18945,771028 KB
2023-07-07 22:35:44,(2(0)-1688733344:919319),systemResources.FRAMEWORK_VERSION,18965,v3.2.0-39-gb3493ca03
2023-07-07 22:35:44,(2(0)-1688733344:919329),systemResources.PROJECT_VERSION,18966,v3.2.0-39-gb3493ca03
2023-07-07 22:35:45,(2(0)-1688733345:918286),blockDrv.BD_Cycles,256,39
2023-07-07 22:35:46,(2(0)-1688733346:918487),blockDrv.BD_Cycles,256,40
2023-07-07 22:35:45,(2(0)-1688733345:918768),systemResources.CPU_00,18949,0.00 percent
2023-07-07 22:35:45,(2(0)-1688733345:918963),systemResources.CPU_01,18950,0.00 percent
2023-07-07 22:35:45,(2(0)-1688733345:919150),systemResources.CPU_02,18951,0.00 percent
2023-07-07 22:35:45,(2(0)-1688733345:919335),systemResources.CPU_03,18952,0.00 percent
2023-07-07 22:35:45,(2(0)-1688733345:919341),systemResources.CPU,18948,0.00 percent
2023-07-07 22:35:45,(2(0)-1688733345:919362),systemResources.MEMORY_TOTAL,18944,944092 KB
2023-07-07 22:35:45,(2(0)-1688733345:919369),systemResources.MEMORY_USED,18945,771028 KB
2023-07-07 22:35:45,(2(0)-1688733345:919399),systemResources.FRAMEWORK_VERSION,18965,v3.2.0-39-gb3493ca03
2023-07-07 22:35:45,(2(0)-1688733345:919409),systemResources.PROJECT_VERSION,18966,v3.2.0-39-gb3493ca03
2023-07-07 22:35:46,(2(0)-1688733346:919070),systemResources.CPU_00,18949,1.01 percent
2023-07-07 22:35:46,(2(0)-1688733346:919299),systemResources.CPU_01,18950,0.00 percent
2023-07-07 22:35:46,(2(0)-1688733346:919681),rateGroup3.RgMaxTime,1024,1268 us
2023-07-07 22:35:46,(2(0)-1688733346:919498),systemResources.CPU_02,18951,1.00 percent
2023-07-07 22:35:46,(2(0)-1688733346:919690),systemResources.CPU_03,18952,0.00 percent
2023-07-07 22:35:46,(2(0)-1688733346:919698),systemResources.CPU,18948,0.50 percent
2023-07-07 22:35:46,(2(0)-1688733346:919728),systemResources.MEMORY_TOTAL,18944,944092 KB
2023-07-07 22:35:46,(2(0)-1688733346:919733),systemResources.MEMORY_USED,18945,771028 KB
2023-07-07 22:35:46,(2(0)-1688733346:919769),systemResources.FRAMEWORK_VERSION,18965,v3.2.0-39-gb3493ca03
2023-07-07 22:35:46,(2(0)-1688733346:919779),systemResources.PROJECT_VERSION,18966,v3.2.0-39-gb3493ca03
2023-07-07 22:35:47,(2(0)-1688733347:918707),blockDrv.BD_Cycles,256,41
2023-07-07 22:35:48,(2(0)-1688733348:918916),blockDrv.BD_Cycles,256,42
2023-07-07 22:35:47,(2(0)-1688733347:919255),systemResources.CPU_00,18949,0.00 percent
2023-07-07 22:35:47,(2(0)-1688733347:919449),systemResources.CPU_01,18950,0.00 percent
2023-07-07 22:35:47,(2(0)-1688733347:919635),systemResources.CPU_02,18951,3.96 percent
2023-07-07 22:35:47,(2(0)-1688733347:919820),systemResources.CPU_03,18952,0.00 percent
2023-07-07 22:35:47,(2(0)-1688733347:919826),systemResources.CPU,18948,0.99 percent
2023-07-07 22:35:47,(2(0)-1688733347:919848),systemResources.MEMORY_TOTAL,18944,944092 KB
2023-07-07 22:35:47,(2(0)-1688733347:919855),systemResources.MEMORY_USED,18945,771028 KB
2023-07-07 22:35:47,(2(0)-1688733347:919887),systemResources.FRAMEWORK_VERSION,18965,v3.2.0-39-gb3493ca03
2023-07-07 22:35:47,(2(0)-1688733347:919897),systemResources.PROJECT_VERSION,18966,v3.2.0-39-gb3493ca03
2023-07-07 22:35:48,(2(0)-1688733348:919508),systemResources.CPU_00,18949,1.02 percent
2023-07-07 22:35:48,(2(0)-1688733348:919710),systemResources.CPU_01,18950,0.00 percent
2023-07-07 22:35:48,(2(0)-1688733348:919900),systemResources.CPU_02,18951,13.86 percent
2023-07-07 22:35:48,(2(0)-1688733348:920085),systemResources.CPU_03,18952,14.43 percent
2023-07-07 22:35:48,(2(0)-1688733348:920092),systemResources.CPU,18948,7.33 percent
2023-07-07 22:35:48,(2(0)-1688733348:920117),systemResources.MEMORY_TOTAL,18944,944092 KB
2023-07-07 22:35:48,(2(0)-1688733348:920122),systemResources.MEMORY_USED,18945,771028 KB
2023-07-07 22:35:48,(2(0)-1688733348:920157),systemResources.FRAMEWORK_VERSION,18965,v3.2.0-39-gb3493ca03
2023-07-07 22:35:48,(2(0)-1688733348:920167),systemResources.PROJECT_VERSION,18966,v3.2.0-39-gb3493ca03
2023-07-07 22:35:49,(2(0)-1688733349:919102),blockDrv.BD_Cycles,256,43
2023-07-07 22:35:50,(2(0)-1688733350:919312),blockDrv.BD_Cycles,256,44
2023-07-07 22:35:49,(2(0)-1688733349:919670),systemResources.CPU_00,18949,1.02 percent
2023-07-07 22:35:49,(2(0)-1688733349:919870),systemResources.CPU_01,18950,0.00 percent
2023-07-07 22:35:49,(2(0)-1688733349:920058),systemResources.CPU_02,18951,5.00 percent
2023-07-07 22:35:49,(2(0)-1688733349:920244),systemResources.CPU_03,18952,12.00 percent
2023-07-07 22:35:49,(2(0)-1688733349:920250),systemResources.CPU,18948,4.51 percent
2023-07-07 22:35:49,(2(0)-1688733349:920273),systemResources.MEMORY_TOTAL,18944,944092 KB
2023-07-07 22:35:49,(2(0)-1688733349:920279),systemResources.MEMORY_USED,18945,771028 KB
2023-07-07 22:35:49,(2(0)-1688733349:920315),systemResources.FRAMEWORK_VERSION,18965,v3.2.0-39-gb3493ca03
2023-07-07 22:35:49,(2(0)-1688733349:920325),systemResources.PROJECT_VERSION,18966,v3.2.0-39-gb3493ca03
2023-07-07 22:35:50,(2(0)-1688733350:920251),systemResources.CPU_00,18949,1.01 percent
2023-07-07 22:35:50,(2(0)-1688733350:920450),systemResources.CPU_01,18950,14.00 percent
2023-07-07 22:35:50,(2(0)-1688733350:920637),systemResources.CPU_02,18951,12.00 percent
2023-07-07 22:35:50,(2(0)-1688733350:920825),systemResources.CPU_03,18952,5.00 percent
2023-07-07 22:35:50,(2(0)-1688733350:920831),systemResources.CPU,18948,8.00 percent
2023-07-07 22:35:50,(2(0)-1688733350:920855),systemResources.MEMORY_TOTAL,18944,944092 KB
2023-07-07 22:35:50,(2(0)-1688733350:920861),systemResources.MEMORY_USED,18945,771028 KB
2023-07-07 22:35:50,(2(0)-1688733350:920894),systemResources.FRAMEWORK_VERSION,18965,v3.2.0-39-gb3493ca03
2023-07-07 22:35:50,(2(0)-1688733350:920904),systemResources.PROJECT_VERSION,18966,v3.2.0-39-gb3493ca03
2023-07-07 22:35:51,(2(0)-1688733351:919510),blockDrv.BD_Cycles,256,45
2023-07-07 22:35:52,(2(0)-1688733352:919716),blockDrv.BD_Cycles,256,46
2023-07-07 22:35:51,(2(0)-1688733351:920421),systemResources.CPU_00,18949,3.00 percent
2023-07-07 22:35:51,(2(0)-1688733351:920612),systemResources.CPU_01,18950,33.67 percent
2023-07-07 22:35:51,(2(0)-1688733351:920799),systemResources.CPU_02,18951,7.07 percent
2023-07-07 22:35:51,(2(0)-1688733351:920986),systemResources.CPU_03,18952,0.00 percent
2023-07-07 22:35:51,(2(0)-1688733351:920993),systemResources.CPU,18948,10.94 percent
2023-07-07 22:35:51,(2(0)-1688733351:921018),systemResources.MEMORY_TOTAL,18944,944092 KB
2023-07-07 22:35:51,(2(0)-1688733351:921024),systemResources.MEMORY_USED,18945,771028 KB
2023-07-07 22:35:51,(2(0)-1688733351:921055),systemResources.FRAMEWORK_VERSION,18965,v3.2.0-39-gb3493ca03
2023-07-07 22:35:51,(2(0)-1688733351:921067),systemResources.PROJECT_VERSION,18966,v3.2.0-39-gb3493ca03
2023-07-07 22:35:52,(2(0)-1688733352:920612),systemResources.CPU_00,18949,1.02 percent
2023-07-07 22:35:52,(2(0)-1688733352:920809),systemResources.CPU_01,18950,6.93 percent
2023-07-07 22:35:52,(2(0)-1688733352:920994),systemResources.CPU_02,18951,5.94 percent
2023-07-07 22:35:52,(2(0)-1688733352:921180),systemResources.CPU_03,18952,0.00 percent
2023-07-07 22:35:52,(2(0)-1688733352:921186),systemResources.CPU,18948,3.47 percent
2023-07-07 22:35:52,(2(0)-1688733352:921209),systemResources.MEMORY_TOTAL,18944,944092 KB
2023-07-07 22:35:52,(2(0)-1688733352:921216),systemResources.MEMORY_USED,18945,771028 KB
2023-07-07 22:35:52,(2(0)-1688733352:921250),systemResources.FRAMEWORK_VERSION,18965,v3.2.0-39-gb3493ca03
2023-07-07 22:35:52,(2(0)-1688733352:921262),systemResources.PROJECT_VERSION,18966,v3.2.0-39-gb3493ca03
2023-07-07 22:35:53,(2(0)-1688733353:919898),blockDrv.BD_Cycles,256,47
2023-07-07 22:35:54,(2(0)-1688733354:920110),blockDrv.BD_Cycles,256,48
2023-07-07 22:35:53,(2(0)-1688733353:920792),systemResources.CPU_00,18949,2.04 percent
2023-07-07 22:35:53,(2(0)-1688733353:920986),systemResources.CPU_01,18950,23.00 percent
2023-07-07 22:35:53,(2(0)-1688733353:921172),systemResources.CPU_02,18951,5.05 percent
2023-07-07 22:35:53,(2(0)-1688733353:921358),systemResources.CPU_03,18952,0.00 percent
2023-07-07 22:35:53,(2(0)-1688733353:921366),systemResources.CPU,18948,7.52 percent
2023-07-07 22:35:53,(2(0)-1688733353:921388),systemResources.MEMORY_TOTAL,18944,944092 KB
2023-07-07 22:35:53,(2(0)-1688733353:921394),systemResources.MEMORY_USED,18945,771028 KB
2023-07-07 22:35:53,(2(0)-1688733353:921426),systemResources.FRAMEWORK_VERSION,18965,v3.2.0-39-gb3493ca03
2023-07-07 22:35:53,(2(0)-1688733353:921437),systemResources.PROJECT_VERSION,18966,v3.2.0-39-gb3493ca03
2023-07-07 22:35:54,(2(0)-1688733354:921059),systemResources.CPU_00,18949,2.02 percent
2023-07-07 22:35:54,(2(0)-1688733354:921255),systemResources.CPU_01,18950,8.91 percent
2023-07-07 22:35:54,(2(0)-1688733354:921443),systemResources.CPU_02,18951,8.42 percent
2023-07-07 22:35:54,(2(0)-1688733354:921631),systemResources.CPU_03,18952,20.00 percent
2023-07-07 22:35:54,(2(0)-1688733354:921637),systemResources.CPU,18948,9.84 percent
2023-07-07 22:35:54,(2(0)-1688733354:921661),systemResources.MEMORY_TOTAL,18944,944092 KB
2023-07-07 22:35:54,(2(0)-1688733354:921666),systemResources.MEMORY_USED,18945,771280 KB
2023-07-07 22:35:54,(2(0)-1688733354:921700),systemResources.FRAMEWORK_VERSION,18965,v3.2.0-39-gb3493ca03
2023-07-07 22:35:54,(2(0)-1688733354:921709),systemResources.PROJECT_VERSION,18966,v3.2.0-39-gb3493ca03
2023-07-07 22:35:55,(2(0)-1688733355:920306),blockDrv.BD_Cycles,256,49
2023-07-07 22:35:56,(2(0)-1688733356:920580),blockDrv.BD_Cycles,256,50
2023-07-07 22:35:55,(2(0)-1688733355:921303),systemResources.CPU_00,18949,5.05 percent
2023-07-07 22:35:55,(2(0)-1688733355:921512),systemResources.CPU_01,18950,15.00 percent
2023-07-07 22:35:55,(2(0)-1688733355:921702),systemResources.CPU_02,18951,32.95 percent
2023-07-07 22:35:55,(2(0)-1688733355:921890),systemResources.CPU_03,18952,58.33 percent
2023-07-07 22:35:55,(2(0)-1688733355:921896),systemResources.CPU,18948,27.83 percent
2023-07-07 22:35:55,(2(0)-1688733355:921921),systemResources.MEMORY_TOTAL,18944,944092 KB
2023-07-07 22:35:55,(2(0)-1688733355:921927),systemResources.MEMORY_USED,18945,770572 KB
2023-07-07 22:35:55,(2(0)-1688733355:921960),systemResources.FRAMEWORK_VERSION,18965,v3.2.0-39-gb3493ca03
2023-07-07 22:35:55,(2(0)-1688733355:921971),systemResources.PROJECT_VERSION,18966,v3.2.0-39-gb3493ca03
2023-07-07 22:35:56,(2(0)-1688733356:921520),systemResources.CPU_00,18949,34.44 percent
2023-07-07 22:35:56,(2(0)-1688733356:921712),systemResources.CPU_01,18950,46.15 percent
2023-07-07 22:35:56,(2(0)-1688733356:921905),systemResources.CPU_02,18951,44.57 percent
2023-07-07 22:35:56,(2(0)-1688733356:922091),systemResources.CPU_03,18952,56.25 percent
2023-07-07 22:35:56,(2(0)-1688733356:922097),systemResources.CPU,18948,45.35 percent
2023-07-07 22:35:56,(2(0)-1688733356:922121),systemResources.MEMORY_TOTAL,18944,944092 KB
2023-07-07 22:35:56,(2(0)-1688733356:922127),systemResources.MEMORY_USED,18945,780976 KB
2023-07-07 22:35:56,(2(0)-1688733356:922161),systemResources.FRAMEWORK_VERSION,18965,v3.2.0-39-gb3493ca03
2023-07-07 22:35:56,(2(0)-1688733356:922172),systemResources.PROJECT_VERSION,18966,v3.2.0-39-gb3493ca03
2023-07-07 22:35:57,(2(0)-1688733357:920765),blockDrv.BD_Cycles,256,51
2023-07-07 22:35:58,(2(0)-1688733358:920992),blockDrv.BD_Cycles,256,52
2023-07-07 22:35:57,(2(0)-1688733357:921764),systemResources.CPU_00,18949,20.79 percent
2023-07-07 22:35:57,(2(0)-1688733357:921978),systemResources.CPU_01,18950,6.12 percent
2023-07-07 22:35:57,(2(0)-1688733357:922176),systemResources.CPU_02,18951,1.01 percent
2023-07-07 22:35:57,(2(0)-1688733357:922367),systemResources.CPU_03,18952,17.35 percent
2023-07-07 22:35:57,(2(0)-1688733357:922373),systemResources.CPU,18948,11.32 percent
2023-07-07 22:35:57,(2(0)-1688733357:922403),systemResources.MEMORY_TOTAL,18944,944092 KB
2023-07-07 22:35:57,(2(0)-1688733357:922411),systemResources.MEMORY_USED,18945,783744 KB
2023-07-07 22:35:57,(2(0)-1688733357:922452),systemResources.FRAMEWORK_VERSION,18965,v3.2.0-39-gb3493ca03
2023-07-07 22:35:57,(2(0)-1688733357:922465),systemResources.PROJECT_VERSION,18966,v3.2.0-39-gb3493ca03
2023-07-07 22:35:58,(2(0)-1688733358:921939),systemResources.CPU_00,18949,27.84 percent
2023-07-07 22:35:58,(2(0)-1688733358:922132),systemResources.CPU_01,18950,21.36 percent
2023-07-07 22:35:58,(2(0)-1688733358:922319),systemResources.CPU_02,18951,0.00 percent
2023-07-07 22:35:58,(2(0)-1688733358:922507),systemResources.CPU_03,18952,0.00 percent
2023-07-07 22:35:58,(2(0)-1688733358:922512),systemResources.CPU,18948,12.30 percent
2023-07-07 22:35:58,(2(0)-1688733358:922538),systemResources.MEMORY_TOTAL,18944,944092 KB
2023-07-07 22:35:58,(2(0)-1688733358:922543),systemResources.MEMORY_USED,18945,780432 KB
2023-07-07 22:35:58,(2(0)-1688733358:922576),systemResources.FRAMEWORK_VERSION,18965,v3.2.0-39-gb3493ca03
2023-07-07 22:35:58,(2(0)-1688733358:922586),systemResources.PROJECT_VERSION,18966,v3.2.0-39-gb3493ca03
2023-07-07 22:35:59,(2(0)-1688733359:921214),blockDrv.BD_Cycles,256,53
2023-07-07 22:36:00,(2(0)-1688733360:921430),blockDrv.BD_Cycles,256,54
2023-07-07 22:35:59,(2(0)-1688733359:922198),systemResources.CPU_00,18949,13.27 percent
2023-07-07 22:35:59,(2(0)-1688733359:922409),systemResources.CPU_01,18950,46.00 percent
2023-07-07 22:35:59,(2(0)-1688733359:922602),systemResources.CPU_02,18951,30.30 percent
2023-07-07 22:35:59,(2(0)-1688733359:922791),systemResources.CPU_03,18952,0.00 percent
2023-07-07 22:35:59,(2(0)-1688733359:922798),systemResources.CPU,18948,22.39 percent
2023-07-07 22:35:59,(2(0)-1688733359:922823),systemResources.MEMORY_TOTAL,18944,944092 KB
2023-07-07 22:35:59,(2(0)-1688733359:922828),systemResources.MEMORY_USED,18945,780432 KB
2023-07-07 22:35:59,(2(0)-1688733359:922861),systemResources.FRAMEWORK_VERSION,18965,v3.2.0-39-gb3493ca03
2023-07-07 22:35:59,(2(0)-1688733359:922873),systemResources.PROJECT_VERSION,18966,v3.2.0-39-gb3493ca03
2023-07-07 22:36:00,(2(0)-1688733360:922335),systemResources.CPU_00,18949,18.00 percent
2023-07-07 22:36:00,(2(0)-1688733360:922533),systemResources.CPU_01,18950,1.00 percent
2023-07-07 22:36:00,(2(0)-1688733360:922720),systemResources.CPU_02,18951,20.20 percent
2023-07-07 22:36:00,(2(0)-1688733360:922908),systemResources.CPU_03,18952,0.00 percent
2023-07-07 22:36:00,(2(0)-1688733360:922914),systemResources.CPU,18948,9.80 percent
2023-07-07 22:36:00,(2(0)-1688733360:922938),systemResources.MEMORY_TOTAL,18944,944092 KB
2023-07-07 22:36:00,(2(0)-1688733360:922943),systemResources.MEMORY_USED,18945,780432 KB
2023-07-07 22:36:00,(2(0)-1688733360:922976),systemResources.FRAMEWORK_VERSION,18965,v3.2.0-39-gb3493ca03
2023-07-07 22:36:00,(2(0)-1688733360:922986),systemResources.PROJECT_VERSION,18966,v3.2.0-39-gb3493ca03
2023-07-07 22:36:01,(2(0)-1688733361:921617),blockDrv.BD_Cycles,256,55
2023-07-07 22:36:02,(2(0)-1688733362:921870),blockDrv.BD_Cycles,256,56
2023-07-07 22:36:01,(2(0)-1688733361:922542),systemResources.CPU_00,18949,0.00 percent
2023-07-07 22:36:01,(2(0)-1688733361:922734),systemResources.CPU_01,18950,1.04 percent
2023-07-07 22:36:01,(2(0)-1688733361:922922),systemResources.CPU_02,18951,13.00 percent
2023-07-07 22:36:01,(2(0)-1688733361:923107),systemResources.CPU_03,18952,9.80 percent
2023-07-07 22:36:01,(2(0)-1688733361:923115),systemResources.CPU,18948,5.96 percent
2023-07-07 22:36:01,(2(0)-1688733361:923137),systemResources.MEMORY_TOTAL,18944,944092 KB
2023-07-07 22:36:01,(2(0)-1688733361:923144),systemResources.MEMORY_USED,18945,782700 KB
2023-07-07 22:36:01,(2(0)-1688733361:923176),systemResources.FRAMEWORK_VERSION,18965,v3.2.0-39-gb3493ca03
2023-07-07 22:36:01,(2(0)-1688733361:923187),systemResources.PROJECT_VERSION,18966,v3.2.0-39-gb3493ca03
2023-07-07 22:36:02,(2(0)-1688733362:922922),systemResources.CPU_00,18949,0.00 percent
2023-07-07 22:36:02,(2(0)-1688733362:923138),systemResources.CPU_01,18950,2.00 percent
2023-07-07 22:36:02,(2(0)-1688733362:923327),systemResources.CPU_02,18951,17.35 percent
2023-07-07 22:36:02,(2(0)-1688733362:923514),systemResources.CPU_03,18952,22.86 percent
2023-07-07 22:36:02,(2(0)-1688733362:923520),systemResources.CPU,18948,10.55 percent
2023-07-07 22:36:02,(2(0)-1688733362:923546),systemResources.MEMORY_TOTAL,18944,944092 KB
2023-07-07 22:36:02,(2(0)-1688733362:923552),systemResources.MEMORY_USED,18945,782700 KB
2023-07-07 22:36:02,(2(0)-1688733362:923589),systemResources.FRAMEWORK_VERSION,18965,v3.2.0-39-gb3493ca03
2023-07-07 22:36:02,(2(0)-1688733362:923599),systemResources.PROJECT_VERSION,18966,v3.2.0-39-gb3493ca03
2023-07-07 22:36:02,(2(0)-1688733362:923617),rateGroup1.RgMaxTime,512,1863 us
2023-07-07 22:36:03,(2(0)-1688733363:922037),blockDrv.BD_Cycles,256,57
2023-07-07 22:36:04,(2(0)-1688733364:922247),blockDrv.BD_Cycles,256,58
2023-07-07 22:36:03,(2(0)-1688733363:922587),systemResources.CPU_00,18949,0.00 percent
2023-07-07 22:36:03,(2(0)-1688733363:922781),systemResources.CPU_01,18950,0.00 percent
2023-07-07 22:36:03,(2(0)-1688733363:922969),systemResources.CPU_02,18951,4.00 percent
2023-07-07 22:36:03,(2(0)-1688733363:923154),systemResources.CPU_03,18952,5.94 percent
2023-07-07 22:36:03,(2(0)-1688733363:923161),systemResources.CPU,18948,2.49 percent
2023-07-07 22:36:03,(2(0)-1688733363:923185),systemResources.MEMORY_TOTAL,18944,944092 KB
2023-07-07 22:36:03,(2(0)-1688733363:923191),systemResources.MEMORY_USED,18945,782700 KB
2023-07-07 22:36:03,(2(0)-1688733363:923226),systemResources.FRAMEWORK_VERSION,18965,v3.2.0-39-gb3493ca03
2023-07-07 22:36:03,(2(0)-1688733363:923236),systemResources.PROJECT_VERSION,18966,v3.2.0-39-gb3493ca03
2023-07-07 22:36:04,(2(0)-1688733364:923112),systemResources.CPU_00,18949,0.00 percent
2023-07-07 22:36:04,(2(0)-1688733364:923310),systemResources.CPU_01,18950,0.00 percent
2023-07-07 22:36:04,(2(0)-1688733364:923498),systemResources.CPU_02,18951,0.00 percent
2023-07-07 22:36:04,(2(0)-1688733364:923686),systemResources.CPU_03,18952,0.00 percent
2023-07-07 22:36:04,(2(0)-1688733364:923692),systemResources.CPU,18948,0.00 percent
2023-07-07 22:36:04,(2(0)-1688733364:923715),systemResources.MEMORY_TOTAL,18944,944092 KB
2023-07-07 22:36:04,(2(0)-1688733364:923720),systemResources.MEMORY_USED,18945,782700 KB
2023-07-07 22:36:04,(2(0)-1688733364:923755),systemResources.FRAMEWORK_VERSION,18965,v3.2.0-39-gb3493ca03
2023-07-07 22:36:04,(2(0)-1688733364:923765),systemResources.PROJECT_VERSION,18966,v3.2.0-39-gb3493ca03
2023-07-07 22:36:05,(2(0)-1688733365:922427),blockDrv.BD_Cycles,256,59
2023-07-07 22:36:06,(2(0)-1688733366:922623),blockDrv.BD_Cycles,256,60
2023-07-07 22:36:05,(2(0)-1688733365:923342),systemResources.CPU_00,18949,0.00 percent
2023-07-07 22:36:05,(2(0)-1688733365:923538),systemResources.CPU_01,18950,2.00 percent
2023-07-07 22:36:05,(2(0)-1688733365:923724),systemResources.CPU_02,18951,0.00 percent
2023-07-07 22:36:05,(2(0)-1688733365:923910),systemResources.CPU_03,18952,0.00 percent
2023-07-07 22:36:05,(2(0)-1688733365:923916),systemResources.CPU,18948,0.50 percent
2023-07-07 22:36:05,(2(0)-1688733365:923939),systemResources.MEMORY_TOTAL,18944,944092 KB
2023-07-07 22:36:05,(2(0)-1688733365:923944),systemResources.MEMORY_USED,18945,782700 KB
2023-07-07 22:36:05,(2(0)-1688733365:923978),systemResources.FRAMEWORK_VERSION,18965,v3.2.0-39-gb3493ca03
2023-07-07 22:36:05,(2(0)-1688733365:923987),systemResources.PROJECT_VERSION,18966,v3.2.0-39-gb3493ca03
2023-07-07 22:36:06,(2(0)-1688733366:923477),systemResources.CPU_00,18949,0.00 percent
2023-07-07 22:36:06,(2(0)-1688733366:923671),systemResources.CPU_01,18950,0.00 percent
2023-07-07 22:36:06,(2(0)-1688733366:923858),systemResources.CPU_02,18951,0.00 percent
2023-07-07 22:36:06,(2(0)-1688733366:924043),systemResources.CPU_03,18952,3.06 percent
2023-07-07 22:36:06,(2(0)-1688733366:924050),systemResources.CPU,18948,0.77 percent
2023-07-07 22:36:06,(2(0)-1688733366:924074),systemResources.MEMORY_TOTAL,18944,944092 KB
2023-07-07 22:36:06,(2(0)-1688733366:924080),systemResources.MEMORY_USED,18945,782700 KB
2023-07-07 22:36:06,(2(0)-1688733366:924111),systemResources.FRAMEWORK_VERSION,18965,v3.2.0-39-gb3493ca03
2023-07-07 22:36:06,(2(0)-1688733366:924123),systemResources.PROJECT_VERSION,18966,v3.2.0-39-gb3493ca03
2023-07-07 22:36:07,(2(0)-1688733367:922770),blockDrv.BD_Cycles,256,61
2023-07-07 22:36:08,(2(0)-1688733368:922941),blockDrv.BD_Cycles,256,62
2023-07-07 22:36:07,(2(0)-1688733367:923282),systemResources.CPU_00,18949,28.74 percent
2023-07-07 22:36:07,(2(0)-1688733367:923478),systemResources.CPU_01,18950,0.00 percent
2023-07-07 22:36:07,(2(0)-1688733367:923665),systemResources.CPU_02,18951,0.00 percent
2023-07-07 22:36:07,(2(0)-1688733367:923852),systemResources.CPU_03,18952,0.00 percent
2023-07-07 22:36:07,(2(0)-1688733367:923858),systemResources.CPU,18948,7.18 percent
2023-07-07 22:36:07,(2(0)-1688733367:923881),systemResources.MEMORY_TOTAL,18944,944092 KB
2023-07-07 22:36:07,(2(0)-1688733367:923887),systemResources.MEMORY_USED,18945,782700 KB
2023-07-07 22:36:07,(2(0)-1688733367:923919),systemResources.FRAMEWORK_VERSION,18965,v3.2.0-39-gb3493ca03
2023-07-07 22:36:07,(2(0)-1688733367:923929),systemResources.PROJECT_VERSION,18966,v3.2.0-39-gb3493ca03
2023-07-07 22:36:08,(2(0)-1688733368:923765),systemResources.CPU_00,18949,28.74 percent
2023-07-07 22:36:08,(2(0)-1688733368:923962),systemResources.CPU_01,18950,0.00 percent
2023-07-07 22:36:08,(2(0)-1688733368:924150),systemResources.CPU_02,18951,0.00 percent
2023-07-07 22:36:08,(2(0)-1688733368:924335),systemResources.CPU_03,18952,0.00 percent
2023-07-07 22:36:08,(2(0)-1688733368:924342),systemResources.CPU,18948,7.18 percent
2023-07-07 22:36:08,(2(0)-1688733368:924366),systemResources.MEMORY_TOTAL,18944,944092 KB
2023-07-07 22:36:08,(2(0)-1688733368:924371),systemResources.MEMORY_USED,18945,782700 KB
2023-07-07 22:36:08,(2(0)-1688733368:924403),systemResources.FRAMEWORK_VERSION,18965,v3.2.0-39-gb3493ca03
2023-07-07 22:36:08,(2(0)-1688733368:924415),systemResources.PROJECT_VERSION,18966,v3.2.0-39-gb3493ca03
2023-07-07 22:36:09,(2(0)-1688733369:923092),blockDrv.BD_Cycles,256,63
2023-07-07 22:36:10,(2(0)-1688733370:923279),blockDrv.BD_Cycles,256,64
2023-07-07 22:36:09,(2(0)-1688733369:923866),systemResources.CPU_00,18949,11.58 percent
2023-07-07 22:36:09,(2(0)-1688733369:924059),systemResources.CPU_01,18950,0.00 percent
2023-07-07 22:36:09,(2(0)-1688733369:924247),systemResources.CPU_02,18951,0.00 percent
2023-07-07 22:36:09,(2(0)-1688733369:924432),systemResources.CPU_03,18952,0.00 percent
2023-07-07 22:36:09,(2(0)-1688733369:924439),systemResources.CPU,18948,2.89 percent
2023-07-07 22:36:09,(2(0)-1688733369:924463),systemResources.MEMORY_TOTAL,18944,944092 KB
2023-07-07 22:36:09,(2(0)-1688733369:924468),systemResources.MEMORY_USED,18945,782700 KB
2023-07-07 22:36:09,(2(0)-1688733369:924500),systemResources.FRAMEWORK_VERSION,18965,v3.2.0-39-gb3493ca03
2023-07-07 22:36:09,(2(0)-1688733369:924510),systemResources.PROJECT_VERSION,18966,v3.2.0-39-gb3493ca03
2023-07-07 22:36:10,(2(0)-1688733370:924087),systemResources.CPU_00,18949,0.00 percent
2023-07-07 22:36:10,(2(0)-1688733370:924288),systemResources.CPU_01,18950,0.00 percent
2023-07-07 22:36:10,(2(0)-1688733370:924476),systemResources.CPU_02,18951,0.00 percent
2023-07-07 22:36:10,(2(0)-1688733370:924662),systemResources.CPU_03,18952,0.00 percent
2023-07-07 22:36:10,(2(0)-1688733370:924667),systemResources.CPU,18948,0.00 percent
2023-07-07 22:36:10,(2(0)-1688733370:924690),systemResources.MEMORY_TOTAL,18944,944092 KB
2023-07-07 22:36:10,(2(0)-1688733370:924695),systemResources.MEMORY_USED,18945,782700 KB
2023-07-07 22:36:10,(2(0)-1688733370:924727),systemResources.FRAMEWORK_VERSION,18965,v3.2.0-39-gb3493ca03
2023-07-07 22:36:10,(2(0)-1688733370:924736),systemResources.PROJECT_VERSION,18966,v3.2.0-39-gb3493ca03
2023-07-07 22:36:11,(2(0)-1688733371:923423),blockDrv.BD_Cycles,256,65
2023-07-07 22:36:12,(2(0)-1688733372:923590),blockDrv.BD_Cycles,256,66
2023-07-07 22:36:11,(2(0)-1688733371:924166),systemResources.CPU_00,18949,0.00 percent
2023-07-07 22:36:11,(2(0)-1688733371:924359),systemResources.CPU_01,18950,0.00 percent
2023-07-07 22:36:11,(2(0)-1688733371:924546),systemResources.CPU_02,18951,0.00 percent
2023-07-07 22:36:11,(2(0)-1688733371:924731),systemResources.CPU_03,18952,0.00 percent
2023-07-07 22:36:11,(2(0)-1688733371:924737),systemResources.CPU,18948,0.00 percent
2023-07-07 22:36:11,(2(0)-1688733371:924759),systemResources.MEMORY_TOTAL,18944,944092 KB
2023-07-07 22:36:11,(2(0)-1688733371:924764),systemResources.MEMORY_USED,18945,782700 KB
2023-07-07 22:36:11,(2(0)-1688733371:924796),systemResources.FRAMEWORK_VERSION,18965,v3.2.0-39-gb3493ca03
2023-07-07 22:36:11,(2(0)-1688733371:924806),systemResources.PROJECT_VERSION,18966,v3.2.0-39-gb3493ca03
2023-07-07 22:36:12,(2(0)-1688733372:924313),systemResources.CPU_00,18949,0.00 percent
2023-07-07 22:36:12,(2(0)-1688733372:924507),systemResources.CPU_01,18950,0.00 percent
2023-07-07 22:36:12,(2(0)-1688733372:924693),systemResources.CPU_02,18951,0.00 percent
2023-07-07 22:36:12,(2(0)-1688733372:924881),systemResources.CPU_03,18952,0.00 percent
2023-07-07 22:36:12,(2(0)-1688733372:924887),systemResources.CPU,18948,0.00 percent
2023-07-07 22:36:12,(2(0)-1688733372:924911),systemResources.MEMORY_TOTAL,18944,944092 KB
2023-07-07 22:36:12,(2(0)-1688733372:924916),systemResources.MEMORY_USED,18945,782700 KB
2023-07-07 22:36:12,(2(0)-1688733372:924945),systemResources.FRAMEWORK_VERSION,18965,v3.2.0-39-gb3493ca03
2023-07-07 22:36:12,(2(0)-1688733372:924957),systemResources.PROJECT_VERSION,18966,v3.2.0-39-gb3493ca03
2023-07-07 22:36:13,(2(0)-1688733373:923746),blockDrv.BD_Cycles,256,67
2023-07-07 22:36:14,(2(0)-1688733374:923953),blockDrv.BD_Cycles,256,68
2023-07-07 22:36:13,(2(0)-1688733373:924511),systemResources.CPU_00,18949,0.00 percent
2023-07-07 22:36:13,(2(0)-1688733373:924703),systemResources.CPU_01,18950,1.00 percent
2023-07-07 22:36:13,(2(0)-1688733373:924888),systemResources.CPU_02,18951,0.00 percent
2023-07-07 22:36:13,(2(0)-1688733373:925074),systemResources.CPU_03,18952,0.99 percent
2023-07-07 22:36:13,(2(0)-1688733373:925081),systemResources.CPU,18948,0.50 percent
2023-07-07 22:36:13,(2(0)-1688733373:925103),systemResources.MEMORY_TOTAL,18944,944092 KB
2023-07-07 22:36:13,(2(0)-1688733373:925109),systemResources.MEMORY_USED,18945,782700 KB
2023-07-07 22:36:13,(2(0)-1688733373:925139),systemResources.FRAMEWORK_VERSION,18965,v3.2.0-39-gb3493ca03
2023-07-07 22:36:13,(2(0)-1688733373:925151),systemResources.PROJECT_VERSION,18966,v3.2.0-39-gb3493ca03
2023-07-07 22:36:14,(2(0)-1688733374:924766),systemResources.CPU_00,18949,0.00 percent
2023-07-07 22:36:14,(2(0)-1688733374:924965),systemResources.CPU_01,18950,0.00 percent
2023-07-07 22:36:14,(2(0)-1688733374:925152),systemResources.CPU_02,18951,0.00 percent
2023-07-07 22:36:14,(2(0)-1688733374:925340),systemResources.CPU_03,18952,0.00 percent
2023-07-07 22:36:14,(2(0)-1688733374:925346),systemResources.CPU,18948,0.00 percent
2023-07-07 22:36:14,(2(0)-1688733374:925370),systemResources.MEMORY_TOTAL,18944,944092 KB
2023-07-07 22:36:14,(2(0)-1688733374:925375),systemResources.MEMORY_USED,18945,782700 KB
2023-07-07 22:36:14,(2(0)-1688733374:925409),systemResources.FRAMEWORK_VERSION,18965,v3.2.0-39-gb3493ca03
2023-07-07 22:36:14,(2(0)-1688733374:925418),systemResources.PROJECT_VERSION,18966,v3.2.0-39-gb3493ca03
2023-07-07 22:36:15,(2(0)-1688733375:924092),blockDrv.BD_Cycles,256,69
2023-07-07 22:36:16,(2(0)-1688733376:924276),blockDrv.BD_Cycles,256,70
2023-07-07 22:36:15,(2(0)-1688733375:924848),systemResources.CPU_00,18949,0.00 percent
2023-07-07 22:36:15,(2(0)-1688733375:925041),systemResources.CPU_01,18950,0.00 percent
2023-07-07 22:36:15,(2(0)-1688733375:925229),systemResources.CPU_02,18951,0.00 percent
2023-07-07 22:36:15,(2(0)-1688733375:925414),systemResources.CPU_03,18952,0.00 percent
2023-07-07 22:36:15,(2(0)-1688733375:925421),systemResources.CPU,18948,0.00 percent
2023-07-07 22:36:15,(2(0)-1688733375:925444),systemResources.MEMORY_TOTAL,18944,944092 KB
2023-07-07 22:36:15,(2(0)-1688733375:925449),systemResources.MEMORY_USED,18945,782700 KB
2023-07-07 22:36:15,(2(0)-1688733375:925480),systemResources.FRAMEWORK_VERSION,18965,v3.2.0-39-gb3493ca03
2023-07-07 22:36:15,(2(0)-1688733375:925489),systemResources.PROJECT_VERSION,18966,v3.2.0-39-gb3493ca03
2023-07-07 22:36:16,(2(0)-1688733376:924994),systemResources.CPU_00,18949,0.00 percent
2023-07-07 22:36:16,(2(0)-1688733376:925188),systemResources.CPU_01,18950,0.00 percent
2023-07-07 22:36:16,(2(0)-1688733376:925373),systemResources.CPU_02,18951,0.00 percent
2023-07-07 22:36:16,(2(0)-1688733376:925561),systemResources.CPU_03,18952,0.00 percent
2023-07-07 22:36:16,(2(0)-1688733376:925567),systemResources.CPU,18948,0.00 percent
2023-07-07 22:36:16,(2(0)-1688733376:925587),systemResources.MEMORY_TOTAL,18944,944092 KB
2023-07-07 22:36:16,(2(0)-1688733376:925592),systemResources.MEMORY_USED,18945,782700 KB
2023-07-07 22:36:16,(2(0)-1688733376:925619),systemResources.FRAMEWORK_VERSION,18965,v3.2.0-39-gb3493ca03
2023-07-07 22:36:16,(2(0)-1688733376:925629),systemResources.PROJECT_VERSION,18966,v3.2.0-39-gb3493ca03
2023-07-07 22:36:17,(2(0)-1688733377:924445),blockDrv.BD_Cycles,256,71
2023-07-07 22:36:18,(2(0)-1688733378:924632),blockDrv.BD_Cycles,256,72
2023-07-07 22:36:17,(2(0)-1688733377:925208),systemResources.CPU_00,18949,0.00 percent
2023-07-07 22:36:17,(2(0)-1688733377:925405),systemResources.CPU_01,18950,0.00 percent
2023-07-07 22:36:17,(2(0)-1688733377:925591),systemResources.CPU_02,18951,0.00 percent
2023-07-07 22:36:17,(2(0)-1688733377:925776),systemResources.CPU_03,18952,0.00 percent
2023-07-07 22:36:17,(2(0)-1688733377:925782),systemResources.CPU,18948,0.00 percent
2023-07-07 22:36:17,(2(0)-1688733377:925802),systemResources.MEMORY_TOTAL,18944,944092 KB
2023-07-07 22:36:17,(2(0)-1688733377:925806),systemResources.MEMORY_USED,18945,782700 KB
2023-07-07 22:36:17,(2(0)-1688733377:925834),systemResources.FRAMEWORK_VERSION,18965,v3.2.0-39-gb3493ca03
2023-07-07 22:36:17,(2(0)-1688733377:925843),systemResources.PROJECT_VERSION,18966,v3.2.0-39-gb3493ca03
2023-07-07 22:36:18,(2(0)-1688733378:925415),systemResources.CPU_00,18949,0.00 percent
2023-07-07 22:36:18,(2(0)-1688733378:925614),systemResources.CPU_01,18950,0.00 percent
2023-07-07 22:36:18,(2(0)-1688733378:925801),systemResources.CPU_02,18951,0.00 percent
2023-07-07 22:36:18,(2(0)-1688733378:925987),systemResources.CPU_03,18952,0.00 percent
2023-07-07 22:36:18,(2(0)-1688733378:925993),systemResources.CPU,18948,0.00 percent
2023-07-07 22:36:18,(2(0)-1688733378:926012),systemResources.MEMORY_TOTAL,18944,944092 KB
2023-07-07 22:36:18,(2(0)-1688733378:926017),systemResources.MEMORY_USED,18945,782700 KB
2023-07-07 22:36:18,(2(0)-1688733378:926045),systemResources.FRAMEWORK_VERSION,18965,v3.2.0-39-gb3493ca03
2023-07-07 22:36:18,(2(0)-1688733378:926055),systemResources.PROJECT_VERSION,18966,v3.2.0-39-gb3493ca03
2023-07-07 22:36:19,(2(0)-1688733379:924786),blockDrv.BD_Cycles,256,73
2023-07-07 22:36:18,(2(0)-1688733378:983223),cmdDisp.CommandsDispatched,1280,2
2023-07-07 22:36:18,(2(0)-1688733378:983998),fileManager.CommandsExecuted,2048,2
2023-07-07 22:36:20,(2(0)-1688733380:924982),blockDrv.BD_Cycles,256,74
2023-07-07 22:36:19,(2(0)-1688733379:925641),systemResources.CPU_00,18949,8.42 percent
2023-07-07 22:36:19,(2(0)-1688733379:925835),systemResources.CPU_01,18950,0.00 percent
2023-07-07 22:36:19,(2(0)-1688733379:926022),systemResources.CPU_02,18951,3.00 percent
2023-07-07 22:36:19,(2(0)-1688733379:926208),systemResources.CPU_03,18952,6.06 percent
2023-07-07 22:36:19,(2(0)-1688733379:926215),systemResources.CPU,18948,4.37 percent
2023-07-07 22:36:19,(2(0)-1688733379:926239),systemResources.MEMORY_TOTAL,18944,944092 KB
2023-07-07 22:36:19,(2(0)-1688733379:926244),systemResources.MEMORY_USED,18945,782700 KB
2023-07-07 22:36:19,(2(0)-1688733379:926277),systemResources.FRAMEWORK_VERSION,18965,v3.2.0-39-gb3493ca03
2023-07-07 22:36:19,(2(0)-1688733379:926289),systemResources.PROJECT_VERSION,18966,v3.2.0-39-gb3493ca03
2023-07-07 22:36:20,(2(0)-1688733380:925817),systemResources.CPU_00,18949,28.74 percent
2023-07-07 22:36:20,(2(0)-1688733380:926008),systemResources.CPU_01,18950,2.00 percent
2023-07-07 22:36:20,(2(0)-1688733380:926194),systemResources.CPU_02,18951,1.00 percent
2023-07-07 22:36:20,(2(0)-1688733380:926381),systemResources.CPU_03,18952,0.00 percent
2023-07-07 22:36:20,(2(0)-1688733380:926388),systemResources.CPU,18948,7.93 percent
2023-07-07 22:36:20,(2(0)-1688733380:926413),systemResources.MEMORY_TOTAL,18944,944092 KB
2023-07-07 22:36:20,(2(0)-1688733380:926419),systemResources.MEMORY_USED,18945,782700 KB
2023-07-07 22:36:20,(2(0)-1688733380:926451),systemResources.FRAMEWORK_VERSION,18965,v3.2.0-39-gb3493ca03
2023-07-07 22:36:20,(2(0)-1688733380:926460),systemResources.PROJECT_VERSION,18966,v3.2.0-39-gb3493ca03
2023-07-07 22:36:21,(2(0)-1688733381:925133),blockDrv.BD_Cycles,256,75
2023-07-07 22:36:22,(2(0)-1688733382:925339),blockDrv.BD_Cycles,256,76
2023-07-07 22:36:21,(2(0)-1688733381:925880),systemResources.CPU_00,18949,16.30 percent
2023-07-07 22:36:21,(2(0)-1688733381:926071),systemResources.CPU_01,18950,0.00 percent
2023-07-07 22:36:21,(2(0)-1688733381:926257),systemResources.CPU_02,18951,3.06 percent
2023-07-07 22:36:21,(2(0)-1688733381:926442),systemResources.CPU_03,18952,7.29 percent
2023-07-07 22:36:21,(2(0)-1688733381:926449),systemResources.CPU,18948,6.66 percent
2023-07-07 22:36:21,(2(0)-1688733381:926471),systemResources.MEMORY_TOTAL,18944,944092 KB
2023-07-07 22:36:21,(2(0)-1688733381:926478),systemResources.MEMORY_USED,18945,782700 KB
2023-07-07 22:36:21,(2(0)-1688733381:926510),systemResources.FRAMEWORK_VERSION,18965,v3.2.0-39-gb3493ca03
2023-07-07 22:36:21,(2(0)-1688733381:926520),systemResources.PROJECT_VERSION,18966,v3.2.0-39-gb3493ca03
2023-07-07 22:36:22,(2(0)-1688733382:926166),systemResources.CPU_00,18949,2.00 percent
2023-07-07 22:36:22,(2(0)-1688733382:926362),systemResources.CPU_01,18950,2.97 percent
2023-07-07 22:36:22,(2(0)-1688733382:926549),systemResources.CPU_02,18951,2.97 percent
2023-07-07 22:36:22,(2(0)-1688733382:926735),systemResources.CPU_03,18952,7.29 percent
2023-07-07 22:36:22,(2(0)-1688733382:926741),systemResources.CPU,18948,3.81 percent
2023-07-07 22:36:22,(2(0)-1688733382:926764),systemResources.MEMORY_TOTAL,18944,944092 KB
2023-07-07 22:36:22,(2(0)-1688733382:926771),systemResources.MEMORY_USED,18945,783164 KB
2023-07-07 22:36:22,(2(0)-1688733382:926803),systemResources.FRAMEWORK_VERSION,18965,v3.2.0-39-gb3493ca03
2023-07-07 22:36:22,(2(0)-1688733382:926813),systemResources.PROJECT_VERSION,18966,v3.2.0-39-gb3493ca03
2023-07-07 22:36:23,(2(0)-1688733383:925484),blockDrv.BD_Cycles,256,77
2023-07-07 22:36:24,(2(0)-1688733384:925648),blockDrv.BD_Cycles,256,78
2023-07-07 22:36:23,(2(0)-1688733383:926174),systemResources.CPU_00,18949,0.00 percent
2023-07-07 22:36:23,(2(0)-1688733383:926371),systemResources.CPU_01,18950,0.00 percent
2023-07-07 22:36:23,(2(0)-1688733383:926558),systemResources.CPU_02,18951,0.00 percent
2023-07-07 22:36:23,(2(0)-1688733383:926743),systemResources.CPU_03,18952,0.00 percent
2023-07-07 22:36:23,(2(0)-1688733383:926750),systemResources.CPU,18948,0.00 percent
2023-07-07 22:36:23,(2(0)-1688733383:926772),systemResources.MEMORY_TOTAL,18944,944092 KB
2023-07-07 22:36:23,(2(0)-1688733383:926777),systemResources.MEMORY_USED,18945,783164 KB
2023-07-07 22:36:23,(2(0)-1688733383:926810),systemResources.FRAMEWORK_VERSION,18965,v3.2.0-39-gb3493ca03
2023-07-07 22:36:23,(2(0)-1688733383:926820),systemResources.PROJECT_VERSION,18966,v3.2.0-39-gb3493ca03
2023-07-07 22:36:24,(2(0)-1688733384:926371),systemResources.CPU_00,18949,0.00 percent
2023-07-07 22:36:24,(2(0)-1688733384:926568),systemResources.CPU_01,18950,1.00 percent
2023-07-07 22:36:24,(2(0)-1688733384:926754),systemResources.CPU_02,18951,0.00 percent
2023-07-07 22:36:24,(2(0)-1688733384:926941),systemResources.CPU_03,18952,0.99 percent
2023-07-07 22:36:24,(2(0)-1688733384:926949),systemResources.CPU,18948,0.50 percent
2023-07-07 22:36:24,(2(0)-1688733384:926973),systemResources.MEMORY_TOTAL,18944,944092 KB
2023-07-07 22:36:24,(2(0)-1688733384:926980),systemResources.MEMORY_USED,18945,783164 KB
2023-07-07 22:36:24,(2(0)-1688733384:927013),systemResources.FRAMEWORK_VERSION,18965,v3.2.0-39-gb3493ca03
2023-07-07 22:36:24,(2(0)-1688733384:927023),systemResources.PROJECT_VERSION,18966,v3.2.0-39-gb3493ca03
2023-07-07 22:36:25,(2(0)-1688733385:925792),blockDrv.BD_Cycles,256,79
2023-07-07 22:36:26,(2(0)-1688733386:925982),blockDrv.BD_Cycles,256,80
2023-07-07 22:36:25,(2(0)-1688733385:926561),systemResources.CPU_00,18949,0.00 percent
2023-07-07 22:36:25,(2(0)-1688733385:926756),systemResources.CPU_01,18950,0.99 percent
2023-07-07 22:36:25,(2(0)-1688733385:926942),systemResources.CPU_02,18951,0.00 percent
2023-07-07 22:36:25,(2(0)-1688733385:927130),systemResources.CPU_03,18952,0.00 percent
2023-07-07 22:36:25,(2(0)-1688733385:927136),systemResources.CPU,18948,0.25 percent
2023-07-07 22:36:25,(2(0)-1688733385:927159),systemResources.MEMORY_TOTAL,18944,944092 KB
2023-07-07 22:36:25,(2(0)-1688733385:927165),systemResources.MEMORY_USED,18945,783164 KB
2023-07-07 22:36:25,(2(0)-1688733385:927199),systemResources.FRAMEWORK_VERSION,18965,v3.2.0-39-gb3493ca03
2023-07-07 22:36:25,(2(0)-1688733385:927208),systemResources.PROJECT_VERSION,18966,v3.2.0-39-gb3493ca03
2023-07-07 22:36:26,(2(0)-1688733386:926749),systemResources.CPU_00,18949,0.00 percent
2023-07-07 22:36:26,(2(0)-1688733386:926950),systemResources.CPU_01,18950,0.00 percent
2023-07-07 22:36:26,(2(0)-1688733386:927138),systemResources.CPU_02,18951,0.00 percent
2023-07-07 22:36:26,(2(0)-1688733386:927325),systemResources.CPU_03,18952,0.00 percent
2023-07-07 22:36:26,(2(0)-1688733386:927331),systemResources.CPU,18948,0.00 percent
2023-07-07 22:36:26,(2(0)-1688733386:927355),systemResources.MEMORY_TOTAL,18944,944092 KB
2023-07-07 22:36:26,(2(0)-1688733386:927360),systemResources.MEMORY_USED,18945,783164 KB
2023-07-07 22:36:26,(2(0)-1688733386:927391),systemResources.FRAMEWORK_VERSION,18965,v3.2.0-39-gb3493ca03
2023-07-07 22:36:26,(2(0)-1688733386:927401),systemResources.PROJECT_VERSION,18966,v3.2.0-39-gb3493ca03
2023-07-07 22:36:27,(2(0)-1688733387:926134),blockDrv.BD_Cycles,256,81
2023-07-07 22:36:28,(2(0)-1688733388:926341),blockDrv.BD_Cycles,256,82
2023-07-07 22:36:27,(2(0)-1688733387:926869),systemResources.CPU_00,18949,0.00 percent
2023-07-07 22:36:27,(2(0)-1688733387:927059),systemResources.CPU_01,18950,0.00 percent
2023-07-07 22:36:27,(2(0)-1688733387:927247),systemResources.CPU_02,18951,0.00 percent
2023-07-07 22:36:27,(2(0)-1688733387:927431),systemResources.CPU_03,18952,0.00 percent
2023-07-07 22:36:27,(2(0)-1688733387:927438),systemResources.CPU,18948,0.00 percent
2023-07-07 22:36:27,(2(0)-1688733387:927460),systemResources.MEMORY_TOTAL,18944,944092 KB
2023-07-07 22:36:27,(2(0)-1688733387:927466),systemResources.MEMORY_USED,18945,783164 KB
2023-07-07 22:36:27,(2(0)-1688733387:927498),systemResources.FRAMEWORK_VERSION,18965,v3.2.0-39-gb3493ca03
2023-07-07 22:36:27,(2(0)-1688733387:927508),systemResources.PROJECT_VERSION,18966,v3.2.0-39-gb3493ca03
2023-07-07 22:36:28,(2(0)-1688733388:927143),systemResources.CPU_00,18949,0.99 percent
2023-07-07 22:36:28,(2(0)-1688733388:927336),systemResources.CPU_01,18950,0.00 percent
2023-07-07 22:36:28,(2(0)-1688733388:927525),systemResources.CPU_02,18951,0.00 percent
2023-07-07 22:36:28,(2(0)-1688733388:927710),systemResources.CPU_03,18952,0.00 percent
2023-07-07 22:36:28,(2(0)-1688733388:927716),systemResources.CPU,18948,0.25 percent
2023-07-07 22:36:28,(2(0)-1688733388:927741),systemResources.MEMORY_TOTAL,18944,944092 KB
2023-07-07 22:36:28,(2(0)-1688733388:927746),systemResources.MEMORY_USED,18945,783164 KB
2023-07-07 22:36:28,(2(0)-1688733388:927778),systemResources.FRAMEWORK_VERSION,18965,v3.2.0-39-gb3493ca03
2023-07-07 22:36:28,(2(0)-1688733388:927790),systemResources.PROJECT_VERSION,18966,v3.2.0-39-gb3493ca03
2023-07-07 22:36:29,(2(0)-1688733389:926520),blockDrv.BD_Cycles,256,83
2023-07-07 22:36:30,(2(0)-1688733390:926705),blockDrv.BD_Cycles,256,84
2023-07-07 22:36:29,(2(0)-1688733389:927309),systemResources.CPU_00,18949,0.00 percent
2023-07-07 22:36:29,(2(0)-1688733389:927505),systemResources.CPU_01,18950,0.00 percent
2023-07-07 22:36:29,(2(0)-1688733389:927692),systemResources.CPU_02,18951,0.00 percent
2023-07-07 22:36:29,(2(0)-1688733389:927877),systemResources.CPU_03,18952,0.00 percent
2023-07-07 22:36:29,(2(0)-1688733389:927883),systemResources.CPU,18948,0.00 percent
2023-07-07 22:36:29,(2(0)-1688733389:927908),systemResources.MEMORY_TOTAL,18944,944092 KB
2023-07-07 22:36:29,(2(0)-1688733389:927913),systemResources.MEMORY_USED,18945,783164 KB
2023-07-07 22:36:29,(2(0)-1688733389:927945),systemResources.FRAMEWORK_VERSION,18965,v3.2.0-39-gb3493ca03
2023-07-07 22:36:29,(2(0)-1688733389:927956),systemResources.PROJECT_VERSION,18966,v3.2.0-39-gb3493ca03
2023-07-07 22:36:30,(2(0)-1688733390:927506),systemResources.CPU_00,18949,0.00 percent
2023-07-07 22:36:30,(2(0)-1688733390:927706),systemResources.CPU_01,18950,0.00 percent
2023-07-07 22:36:30,(2(0)-1688733390:927893),systemResources.CPU_02,18951,0.00 percent
2023-07-07 22:36:30,(2(0)-1688733390:928081),systemResources.CPU_03,18952,0.00 percent
2023-07-07 22:36:30,(2(0)-1688733390:928088),systemResources.CPU,18948,0.00 percent
2023-07-07 22:36:30,(2(0)-1688733390:928176),systemResources.MEMORY_TOTAL,18944,944092 KB
2023-07-07 22:36:30,(2(0)-1688733390:928181),systemResources.MEMORY_USED,18945,783164 KB
2023-07-07 22:36:30,(2(0)-1688733390:928213),systemResources.FRAMEWORK_VERSION,18965,v3.2.0-39-gb3493ca03
2023-07-07 22:36:30,(2(0)-1688733390:928223),systemResources.PROJECT_VERSION,18966,v3.2.0-39-gb3493ca03
2023-07-07 22:36:31,(2(0)-1688733391:926846),blockDrv.BD_Cycles,256,85
2023-07-07 22:36:32,(2(0)-1688733392:927020),blockDrv.BD_Cycles,256,86
2023-07-07 22:36:31,(2(0)-1688733391:927610),systemResources.CPU_00,18949,0.00 percent
2023-07-07 22:36:31,(2(0)-1688733391:927810),systemResources.CPU_01,18950,0.00 percent
2023-07-07 22:36:31,(2(0)-1688733391:927997),systemResources.CPU_02,18951,0.00 percent
2023-07-07 22:36:31,(2(0)-1688733391:928235),systemResources.CPU_03,18952,1.00 percent
2023-07-07 22:36:31,(2(0)-1688733391:928243),systemResources.CPU,18948,0.25 percent
2023-07-07 22:36:31,(2(0)-1688733391:928265),systemResources.MEMORY_TOTAL,18944,944092 KB
2023-07-07 22:36:31,(2(0)-1688733391:928271),systemResources.MEMORY_USED,18945,783164 KB
2023-07-07 22:36:31,(2(0)-1688733391:928305),systemResources.FRAMEWORK_VERSION,18965,v3.2.0-39-gb3493ca03
2023-07-07 22:36:31,(2(0)-1688733391:928314),systemResources.PROJECT_VERSION,18966,v3.2.0-39-gb3493ca03
2023-07-07 22:36:32,(2(0)-1688733392:927790),systemResources.CPU_00,18949,0.00 percent
2023-07-07 22:36:32,(2(0)-1688733392:927988),systemResources.CPU_01,18950,0.00 percent
2023-07-07 22:36:32,(2(0)-1688733392:928223),systemResources.CPU_02,18951,0.00 percent
2023-07-07 22:36:32,(2(0)-1688733392:928410),systemResources.CPU_03,18952,15.62 percent
2023-07-07 22:36:32,(2(0)-1688733392:928416),systemResources.CPU,18948,3.91 percent
2023-07-07 22:36:32,(2(0)-1688733392:928441),systemResources.MEMORY_TOTAL,18944,944092 KB
2023-07-07 22:36:32,(2(0)-1688733392:928447),systemResources.MEMORY_USED,18945,783164 KB
2023-07-07 22:36:32,(2(0)-1688733392:928478),systemResources.FRAMEWORK_VERSION,18965,v3.2.0-39-gb3493ca03
2023-07-07 22:36:32,(2(0)-1688733392:928488),systemResources.PROJECT_VERSION,18966,v3.2.0-39-gb3493ca03
2023-07-07 22:36:33,(2(0)-1688733393:927164),blockDrv.BD_Cycles,256,87
