2023-07-02 21:12:44,(2(0)-1688296364:501021),systemResources.CPU_00,18949,34.00 percent
2023-07-02 21:12:44,(2(0)-1688296364:501033),systemResources.CPU_01,18950,0.00 percent
2023-07-02 21:12:44,(2(0)-1688296364:501044),systemResources.CPU_02,18951,33.66 percent
2023-07-02 21:12:44,(2(0)-1688296364:501054),systemResources.CPU_03,18952,0.00 percent
2023-07-02 21:12:44,(2(0)-1688296364:501065),systemResources.CPU_04,18953,36.00 percent
2023-07-02 21:12:44,(2(0)-1688296364:501075),systemResources.CPU_05,18954,0.00 percent
2023-07-02 21:12:44,(2(0)-1688296364:501085),systemResources.CPU_06,18955,29.00 percent
2023-07-02 21:12:44,(2(0)-1688296364:501095),systemResources.CPU_07,18956,0.00 percent
2023-07-02 21:12:44,(2(0)-1688296364:501105),systemResources.CPU_08,18957,27.72 percent
2023-07-02 21:12:44,(2(0)-1688296364:501116),systemResources.CPU_09,18958,1.00 percent
2023-07-02 21:12:44,(2(0)-1688296364:501126),systemResources.CPU_10,18959,14.85 percent
2023-07-02 21:12:44,(2(0)-1688296364:501136),systemResources.CPU_11,18960,2.00 percent
2023-07-02 21:12:44,(2(0)-1688296364:501137),systemResources.CPU,18948,14.85 percent
2023-07-02 21:12:44,(2(0)-1688296364:501142),systemResources.MEMORY_TOTAL,18944,2950340 KB
2023-07-02 21:12:44,(2(0)-1688296364:501143),systemResources.MEMORY_USED,18945,2433124 KB
2023-07-02 21:12:44,(2(0)-1688296364:501149),systemResources.FRAMEWORK_VERSION,18965,v3.2.0-39-gb3493ca03
2023-07-02 21:12:44,(2(0)-1688296364:501150),systemResources.PROJECT_VERSION,18966,v3.2.0-39-gb3493ca03
2023-07-02 21:12:45,(2(0)-1688296365:504414),blockDrv.BD_Cycles,256,2
2023-07-02 21:12:45,(2(0)-1688296365:504466),rateGroup2.RgMaxTime,768,61 us
2023-07-02 21:12:46,(2(0)-1688296366:507601),blockDrv.BD_Cycles,256,3
2023-07-02 21:12:45,(2(0)-1688296365:504476),systemResources.CPU_00,18949,35.00 percent
2023-07-02 21:12:45,(2(0)-1688296365:504501),systemResources.CPU_01,18950,0.00 percent
2023-07-02 21:12:45,(2(0)-1688296365:504523),systemResources.CPU_02,18951,28.00 percent
2023-07-02 21:12:45,(2(0)-1688296365:504532),systemResources.CPU_03,18952,6.00 percent
2023-07-02 21:12:45,(2(0)-1688296365:504545),systemResources.CPU_04,18953,28.43 percent
2023-07-02 21:12:45,(2(0)-1688296365:504554),systemResources.CPU_05,18954,0.00 percent
2023-07-02 21:12:45,(2(0)-1688296365:504563),systemResources.CPU_06,18955,20.79 percent
2023-07-02 21:12:45,(2(0)-1688296365:504571),systemResources.CPU_07,18956,0.00 percent
2023-07-02 21:12:45,(2(0)-1688296365:504578),systemResources.CPU_08,18957,15.00 percent
2023-07-02 21:12:45,(2(0)-1688296365:504585),systemResources.CPU_09,18958,0.00 percent
2023-07-02 21:12:45,(2(0)-1688296365:504593),systemResources.CPU_10,18959,12.00 percent
2023-07-02 21:12:45,(2(0)-1688296365:504601),systemResources.CPU_11,18960,3.96 percent
2023-07-02 21:12:45,(2(0)-1688296365:504601),systemResources.CPU,18948,12.43 percent
2023-07-02 21:12:45,(2(0)-1688296365:504605),systemResources.MEMORY_TOTAL,18944,2950268 KB
2023-07-02 21:12:45,(2(0)-1688296365:504606),systemResources.MEMORY_USED,18945,2436800 KB
2023-07-02 21:12:45,(2(0)-1688296365:504612),systemResources.FRAMEWORK_VERSION,18965,v3.2.0-39-gb3493ca03
2023-07-02 21:12:45,(2(0)-1688296365:504613),systemResources.PROJECT_VERSION,18966,v3.2.0-39-gb3493ca03
2023-07-02 21:12:46,(2(0)-1688296366:507656),systemResources.CPU_00,18949,37.62 percent
2023-07-02 21:12:46,(2(0)-1688296366:507676),systemResources.CPU_01,18950,3.00 percent
2023-07-02 21:12:46,(2(0)-1688296366:507693),systemResources.CPU_02,18951,41.00 percent
2023-07-02 21:12:46,(2(0)-1688296366:507709),systemResources.CPU_03,18952,3.00 percent
2023-07-02 21:12:46,(2(0)-1688296366:507752),systemResources.CPU_04,18953,36.36 percent
2023-07-02 21:12:46,(2(0)-1688296366:507768),systemResources.CPU_05,18954,3.96 percent
2023-07-02 21:12:46,(2(0)-1688296366:507780),systemResources.CPU_06,18955,27.72 percent
2023-07-02 21:12:46,(2(0)-1688296366:507809),systemResources.CPU_07,18956,4.00 percent
2023-07-02 21:12:46,(2(0)-1688296366:507824),systemResources.CPU_08,18957,30.00 percent
2023-07-02 21:12:46,(2(0)-1688296366:507842),systemResources.CPU_09,18958,4.95 percent
2023-07-02 21:12:46,(2(0)-1688296366:507859),systemResources.CPU_10,18959,25.74 percent
2023-07-02 21:12:46,(2(0)-1688296366:507875),systemResources.CPU_11,18960,4.00 percent
2023-07-02 21:12:46,(2(0)-1688296366:507875),systemResources.CPU,18948,18.45 percent
2023-07-02 21:12:46,(2(0)-1688296366:507884),systemResources.MEMORY_TOTAL,18944,2951616 KB
2023-07-02 21:12:46,(2(0)-1688296366:507885),systemResources.MEMORY_USED,18945,2487800 KB
2023-07-02 21:12:46,(2(0)-1688296366:507895),systemResources.FRAMEWORK_VERSION,18965,v3.2.0-39-gb3493ca03
2023-07-02 21:12:46,(2(0)-1688296366:507897),systemResources.PROJECT_VERSION,18966,v3.2.0-39-gb3493ca03
2023-07-02 21:12:46,(2(0)-1688296366:507899),rateGroup1.RgMaxTime,512,311 us
2023-07-02 21:12:48,(2(0)-1688296368:513035),blockDrv.BD_Cycles,256,5
2023-07-02 21:12:47,(2(0)-1688296367:511070),systemResources.CPU_00,18949,51.52 percent
2023-07-02 21:12:47,(2(0)-1688296367:511083),systemResources.CPU_01,18950,1.98 percent
2023-07-02 21:12:47,(2(0)-1688296367:511098),systemResources.CPU_02,18951,55.00 percent
2023-07-02 21:12:47,(2(0)-1688296367:511111),systemResources.CPU_03,18952,1.98 percent
2023-07-02 21:12:47,(2(0)-1688296367:511122),systemResources.CPU_04,18953,40.00 percent
2023-07-02 21:12:47,(2(0)-1688296367:511131),systemResources.CPU_05,18954,2.00 percent
2023-07-02 21:12:47,(2(0)-1688296367:511139),systemResources.CPU_06,18955,46.46 percent
2023-07-02 21:12:47,(2(0)-1688296367:511148),systemResources.CPU_07,18956,1.98 percent
2023-07-02 21:12:47,(2(0)-1688296367:511157),systemResources.CPU_08,18957,47.00 percent
2023-07-02 21:12:47,(2(0)-1688296367:511166),systemResources.CPU_09,18958,1.00 percent
2023-07-02 21:12:47,(2(0)-1688296367:511174),systemResources.CPU_10,18959,42.00 percent
2023-07-02 21:12:47,(2(0)-1688296367:511183),systemResources.CPU_11,18960,3.00 percent
2023-07-02 21:12:47,(2(0)-1688296367:511183),systemResources.CPU,18948,24.49 percent
2023-07-02 21:12:47,(2(0)-1688296367:511189),systemResources.MEMORY_TOTAL,18944,2951924 KB
2023-07-02 21:12:47,(2(0)-1688296367:511189),systemResources.MEMORY_USED,18945,2530228 KB
2023-07-02 21:12:47,(2(0)-1688296367:511196),systemResources.FRAMEWORK_VERSION,18965,v3.2.0-39-gb3493ca03
2023-07-02 21:12:47,(2(0)-1688296367:511197),systemResources.PROJECT_VERSION,18966,v3.2.0-39-gb3493ca03
2023-07-02 21:12:48,(2(0)-1688296368:513073),systemResources.CPU_00,18949,61.39 percent
2023-07-02 21:12:48,(2(0)-1688296368:513087),systemResources.CPU_01,18950,1.98 percent
2023-07-02 21:12:48,(2(0)-1688296368:513097),systemResources.CPU_02,18951,50.50 percent
2023-07-02 21:12:48,(2(0)-1688296368:513106),systemResources.CPU_03,18952,0.00 percent
2023-07-02 21:12:48,(2(0)-1688296368:513115),systemResources.CPU_04,18953,40.00 percent
2023-07-02 21:12:48,(2(0)-1688296368:513124),systemResources.CPU_05,18954,1.00 percent
2023-07-02 21:12:48,(2(0)-1688296368:513133),systemResources.CPU_06,18955,37.00 percent
2023-07-02 21:12:48,(2(0)-1688296368:513141),systemResources.CPU_07,18956,1.00 percent
2023-07-02 21:12:48,(2(0)-1688296368:513149),systemResources.CPU_08,18957,29.00 percent
2023-07-02 21:12:48,(2(0)-1688296368:513158),systemResources.CPU_09,18958,2.00 percent
2023-07-02 21:12:48,(2(0)-1688296368:513166),systemResources.CPU_10,18959,31.68 percent
2023-07-02 21:12:48,(2(0)-1688296368:513175),systemResources.CPU_11,18960,1.96 percent
2023-07-02 21:12:48,(2(0)-1688296368:513176),systemResources.CPU,18948,21.46 percent
2023-07-02 21:12:48,(2(0)-1688296368:513181),systemResources.MEMORY_TOTAL,18944,2951624 KB
2023-07-02 21:12:48,(2(0)-1688296368:513181),systemResources.MEMORY_USED,18945,2531448 KB
2023-07-02 21:12:48,(2(0)-1688296368:513187),systemResources.FRAMEWORK_VERSION,18965,v3.2.0-39-gb3493ca03
2023-07-02 21:12:48,(2(0)-1688296368:513188),systemResources.PROJECT_VERSION,18966,v3.2.0-39-gb3493ca03
2023-07-02 21:12:49,(2(0)-1688296369:513135),blockDrv.BD_Cycles,256,6
2023-07-02 21:12:50,(2(0)-1688296370:517160),blockDrv.BD_Cycles,256,7
2023-07-02 21:12:49,(2(0)-1688296369:513193),systemResources.CPU_00,18949,57.43 percent
2023-07-02 21:12:49,(2(0)-1688296369:513218),systemResources.CPU_01,18950,1.01 percent
2023-07-02 21:12:49,(2(0)-1688296369:513227),systemResources.CPU_02,18951,52.00 percent
2023-07-02 21:12:49,(2(0)-1688296369:513235),systemResources.CPU_03,18952,1.00 percent
2023-07-02 21:12:49,(2(0)-1688296369:513244),systemResources.CPU_04,18953,50.00 percent
2023-07-02 21:12:49,(2(0)-1688296369:513252),systemResources.CPU_05,18954,1.00 percent
2023-07-02 21:12:49,(2(0)-1688296369:513261),systemResources.CPU_06,18955,31.37 percent
2023-07-02 21:12:49,(2(0)-1688296369:513269),systemResources.CPU_07,18956,1.00 percent
2023-07-02 21:12:49,(2(0)-1688296369:513277),systemResources.CPU_08,18957,31.68 percent
2023-07-02 21:12:49,(2(0)-1688296369:513285),systemResources.CPU_09,18958,1.00 percent
2023-07-02 21:12:49,(2(0)-1688296369:513294),systemResources.CPU_10,18959,26.26 percent
2023-07-02 21:12:49,(2(0)-1688296369:513303),systemResources.CPU_11,18960,0.00 percent
2023-07-02 21:12:49,(2(0)-1688296369:513303),systemResources.CPU,18948,21.15 percent
2023-07-02 21:12:49,(2(0)-1688296369:513308),systemResources.MEMORY_TOTAL,18944,2951924 KB
2023-07-02 21:12:49,(2(0)-1688296369:513309),systemResources.MEMORY_USED,18945,2550736 KB
2023-07-02 21:12:49,(2(0)-1688296369:513315),systemResources.FRAMEWORK_VERSION,18965,v3.2.0-39-gb3493ca03
2023-07-02 21:12:49,(2(0)-1688296369:513316),systemResources.PROJECT_VERSION,18966,v3.2.0-39-gb3493ca03
2023-07-02 21:12:50,(2(0)-1688296370:517197),systemResources.CPU_00,18949,52.00 percent
2023-07-02 21:12:50,(2(0)-1688296370:517208),systemResources.CPU_01,18950,0.00 percent
2023-07-02 21:12:50,(2(0)-1688296370:517219),systemResources.CPU_02,18951,53.47 percent
2023-07-02 21:12:50,(2(0)-1688296370:517228),systemResources.CPU_03,18952,0.99 percent
2023-07-02 21:12:50,(2(0)-1688296370:517237),systemResources.CPU_04,18953,49.50 percent
2023-07-02 21:12:50,(2(0)-1688296370:517246),systemResources.CPU_05,18954,0.99 percent
2023-07-02 21:12:50,(2(0)-1688296370:517254),systemResources.CPU_06,18955,48.98 percent
2023-07-02 21:12:50,(2(0)-1688296370:517263),systemResources.CPU_07,18956,1.00 percent
2023-07-02 21:12:50,(2(0)-1688296370:517272),systemResources.CPU_08,18957,27.00 percent
2023-07-02 21:12:50,(2(0)-1688296370:517281),systemResources.CPU_09,18958,1.98 percent
2023-07-02 21:12:50,(2(0)-1688296370:517289),systemResources.CPU_10,18959,35.64 percent
2023-07-02 21:12:50,(2(0)-1688296370:517297),systemResources.CPU_11,18960,2.97 percent
2023-07-02 21:12:50,(2(0)-1688296370:517297),systemResources.CPU,18948,22.88 percent
2023-07-02 21:12:50,(2(0)-1688296370:517302),systemResources.MEMORY_TOTAL,18944,2951988 KB
2023-07-02 21:12:50,(2(0)-1688296370:517303),systemResources.MEMORY_USED,18945,2559132 KB
2023-07-02 21:12:50,(2(0)-1688296370:517310),systemResources.FRAMEWORK_VERSION,18965,v3.2.0-39-gb3493ca03
2023-07-02 21:12:50,(2(0)-1688296370:517311),systemResources.PROJECT_VERSION,18966,v3.2.0-39-gb3493ca03
2023-07-02 21:12:52,(2(0)-1688296372:520941),blockDrv.BD_Cycles,256,9
2023-07-02 21:12:51,(2(0)-1688296371:518559),systemResources.CPU_00,18949,44.00 percent
2023-07-02 21:12:51,(2(0)-1688296371:518575),systemResources.CPU_01,18950,1.98 percent
2023-07-02 21:12:51,(2(0)-1688296371:518589),systemResources.CPU_02,18951,34.34 percent
2023-07-02 21:12:51,(2(0)-1688296371:518604),systemResources.CPU_03,18952,1.01 percent
2023-07-02 21:12:51,(2(0)-1688296371:518618),systemResources.CPU_04,18953,35.00 percent
2023-07-02 21:12:51,(2(0)-1688296371:518633),systemResources.CPU_05,18954,2.00 percent
2023-07-02 21:12:51,(2(0)-1688296371:518647),systemResources.CPU_06,18955,41.58 percent
2023-07-02 21:12:51,(2(0)-1688296371:518656),systemResources.CPU_07,18956,2.97 percent
2023-07-02 21:12:51,(2(0)-1688296371:518665),systemResources.CPU_08,18957,43.00 percent
2023-07-02 21:12:51,(2(0)-1688296371:518674),systemResources.CPU_09,18958,0.00 percent
2023-07-02 21:12:51,(2(0)-1688296371:518683),systemResources.CPU_10,18959,33.00 percent
2023-07-02 21:12:51,(2(0)-1688296371:518694),systemResources.CPU_11,18960,0.00 percent
2023-07-02 21:12:51,(2(0)-1688296371:518694),systemResources.CPU,18948,19.91 percent
2023-07-02 21:12:51,(2(0)-1688296371:518700),systemResources.MEMORY_TOTAL,18944,2954380 KB
2023-07-02 21:12:51,(2(0)-1688296371:518700),systemResources.MEMORY_USED,18945,2605020 KB
2023-07-02 21:12:51,(2(0)-1688296371:518710),systemResources.FRAMEWORK_VERSION,18965,v3.2.0-39-gb3493ca03
2023-07-02 21:12:51,(2(0)-1688296371:518710),systemResources.PROJECT_VERSION,18966,v3.2.0-39-gb3493ca03
2023-07-02 21:12:52,(2(0)-1688296372:520981),systemResources.CPU_00,18949,41.58 percent
2023-07-02 21:12:52,(2(0)-1688296372:520992),systemResources.CPU_01,18950,0.00 percent
2023-07-02 21:12:52,(2(0)-1688296372:521003),systemResources.CPU_02,18951,39.00 percent
2023-07-02 21:12:52,(2(0)-1688296372:521013),systemResources.CPU_03,18952,0.99 percent
2023-07-02 21:12:52,(2(0)-1688296372:521023),systemResources.CPU_04,18953,34.00 percent
2023-07-02 21:12:52,(2(0)-1688296372:521033),systemResources.CPU_05,18954,0.00 percent
2023-07-02 21:12:52,(2(0)-1688296372:521043),systemResources.CPU_06,18955,38.00 percent
2023-07-02 21:12:52,(2(0)-1688296372:521053),systemResources.CPU_07,18956,0.99 percent
2023-07-02 21:12:52,(2(0)-1688296372:521062),systemResources.CPU_08,18957,41.58 percent
2023-07-02 21:12:52,(2(0)-1688296372:521072),systemResources.CPU_09,18958,0.99 percent
2023-07-02 21:12:52,(2(0)-1688296372:521082),systemResources.CPU_10,18959,29.00 percent
2023-07-02 21:12:52,(2(0)-1688296372:521091),systemResources.CPU_11,18960,1.00 percent
2023-07-02 21:12:52,(2(0)-1688296372:521091),systemResources.CPU,18948,18.93 percent
2023-07-02 21:12:52,(2(0)-1688296372:521096),systemResources.MEMORY_TOTAL,18944,2955180 KB
2023-07-02 21:12:52,(2(0)-1688296372:521097),systemResources.MEMORY_USED,18945,2605948 KB
2023-07-02 21:12:52,(2(0)-1688296372:521103),systemResources.FRAMEWORK_VERSION,18965,v3.2.0-39-gb3493ca03
2023-07-02 21:12:52,(2(0)-1688296372:521104),systemResources.PROJECT_VERSION,18966,v3.2.0-39-gb3493ca03
2023-07-02 21:12:53,(2(0)-1688296373:525337),blockDrv.BD_Cycles,256,10
2023-07-02 21:12:53,(2(0)-1688296373:525355),systemResources.CPU_00,18949,42.42 percent
2023-07-02 21:12:53,(2(0)-1688296373:525369),systemResources.CPU_01,18950,1.98 percent
2023-07-02 21:12:53,(2(0)-1688296373:525381),systemResources.CPU_02,18951,34.65 percent
2023-07-02 21:12:53,(2(0)-1688296373:525392),systemResources.CPU_03,18952,0.99 percent
2023-07-02 21:12:53,(2(0)-1688296373:525405),systemResources.CPU_04,18953,26.73 percent
2023-07-02 21:12:53,(2(0)-1688296373:525416),systemResources.CPU_05,18954,1.98 percent
2023-07-02 21:12:53,(2(0)-1688296373:525425),systemResources.CPU_06,18955,32.67 percent
2023-07-02 21:12:53,(2(0)-1688296373:525434),systemResources.CPU_07,18956,1.00 percent
2023-07-02 21:12:53,(2(0)-1688296373:525444),systemResources.CPU_08,18957,27.00 percent
2023-07-02 21:12:53,(2(0)-1688296373:525454),systemResources.CPU_09,18958,2.00 percent
2023-07-02 21:12:53,(2(0)-1688296373:525463),systemResources.CPU_10,18959,35.00 percent
2023-07-02 21:12:53,(2(0)-1688296373:525472),systemResources.CPU_11,18960,0.00 percent
2023-07-02 21:12:53,(2(0)-1688296373:525472),systemResources.CPU,18948,17.20 percent
2023-07-02 21:12:53,(2(0)-1688296373:525477),systemResources.MEMORY_TOTAL,18944,2955096 KB
2023-07-02 21:12:53,(2(0)-1688296373:525478),systemResources.MEMORY_USED,18945,2610816 KB
2023-07-02 21:12:53,(2(0)-1688296373:525484),systemResources.FRAMEWORK_VERSION,18965,v3.2.0-39-gb3493ca03
2023-07-02 21:12:53,(2(0)-1688296373:525485),systemResources.PROJECT_VERSION,18966,v3.2.0-39-gb3493ca03
2023-07-02 21:12:54,(2(0)-1688296374:529777),systemResources.CPU_00,18949,37.62 percent
2023-07-02 21:12:54,(2(0)-1688296374:529789),systemResources.CPU_01,18950,0.00 percent
2023-07-02 21:12:54,(2(0)-1688296374:529799),systemResources.CPU_02,18951,35.64 percent
2023-07-02 21:12:54,(2(0)-1688296374:529808),systemResources.CPU_03,18952,0.00 percent
2023-07-02 21:12:54,(2(0)-1688296374:529817),systemResources.CPU_04,18953,55.45 percent
2023-07-02 21:12:54,(2(0)-1688296374:529833),systemResources.CPU_05,18954,0.00 percent
2023-07-02 21:12:54,(2(0)-1688296374:529842),systemResources.CPU_06,18955,27.00 percent
2023-07-02 21:12:54,(2(0)-1688296374:529850),systemResources.CPU_07,18956,0.00 percent
2023-07-02 21:12:54,(2(0)-1688296374:529859),systemResources.CPU_08,18957,17.00 percent
2023-07-02 21:12:54,(2(0)-1688296374:529867),systemResources.CPU_09,18958,0.99 percent
2023-07-02 21:12:54,(2(0)-1688296374:529875),systemResources.CPU_10,18959,8.91 percent
2023-07-02 21:12:54,(2(0)-1688296374:529884),systemResources.CPU_11,18960,0.99 percent
2023-07-02 21:12:54,(2(0)-1688296374:529885),systemResources.CPU,18948,15.30 percent
2023-07-02 21:12:54,(2(0)-1688296374:529889),systemResources.MEMORY_TOTAL,18944,2955136 KB
2023-07-02 21:12:54,(2(0)-1688296374:529890),systemResources.MEMORY_USED,18945,2608924 KB
2023-07-02 21:12:54,(2(0)-1688296374:529898),systemResources.FRAMEWORK_VERSION,18965,v3.2.0-39-gb3493ca03
2023-07-02 21:12:54,(2(0)-1688296374:529898),systemResources.PROJECT_VERSION,18966,v3.2.0-39-gb3493ca03
2023-07-02 21:12:54,(2(0)-1688296374:529760),blockDrv.BD_Cycles,256,11
2023-07-02 21:12:56,(2(0)-1688296376:533405),blockDrv.BD_Cycles,256,13
2023-07-02 21:12:55,(2(0)-1688296375:531523),systemResources.CPU_00,18949,31.00 percent
2023-07-02 21:12:55,(2(0)-1688296375:531541),systemResources.CPU_01,18950,0.00 percent
2023-07-02 21:12:55,(2(0)-1688296375:531555),systemResources.CPU_02,18951,32.32 percent
2023-07-02 21:12:55,(2(0)-1688296375:531569),systemResources.CPU_03,18952,1.00 percent
2023-07-02 21:12:55,(2(0)-1688296375:531580),systemResources.CPU_04,18953,42.00 percent
2023-07-02 21:12:55,(2(0)-1688296375:531590),systemResources.CPU_05,18954,0.00 percent
2023-07-02 21:12:55,(2(0)-1688296375:531600),systemResources.CPU_06,18955,40.59 percent
2023-07-02 21:12:55,(2(0)-1688296375:531609),systemResources.CPU_07,18956,1.00 percent
2023-07-02 21:12:55,(2(0)-1688296375:531618),systemResources.CPU_08,18957,34.00 percent
2023-07-02 21:12:55,(2(0)-1688296375:531627),systemResources.CPU_09,18958,2.00 percent
2023-07-02 21:12:55,(2(0)-1688296375:531637),systemResources.CPU_10,18959,28.00 percent
2023-07-02 21:12:55,(2(0)-1688296375:531644),systemResources.CPU_11,18960,0.99 percent
2023-07-02 21:12:55,(2(0)-1688296375:531645),systemResources.CPU,18948,17.74 percent
2023-07-02 21:12:55,(2(0)-1688296375:531650),systemResources.MEMORY_TOTAL,18944,2954976 KB
2023-07-02 21:12:55,(2(0)-1688296375:531651),systemResources.MEMORY_USED,18945,2614064 KB
2023-07-02 21:12:55,(2(0)-1688296375:531657),systemResources.FRAMEWORK_VERSION,18965,v3.2.0-39-gb3493ca03
2023-07-02 21:12:55,(2(0)-1688296375:531658),systemResources.PROJECT_VERSION,18966,v3.2.0-39-gb3493ca03
