Hit Ctrl-C to quit
EVENT: (1280) (2:1688296363,495236) DIAGNOSTIC: (cmdDisp) OpCodeRegistered : Opcode 0x500 registered to port 0 slot 0
EVENT: (1280) (2:1688296363,495276) DIAGNOSTIC: (cmdDisp) OpCodeRegistered : Opcode 0x501 registered to port 0 slot 1
EVENT: (1280) (2:1688296363,495286) DIAGNOSTIC: (cmdDisp) OpCodeRegistered : Opcode 0x502 registered to port 0 slot 2
EVENT: (1280) (2:1688296363,495293) DIAGNOSTIC: (cmdDisp) OpCodeRegistered : Opcode 0x503 registered to port 0 slot 3
EVENT: (1280) (2:1688296363,495300) DIAGNOSTIC: (cmdDisp) OpCodeRegistered : Opcode 0x600 registered to port 1 slot 4
EVENT: (1280) (2:1688296363,495307) DIAGNOSTIC: (cmdDisp) OpCodeRegistered : Opcode 0x601 registered to port 1 slot 5
EVENT: (1280) (2:1688296363,495313) DIAGNOSTIC: (cmdDisp) OpCodeRegistered : Opcode 0x602 registered to port 1 slot 6
EVENT: (1280) (2:1688296363,495320) DIAGNOSTIC: (cmdDisp) OpCodeRegistered : Opcode 0x603 registered to port 1 slot 7
EVENT: (1280) (2:1688296363,495326) DIAGNOSTIC: (cmdDisp) OpCodeRegistered : Opcode 0x604 registered to port 1 slot 8
EVENT: (1280) (2:1688296363,495333) DIAGNOSTIC: (cmdDisp) OpCodeRegistered : Opcode 0x605 registered to port 1 slot 9
EVENT: (1280) (2:1688296363,495339) DIAGNOSTIC: (cmdDisp) OpCodeRegistered : Opcode 0x606 registered to port 1 slot 10
EVENT: (1280) (2:1688296363,495346) DIAGNOSTIC: (cmdDisp) OpCodeRegistered : Opcode 0x607 registered to port 1 slot 11
EVENT: (1280) (2:1688296363,495352) DIAGNOSTIC: (cmdDisp) OpCodeRegistered : Opcode 0xb00 registered to port 2 slot 12
EVENT: (1280) (2:1688296363,495359) DIAGNOSTIC: (cmdDisp) OpCodeRegistered : Opcode 0xb02 registered to port 2 slot 13
EVENT: (1280) (2:1688296363,495365) DIAGNOSTIC: (cmdDisp) OpCodeRegistered : Opcode 0xb03 registered to port 2 slot 14
EVENT: (1280) (2:1688296363,495372) DIAGNOSTIC: (cmdDisp) OpCodeRegistered : Opcode 0x700 registered to port 3 slot 15
EVENT: (1280) (2:1688296363,495378) DIAGNOSTIC: (cmdDisp) OpCodeRegistered : Opcode 0x701 registered to port 3 slot 16
EVENT: (1280) (2:1688296363,495385) DIAGNOSTIC: (cmdDisp) OpCodeRegistered : Opcode 0x702 registered to port 3 slot 17
EVENT: (1280) (2:1688296363,495391) DIAGNOSTIC: (cmdDisp) OpCodeRegistered : Opcode 0x800 registered to port 4 slot 18
EVENT: (1280) (2:1688296363,495397) DIAGNOSTIC: (cmdDisp) OpCodeRegistered : Opcode 0x801 registered to port 4 slot 19
EVENT: (1280) (2:1688296363,495404) DIAGNOSTIC: (cmdDisp) OpCodeRegistered : Opcode 0x802 registered to port 4 slot 20
EVENT: (1280) (2:1688296363,495410) DIAGNOSTIC: (cmdDisp) OpCodeRegistered : Opcode 0x803 registered to port 4 slot 21
EVENT: (1280) (2:1688296363,495417) DIAGNOSTIC: (cmdDisp) OpCodeRegistered : Opcode 0x804 registered to port 4 slot 22
EVENT: (1280) (2:1688296363,495423) DIAGNOSTIC: (cmdDisp) OpCodeRegistered : Opcode 0x805 registered to port 4 slot 23
EVENT: (1280) (2:1688296363,495429) DIAGNOSTIC: (cmdDisp) OpCodeRegistered : Opcode 0x806 registered to port 4 slot 24
EVENT: (1280) (2:1688296363,495436) DIAGNOSTIC: (cmdDisp) OpCodeRegistered : Opcode 0x2000 registered to port 5 slot 25
EVENT: (1280) (2:1688296363,495442) DIAGNOSTIC: (cmdDisp) OpCodeRegistered : Opcode 0x2001 registered to port 5 slot 26
EVENT: (1280) (2:1688296363,495448) DIAGNOSTIC: (cmdDisp) OpCodeRegistered : Opcode 0x2002 registered to port 5 slot 27
EVENT: (1280) (2:1688296363,495455) DIAGNOSTIC: (cmdDisp) OpCodeRegistered : Opcode 0xe00 registered to port 6 slot 28
EVENT: (1280) (2:1688296363,495461) DIAGNOSTIC: (cmdDisp) OpCodeRegistered : Opcode 0xd00 registered to port 7 slot 29
EVENT: (1280) (2:1688296363,495468) DIAGNOSTIC: (cmdDisp) OpCodeRegistered : Opcode 0x4a00 registered to port 8 slot 30
EVENT: (1280) (2:1688296363,495474) DIAGNOSTIC: (cmdDisp) OpCodeRegistered : Opcode 0x4a01 registered to port 8 slot 31
EVENT: (3334) (2:1688296363,495499) WARNING_HI: (prmDb) PrmFileReadError : Parameter file read failed in stage OPEN (0) with record 0 and error 1
[WARNING] High task priority of 140 being clamped to 47
[WARNING] High task priority of 101 being clamped to 47
[WARNING] High task priority of 100 being clamped to 47
[WARNING] High task priority of 98 being clamped to 47
[WARNING] High task priority of 100 being clamped to 47
[WARNING] High task priority of 100 being clamped to 47
[WARNING] High task priority of 100 being clamped to 47
[ERROR] Failed to send framed data: 2
[WARNING] High task priority of 100 being clamped to 47
[WARNING] High task priority of 96 being clamped to 47
[WARNING] High task priority of 120 being clamped to 47
[WARNING] High task priority of 119 being clamped to 47
[WARNING] High task priority of 118 being clamped to 47
EVENT: (768) (2:1688296363,495851) DIAGNOSTIC: (rateGroup2) RateGroupStarted : Rate group started.
EVENT: (1024) (2:1688296363,495881) DIAGNOSTIC: (rateGroup3) RateGroupStarted : Rate group started.
EVENT: (512) (2:1688296363,495842) DIAGNOSTIC: (rateGroup1) RateGroupStarted : Rate group started.
[WARNING] High task priority of 97 being clamped to 47
[WARNING] High task priority of 100 being clamped to 47
Connected to 0.0.0.0:50000 as a tcp client
[WARNING] Failed to recv from port with status -8 and errno 0
Exiting...
