2023-07-07 23:12:11,(2(0)-1688735531:8251),fileUplinkBufferManager.HiBuffs,17410,0
2023-07-07 23:12:11,(2(0)-1688735531:8259),fileUplinkBufferManager.CurrBuffs,17409,0
2023-07-07 23:12:11,(2(0)-1688735531:8264),fileUplinkBufferManager.TotalBuffs,17408,30
2023-07-07 23:12:11,(2(0)-1688735531:8268),fileUplinkBufferManager.NoBuffs,17411,0
2023-07-07 23:12:11,(2(0)-1688735531:8272),fileUplinkBufferManager.EmptyBuffs,17412,0
2023-07-07 23:12:11,(2(0)-1688735531:8283),rateGroup3.RgMaxTime,1024,429 us
2023-07-07 23:12:11,(2(0)-1688735531:8375),rateGroup2.RgMaxTime,768,522 us
2023-07-07 23:12:11,(2(0)-1688735531:8762),systemResources.CPU_00,18949,1.83 percent
2023-07-07 23:12:11,(2(0)-1688735531:8983),systemResources.CPU_01,18950,2.57 percent
2023-07-07 23:12:11,(2(0)-1688735531:9177),systemResources.CPU_02,18951,1.57 percent
2023-07-07 23:12:11,(2(0)-1688735531:9365),systemResources.CPU_03,18952,1.65 percent
2023-07-07 23:12:11,(2(0)-1688735531:9371),systemResources.CPU,18948,1.90 percent
2023-07-07 23:12:11,(2(0)-1688735531:9405),systemResources.MEMORY_TOTAL,18944,944092 KB
2023-07-07 23:12:11,(2(0)-1688735531:9411),systemResources.MEMORY_USED,18945,772684 KB
2023-07-07 23:12:11,(2(0)-1688735531:9447),systemResources.FRAMEWORK_VERSION,18965,v3.2.0-39-gb3493ca03
2023-07-07 23:12:11,(2(0)-1688735531:9458),systemResources.PROJECT_VERSION,18966,v3.2.0-39-gb3493ca03
2023-07-07 23:12:11,(2(0)-1688735531:9472),rateGroup1.RgMaxTime,512,1619 us
2023-07-07 23:12:12,(2(0)-1688735532:8126),blockDrv.BD_Cycles,256,1
2023-07-07 23:12:12,(2(0)-1688735532:8626),systemResources.CPU_00,18949,0.00 percent
2023-07-07 23:12:12,(2(0)-1688735532:8825),systemResources.CPU_01,18950,0.00 percent
2023-07-07 23:12:12,(2(0)-1688735532:9012),systemResources.CPU_02,18951,28.74 percent
2023-07-07 23:12:12,(2(0)-1688735532:9203),systemResources.CPU_03,18952,0.99 percent
2023-07-07 23:12:12,(2(0)-1688735532:9209),systemResources.CPU,18948,7.43 percent
2023-07-07 23:12:12,(2(0)-1688735532:9229),systemResources.MEMORY_TOTAL,18944,944092 KB
2023-07-07 23:12:12,(2(0)-1688735532:9235),systemResources.MEMORY_USED,18945,772684 KB
2023-07-07 23:12:12,(2(0)-1688735532:9263),systemResources.FRAMEWORK_VERSION,18965,v3.2.0-39-gb3493ca03
2023-07-07 23:12:12,(2(0)-1688735532:9274),systemResources.PROJECT_VERSION,18966,v3.2.0-39-gb3493ca03
2023-07-07 23:12:13,(2(0)-1688735533:8754),systemResources.CPU_00,18949,0.00 percent
2023-07-07 23:12:13,(2(0)-1688735533:8950),systemResources.CPU_01,18950,0.00 percent
2023-07-07 23:12:13,(2(0)-1688735533:9138),systemResources.CPU_02,18951,15.05 percent
2023-07-07 23:12:13,(2(0)-1688735533:9326),systemResources.CPU_03,18952,0.00 percent
2023-07-07 23:12:13,(2(0)-1688735533:9332),systemResources.CPU,18948,3.76 percent
2023-07-07 23:12:13,(2(0)-1688735533:9352),systemResources.MEMORY_TOTAL,18944,944092 KB
2023-07-07 23:12:13,(2(0)-1688735533:9357),systemResources.MEMORY_USED,18945,772684 KB
2023-07-07 23:12:13,(2(0)-1688735533:9385),systemResources.FRAMEWORK_VERSION,18965,v3.2.0-39-gb3493ca03
2023-07-07 23:12:13,(2(0)-1688735533:9394),systemResources.PROJECT_VERSION,18966,v3.2.0-39-gb3493ca03
2023-07-07 23:12:14,(2(0)-1688735534:8513),blockDrv.BD_Cycles,256,3
2023-07-07 23:12:14,(2(0)-1688735534:8938),systemResources.CPU_00,18949,1.00 percent
2023-07-07 23:12:14,(2(0)-1688735534:9131),systemResources.CPU_01,18950,0.00 percent
2023-07-07 23:12:14,(2(0)-1688735534:9319),systemResources.CPU_02,18951,0.00 percent
2023-07-07 23:12:14,(2(0)-1688735534:9508),systemResources.CPU_03,18952,0.00 percent
2023-07-07 23:12:14,(2(0)-1688735534:9514),systemResources.CPU,18948,0.25 percent
2023-07-07 23:12:14,(2(0)-1688735534:9535),systemResources.MEMORY_TOTAL,18944,944092 KB
2023-07-07 23:12:14,(2(0)-1688735534:9541),systemResources.MEMORY_USED,18945,772684 KB
2023-07-07 23:12:14,(2(0)-1688735534:9569),systemResources.FRAMEWORK_VERSION,18965,v3.2.0-39-gb3493ca03
2023-07-07 23:12:14,(2(0)-1688735534:9579),systemResources.PROJECT_VERSION,18966,v3.2.0-39-gb3493ca03
2023-07-07 23:12:15,(2(0)-1688735535:9187),systemResources.CPU_00,18949,0.00 percent
2023-07-07 23:12:15,(2(0)-1688735535:9390),systemResources.CPU_01,18950,0.00 percent
2023-07-07 23:12:15,(2(0)-1688735535:9579),systemResources.CPU_02,18951,0.00 percent
2023-07-07 23:12:15,(2(0)-1688735535:9766),systemResources.CPU_03,18952,0.00 percent
2023-07-07 23:12:15,(2(0)-1688735535:9772),systemResources.CPU,18948,0.00 percent
2023-07-07 23:12:15,(2(0)-1688735535:9793),systemResources.MEMORY_TOTAL,18944,944092 KB
2023-07-07 23:12:15,(2(0)-1688735535:9799),systemResources.MEMORY_USED,18945,772684 KB
2023-07-07 23:12:15,(2(0)-1688735535:9827),systemResources.FRAMEWORK_VERSION,18965,v3.2.0-39-gb3493ca03
2023-07-07 23:12:15,(2(0)-1688735535:9836),systemResources.PROJECT_VERSION,18966,v3.2.0-39-gb3493ca03
2023-07-07 23:12:16,(2(0)-1688735536:9215),blockDrv.BD_Cycles,256,5
2023-07-07 23:12:16,(2(0)-1688735536:9651),systemResources.CPU_00,18949,0.00 percent
2023-07-07 23:12:16,(2(0)-1688735536:9846),systemResources.CPU_01,18950,0.00 percent
2023-07-07 23:12:16,(2(0)-1688735536:10035),systemResources.CPU_02,18951,0.00 percent
2023-07-07 23:12:16,(2(0)-1688735536:10225),systemResources.CPU_03,18952,0.00 percent
2023-07-07 23:12:16,(2(0)-1688735536:10231),systemResources.CPU,18948,0.00 percent
2023-07-07 23:12:16,(2(0)-1688735536:10250),systemResources.MEMORY_TOTAL,18944,944092 KB
2023-07-07 23:12:16,(2(0)-1688735536:10256),systemResources.MEMORY_USED,18945,772684 KB
2023-07-07 23:12:16,(2(0)-1688735536:10284),systemResources.FRAMEWORK_VERSION,18965,v3.2.0-39-gb3493ca03
2023-07-07 23:12:16,(2(0)-1688735536:10294),systemResources.PROJECT_VERSION,18966,v3.2.0-39-gb3493ca03
2023-07-07 23:12:17,(2(0)-1688735537:9802),systemResources.CPU_00,18949,0.00 percent
2023-07-07 23:12:17,(2(0)-1688735537:9995),systemResources.CPU_01,18950,0.00 percent
2023-07-07 23:12:17,(2(0)-1688735537:10184),systemResources.CPU_02,18951,0.00 percent
2023-07-07 23:12:17,(2(0)-1688735537:10371),systemResources.CPU_03,18952,0.00 percent
2023-07-07 23:12:17,(2(0)-1688735537:10377),systemResources.CPU,18948,0.00 percent
2023-07-07 23:12:17,(2(0)-1688735537:10397),systemResources.MEMORY_TOTAL,18944,944092 KB
2023-07-07 23:12:17,(2(0)-1688735537:10403),systemResources.MEMORY_USED,18945,772684 KB
2023-07-07 23:12:17,(2(0)-1688735537:10432),systemResources.FRAMEWORK_VERSION,18965,v3.2.0-39-gb3493ca03
2023-07-07 23:12:17,(2(0)-1688735537:10441),systemResources.PROJECT_VERSION,18966,v3.2.0-39-gb3493ca03
2023-07-07 23:12:18,(2(0)-1688735538:9569),blockDrv.BD_Cycles,256,7
2023-07-07 23:12:18,(2(0)-1688735538:9990),systemResources.CPU_00,18949,0.00 percent
2023-07-07 23:12:18,(2(0)-1688735538:10185),systemResources.CPU_01,18950,0.00 percent
2023-07-07 23:12:18,(2(0)-1688735538:10373),systemResources.CPU_02,18951,0.00 percent
2023-07-07 23:12:18,(2(0)-1688735538:10563),systemResources.CPU_03,18952,0.00 percent
2023-07-07 23:12:18,(2(0)-1688735538:10569),systemResources.CPU,18948,0.00 percent
2023-07-07 23:12:18,(2(0)-1688735538:10589),systemResources.MEMORY_TOTAL,18944,944092 KB
2023-07-07 23:12:18,(2(0)-1688735538:10594),systemResources.MEMORY_USED,18945,772684 KB
2023-07-07 23:12:18,(2(0)-1688735538:10622),systemResources.FRAMEWORK_VERSION,18965,v3.2.0-39-gb3493ca03
2023-07-07 23:12:18,(2(0)-1688735538:10632),systemResources.PROJECT_VERSION,18966,v3.2.0-39-gb3493ca03
2023-07-07 23:12:19,(2(0)-1688735539:10247),systemResources.CPU_00,18949,0.00 percent
2023-07-07 23:12:19,(2(0)-1688735539:10450),systemResources.CPU_01,18950,0.00 percent
2023-07-07 23:12:19,(2(0)-1688735539:10639),systemResources.CPU_02,18951,0.00 percent
2023-07-07 23:12:19,(2(0)-1688735539:10828),systemResources.CPU_03,18952,0.00 percent
2023-07-07 23:12:19,(2(0)-1688735539:10833),systemResources.CPU,18948,0.00 percent
2023-07-07 23:12:19,(2(0)-1688735539:10853),systemResources.MEMORY_TOTAL,18944,944092 KB
2023-07-07 23:12:19,(2(0)-1688735539:10859),systemResources.MEMORY_USED,18945,772684 KB
2023-07-07 23:12:19,(2(0)-1688735539:10886),systemResources.FRAMEWORK_VERSION,18965,v3.2.0-39-gb3493ca03
2023-07-07 23:12:19,(2(0)-1688735539:10896),systemResources.PROJECT_VERSION,18966,v3.2.0-39-gb3493ca03
2023-07-07 23:12:20,(2(0)-1688735540:10252),blockDrv.BD_Cycles,256,9
2023-07-07 23:12:21,(2(0)-1688735541:10528),blockDrv.BD_Cycles,256,10
2023-07-07 23:12:20,(2(0)-1688735540:10698),systemResources.CPU_00,18949,0.00 percent
2023-07-07 23:12:20,(2(0)-1688735540:10893),systemResources.CPU_01,18950,0.00 percent
2023-07-07 23:12:20,(2(0)-1688735540:11083),systemResources.CPU_02,18951,0.00 percent
2023-07-07 23:12:20,(2(0)-1688735540:11274),systemResources.CPU_03,18952,0.00 percent
2023-07-07 23:12:20,(2(0)-1688735540:11280),systemResources.CPU,18948,0.00 percent
2023-07-07 23:12:20,(2(0)-1688735540:11299),systemResources.MEMORY_TOTAL,18944,944092 KB
2023-07-07 23:12:20,(2(0)-1688735540:11305),systemResources.MEMORY_USED,18945,772684 KB
2023-07-07 23:12:20,(2(0)-1688735540:11333),systemResources.FRAMEWORK_VERSION,18965,v3.2.0-39-gb3493ca03
2023-07-07 23:12:20,(2(0)-1688735540:11342),systemResources.PROJECT_VERSION,18966,v3.2.0-39-gb3493ca03
2023-07-07 23:12:21,(2(0)-1688735541:10959),systemResources.CPU_00,18949,0.00 percent
2023-07-07 23:12:21,(2(0)-1688735541:11166),systemResources.CPU_01,18950,0.00 percent
2023-07-07 23:12:21,(2(0)-1688735541:11356),systemResources.CPU_02,18951,2.00 percent
2023-07-07 23:12:21,(2(0)-1688735541:11545),systemResources.CPU_03,18952,0.00 percent
2023-07-07 23:12:21,(2(0)-1688735541:11551),systemResources.CPU,18948,0.50 percent
2023-07-07 23:12:21,(2(0)-1688735541:11571),systemResources.MEMORY_TOTAL,18944,944092 KB
2023-07-07 23:12:21,(2(0)-1688735541:11577),systemResources.MEMORY_USED,18945,772684 KB
2023-07-07 23:12:21,(2(0)-1688735541:11606),systemResources.FRAMEWORK_VERSION,18965,v3.2.0-39-gb3493ca03
2023-07-07 23:12:21,(2(0)-1688735541:11615),systemResources.PROJECT_VERSION,18966,v3.2.0-39-gb3493ca03
2023-07-07 23:12:22,(2(0)-1688735542:10673),blockDrv.BD_Cycles,256,11
2023-07-07 23:12:22,(2(0)-1688735542:11149),systemResources.CPU_00,18949,0.00 percent
2023-07-07 23:12:22,(2(0)-1688735542:11343),systemResources.CPU_01,18950,0.00 percent
2023-07-07 23:12:22,(2(0)-1688735542:11533),systemResources.CPU_02,18951,0.00 percent
2023-07-07 23:12:22,(2(0)-1688735542:11723),systemResources.CPU_03,18952,0.00 percent
2023-07-07 23:12:22,(2(0)-1688735542:11729),systemResources.CPU,18948,0.00 percent
2023-07-07 23:12:22,(2(0)-1688735542:11749),systemResources.MEMORY_TOTAL,18944,944092 KB
2023-07-07 23:12:22,(2(0)-1688735542:11755),systemResources.MEMORY_USED,18945,772684 KB
2023-07-07 23:12:22,(2(0)-1688735542:11784),systemResources.FRAMEWORK_VERSION,18965,v3.2.0-39-gb3493ca03
2023-07-07 23:12:22,(2(0)-1688735542:11794),systemResources.PROJECT_VERSION,18966,v3.2.0-39-gb3493ca03
2023-07-07 23:12:23,(2(0)-1688735543:11437),systemResources.CPU_00,18949,0.00 percent
2023-07-07 23:12:23,(2(0)-1688735543:11641),systemResources.CPU_01,18950,0.00 percent
2023-07-07 23:12:23,(2(0)-1688735543:11832),systemResources.CPU_02,18951,5.15 percent
2023-07-07 23:12:23,(2(0)-1688735543:12019),systemResources.CPU_03,18952,0.00 percent
2023-07-07 23:12:23,(2(0)-1688735543:12026),systemResources.CPU,18948,1.29 percent
2023-07-07 23:12:23,(2(0)-1688735543:12047),systemResources.MEMORY_TOTAL,18944,944092 KB
2023-07-07 23:12:23,(2(0)-1688735543:12053),systemResources.MEMORY_USED,18945,772684 KB
2023-07-07 23:12:23,(2(0)-1688735543:12082),systemResources.FRAMEWORK_VERSION,18965,v3.2.0-39-gb3493ca03
2023-07-07 23:12:23,(2(0)-1688735543:12091),systemResources.PROJECT_VERSION,18966,v3.2.0-39-gb3493ca03
2023-07-07 23:12:24,(2(0)-1688735544:11431),blockDrv.BD_Cycles,256,13
2023-07-07 23:12:24,(2(0)-1688735544:11890),systemResources.CPU_00,18949,0.00 percent
2023-07-07 23:12:24,(2(0)-1688735544:12088),systemResources.CPU_01,18950,0.00 percent
2023-07-07 23:12:24,(2(0)-1688735544:12277),systemResources.CPU_02,18951,28.41 percent
2023-07-07 23:12:24,(2(0)-1688735544:12467),systemResources.CPU_03,18952,0.00 percent
2023-07-07 23:12:24,(2(0)-1688735544:12474),systemResources.CPU,18948,7.10 percent
2023-07-07 23:12:24,(2(0)-1688735544:12494),systemResources.MEMORY_TOTAL,18944,944092 KB
2023-07-07 23:12:24,(2(0)-1688735544:12499),systemResources.MEMORY_USED,18945,772684 KB
2023-07-07 23:12:24,(2(0)-1688735544:12529),systemResources.FRAMEWORK_VERSION,18965,v3.2.0-39-gb3493ca03
2023-07-07 23:12:24,(2(0)-1688735544:12539),systemResources.PROJECT_VERSION,18966,v3.2.0-39-gb3493ca03
2023-07-07 23:12:25,(2(0)-1688735545:12022),systemResources.CPU_00,18949,0.00 percent
2023-07-07 23:12:25,(2(0)-1688735545:12217),systemResources.CPU_01,18950,0.00 percent
2023-07-07 23:12:25,(2(0)-1688735545:12406),systemResources.CPU_02,18951,28.74 percent
2023-07-07 23:12:25,(2(0)-1688735545:12593),systemResources.CPU_03,18952,0.00 percent
2023-07-07 23:12:25,(2(0)-1688735545:12599),systemResources.CPU,18948,7.18 percent
2023-07-07 23:12:25,(2(0)-1688735545:12618),systemResources.MEMORY_TOTAL,18944,944092 KB
2023-07-07 23:12:25,(2(0)-1688735545:12624),systemResources.MEMORY_USED,18945,772684 KB
2023-07-07 23:12:25,(2(0)-1688735545:12652),systemResources.FRAMEWORK_VERSION,18965,v3.2.0-39-gb3493ca03
2023-07-07 23:12:25,(2(0)-1688735545:12662),systemResources.PROJECT_VERSION,18966,v3.2.0-39-gb3493ca03
2023-07-07 23:12:26,(2(0)-1688735546:11839),blockDrv.BD_Cycles,256,15
2023-07-07 23:12:26,(2(0)-1688735546:12285),systemResources.CPU_00,18949,0.00 percent
2023-07-07 23:12:26,(2(0)-1688735546:12480),systemResources.CPU_01,18950,0.00 percent
2023-07-07 23:12:26,(2(0)-1688735546:12669),systemResources.CPU_02,18951,9.38 percent
2023-07-07 23:12:26,(2(0)-1688735546:12859),systemResources.CPU_03,18952,0.00 percent
2023-07-07 23:12:26,(2(0)-1688735546:12865),systemResources.CPU,18948,2.34 percent
2023-07-07 23:12:26,(2(0)-1688735546:12885),systemResources.MEMORY_TOTAL,18944,944092 KB
2023-07-07 23:12:26,(2(0)-1688735546:12890),systemResources.MEMORY_USED,18945,772684 KB
2023-07-07 23:12:26,(2(0)-1688735546:12918),systemResources.FRAMEWORK_VERSION,18965,v3.2.0-39-gb3493ca03
2023-07-07 23:12:26,(2(0)-1688735546:12928),systemResources.PROJECT_VERSION,18966,v3.2.0-39-gb3493ca03
2023-07-07 23:12:27,(2(0)-1688735547:12369),rateGroup3.RgMaxTime,1024,431 us
2023-07-07 23:12:27,(2(0)-1688735547:12479),systemResources.CPU_00,18949,0.00 percent
2023-07-07 23:12:27,(2(0)-1688735547:12683),systemResources.CPU_01,18950,0.00 percent
2023-07-07 23:12:27,(2(0)-1688735547:12872),systemResources.CPU_02,18951,0.00 percent
2023-07-07 23:12:27,(2(0)-1688735547:13060),systemResources.CPU_03,18952,0.00 percent
2023-07-07 23:12:27,(2(0)-1688735547:13066),systemResources.CPU,18948,0.00 percent
2023-07-07 23:12:27,(2(0)-1688735547:13085),systemResources.MEMORY_TOTAL,18944,944092 KB
2023-07-07 23:12:27,(2(0)-1688735547:13090),systemResources.MEMORY_USED,18945,772684 KB
2023-07-07 23:12:27,(2(0)-1688735547:13118),systemResources.FRAMEWORK_VERSION,18965,v3.2.0-39-gb3493ca03
2023-07-07 23:12:27,(2(0)-1688735547:13128),systemResources.PROJECT_VERSION,18966,v3.2.0-39-gb3493ca03
2023-07-07 23:12:28,(2(0)-1688735548:12579),blockDrv.BD_Cycles,256,17
2023-07-07 23:12:28,(2(0)-1688735548:13005),systemResources.CPU_00,18949,0.00 percent
2023-07-07 23:12:28,(2(0)-1688735548:13201),systemResources.CPU_01,18950,0.00 percent
2023-07-07 23:12:28,(2(0)-1688735548:13389),systemResources.CPU_02,18951,0.00 percent
2023-07-07 23:12:28,(2(0)-1688735548:13581),systemResources.CPU_03,18952,0.00 percent
2023-07-07 23:12:28,(2(0)-1688735548:13587),systemResources.CPU,18948,0.00 percent
2023-07-07 23:12:28,(2(0)-1688735548:13606),systemResources.MEMORY_TOTAL,18944,944092 KB
2023-07-07 23:12:28,(2(0)-1688735548:13612),systemResources.MEMORY_USED,18945,772684 KB
2023-07-07 23:12:28,(2(0)-1688735548:13640),systemResources.FRAMEWORK_VERSION,18965,v3.2.0-39-gb3493ca03
2023-07-07 23:12:28,(2(0)-1688735548:13651),systemResources.PROJECT_VERSION,18966,v3.2.0-39-gb3493ca03
2023-07-07 23:12:29,(2(0)-1688735549:13192),systemResources.CPU_00,18949,0.00 percent
2023-07-07 23:12:29,(2(0)-1688735549:13389),systemResources.CPU_01,18950,0.00 percent
2023-07-07 23:12:29,(2(0)-1688735549:13579),systemResources.CPU_02,18951,0.00 percent
2023-07-07 23:12:29,(2(0)-1688735549:13765),systemResources.CPU_03,18952,0.00 percent
2023-07-07 23:12:29,(2(0)-1688735549:13771),systemResources.CPU,18948,0.00 percent
2023-07-07 23:12:29,(2(0)-1688735549:13793),systemResources.MEMORY_TOTAL,18944,944092 KB
2023-07-07 23:12:29,(2(0)-1688735549:13799),systemResources.MEMORY_USED,18945,772684 KB
2023-07-07 23:12:29,(2(0)-1688735549:13827),systemResources.FRAMEWORK_VERSION,18965,v3.2.0-39-gb3493ca03
2023-07-07 23:12:29,(2(0)-1688735549:13836),systemResources.PROJECT_VERSION,18966,v3.2.0-39-gb3493ca03
2023-07-07 23:12:30,(2(0)-1688735550:12992),blockDrv.BD_Cycles,256,19
2023-07-07 23:12:29,(2(0)-1688735549:990808),cmdDisp.CommandsDispatched,1280,1
2023-07-07 23:12:30,(2(0)-1688735550:13452),systemResources.CPU_00,18949,0.00 percent
2023-07-07 23:12:30,(2(0)-1688735550:13649),systemResources.CPU_01,18950,0.00 percent
2023-07-07 23:12:30,(2(0)-1688735550:13837),systemResources.CPU_02,18951,0.00 percent
2023-07-07 23:12:30,(2(0)-1688735550:14028),systemResources.CPU_03,18952,0.00 percent
2023-07-07 23:12:30,(2(0)-1688735550:14035),systemResources.CPU,18948,0.00 percent
2023-07-07 23:12:30,(2(0)-1688735550:14055),systemResources.MEMORY_TOTAL,18944,944092 KB
2023-07-07 23:12:30,(2(0)-1688735550:14060),systemResources.MEMORY_USED,18945,772684 KB
2023-07-07 23:12:30,(2(0)-1688735550:14087),systemResources.FRAMEWORK_VERSION,18965,v3.2.0-39-gb3493ca03
2023-07-07 23:12:30,(2(0)-1688735550:14097),systemResources.PROJECT_VERSION,18966,v3.2.0-39-gb3493ca03
2023-07-07 23:12:31,(2(0)-1688735551:13544),fileUplinkBufferManager.HiBuffs,17410,1
2023-07-07 23:12:31,(2(0)-1688735551:13559),rateGroup3.RgMaxTime,1024,464 us
2023-07-07 23:12:31,(2(0)-1688735551:13662),systemResources.CPU_00,18949,0.00 percent
2023-07-07 23:12:31,(2(0)-1688735551:13872),systemResources.CPU_01,18950,0.00 percent
2023-07-07 23:12:31,(2(0)-1688735551:14061),systemResources.CPU_02,18951,0.00 percent
2023-07-07 23:12:31,(2(0)-1688735551:14249),systemResources.CPU_03,18952,0.00 percent
2023-07-07 23:12:31,(2(0)-1688735551:14255),systemResources.CPU,18948,0.00 percent
2023-07-07 23:12:31,(2(0)-1688735551:14276),systemResources.MEMORY_TOTAL,18944,944092 KB
2023-07-07 23:12:31,(2(0)-1688735551:14281),systemResources.MEMORY_USED,18945,772684 KB
2023-07-07 23:12:31,(2(0)-1688735551:14309),systemResources.FRAMEWORK_VERSION,18965,v3.2.0-39-gb3493ca03
2023-07-07 23:12:31,(2(0)-1688735551:14319),systemResources.PROJECT_VERSION,18966,v3.2.0-39-gb3493ca03
2023-07-07 23:12:32,(2(0)-1688735552:13769),blockDrv.BD_Cycles,256,21
2023-07-07 23:12:33,(2(0)-1688735553:13937),blockDrv.BD_Cycles,256,22
2023-07-07 23:12:32,(2(0)-1688735552:14197),systemResources.CPU_00,18949,0.00 percent
2023-07-07 23:12:32,(2(0)-1688735552:14400),systemResources.CPU_01,18950,0.00 percent
2023-07-07 23:12:32,(2(0)-1688735552:14592),systemResources.CPU_02,18951,0.00 percent
2023-07-07 23:12:32,(2(0)-1688735552:14783),systemResources.CPU_03,18952,0.00 percent
2023-07-07 23:12:32,(2(0)-1688735552:14789),systemResources.CPU,18948,0.00 percent
2023-07-07 23:12:32,(2(0)-1688735552:14808),systemResources.MEMORY_TOTAL,18944,944092 KB
2023-07-07 23:12:32,(2(0)-1688735552:14813),systemResources.MEMORY_USED,18945,772684 KB
2023-07-07 23:12:32,(2(0)-1688735552:14841),systemResources.FRAMEWORK_VERSION,18965,v3.2.0-39-gb3493ca03
2023-07-07 23:12:32,(2(0)-1688735552:14851),systemResources.PROJECT_VERSION,18966,v3.2.0-39-gb3493ca03
2023-07-07 23:12:33,(2(0)-1688735553:14354),systemResources.CPU_00,18949,0.00 percent
2023-07-07 23:12:33,(2(0)-1688735553:14549),systemResources.CPU_01,18950,0.00 percent
2023-07-07 23:12:33,(2(0)-1688735553:14737),systemResources.CPU_02,18951,0.00 percent
2023-07-07 23:12:33,(2(0)-1688735553:14924),systemResources.CPU_03,18952,0.00 percent
2023-07-07 23:12:33,(2(0)-1688735553:14930),systemResources.CPU,18948,0.00 percent
2023-07-07 23:12:33,(2(0)-1688735553:14949),systemResources.MEMORY_TOTAL,18944,944092 KB
2023-07-07 23:12:33,(2(0)-1688735553:14954),systemResources.MEMORY_USED,18945,772684 KB
2023-07-07 23:12:33,(2(0)-1688735553:14982),systemResources.FRAMEWORK_VERSION,18965,v3.2.0-39-gb3493ca03
2023-07-07 23:12:33,(2(0)-1688735553:14991),systemResources.PROJECT_VERSION,18966,v3.2.0-39-gb3493ca03
2023-07-07 23:12:34,(2(0)-1688735554:14076),blockDrv.BD_Cycles,256,23
2023-07-07 23:12:35,(2(0)-1688735555:14242),blockDrv.BD_Cycles,256,24
2023-07-07 23:12:34,(2(0)-1688735554:14581),systemResources.CPU_00,18949,1.01 percent
2023-07-07 23:12:34,(2(0)-1688735554:14779),systemResources.CPU_01,18950,1.01 percent
2023-07-07 23:12:34,(2(0)-1688735554:14968),systemResources.CPU_02,18951,3.00 percent
2023-07-07 23:12:34,(2(0)-1688735554:15159),systemResources.CPU_03,18952,2.00 percent
2023-07-07 23:12:34,(2(0)-1688735554:15165),systemResources.CPU,18948,1.76 percent
2023-07-07 23:12:34,(2(0)-1688735554:15185),systemResources.MEMORY_TOTAL,18944,944092 KB
2023-07-07 23:12:34,(2(0)-1688735554:15191),systemResources.MEMORY_USED,18945,772684 KB
2023-07-07 23:12:34,(2(0)-1688735554:15219),systemResources.FRAMEWORK_VERSION,18965,v3.2.0-39-gb3493ca03
2023-07-07 23:12:34,(2(0)-1688735554:15229),systemResources.PROJECT_VERSION,18966,v3.2.0-39-gb3493ca03
2023-07-07 23:12:35,(2(0)-1688735555:14759),systemResources.CPU_00,18949,1.00 percent
2023-07-07 23:12:35,(2(0)-1688735555:14962),systemResources.CPU_01,18950,0.00 percent
2023-07-07 23:12:35,(2(0)-1688735555:15150),systemResources.CPU_02,18951,0.00 percent
2023-07-07 23:12:35,(2(0)-1688735555:15337),systemResources.CPU_03,18952,0.00 percent
2023-07-07 23:12:35,(2(0)-1688735555:15344),systemResources.CPU,18948,0.25 percent
2023-07-07 23:12:35,(2(0)-1688735555:15363),systemResources.MEMORY_TOTAL,18944,944092 KB
2023-07-07 23:12:35,(2(0)-1688735555:15369),systemResources.MEMORY_USED,18945,772684 KB
2023-07-07 23:12:35,(2(0)-1688735555:15397),systemResources.FRAMEWORK_VERSION,18965,v3.2.0-39-gb3493ca03
2023-07-07 23:12:35,(2(0)-1688735555:15407),systemResources.PROJECT_VERSION,18966,v3.2.0-39-gb3493ca03
2023-07-07 23:12:36,(2(0)-1688735556:14393),blockDrv.BD_Cycles,256,25
2023-07-07 23:12:37,(2(0)-1688735557:14633),blockDrv.BD_Cycles,256,26
2023-07-07 23:12:36,(2(0)-1688735556:14918),systemResources.CPU_00,18949,1.00 percent
2023-07-07 23:12:36,(2(0)-1688735556:15129),systemResources.CPU_01,18950,0.00 percent
2023-07-07 23:12:36,(2(0)-1688735556:15320),systemResources.CPU_02,18951,11.58 percent
2023-07-07 23:12:36,(2(0)-1688735556:15508),systemResources.CPU_03,18952,1.01 percent
2023-07-07 23:12:36,(2(0)-1688735556:15514),systemResources.CPU,18948,3.40 percent
2023-07-07 23:12:36,(2(0)-1688735556:15537),systemResources.MEMORY_TOTAL,18944,944092 KB
2023-07-07 23:12:36,(2(0)-1688735556:15543),systemResources.MEMORY_USED,18945,772684 KB
2023-07-07 23:12:36,(2(0)-1688735556:15574),systemResources.FRAMEWORK_VERSION,18965,v3.2.0-39-gb3493ca03
2023-07-07 23:12:36,(2(0)-1688735556:15584),systemResources.PROJECT_VERSION,18966,v3.2.0-39-gb3493ca03
2023-07-07 23:12:37,(2(0)-1688735557:15128),systemResources.CPU_00,18949,9.09 percent
2023-07-07 23:12:37,(2(0)-1688735557:15325),systemResources.CPU_01,18950,0.00 percent
2023-07-07 23:12:37,(2(0)-1688735557:15515),systemResources.CPU_02,18951,31.11 percent
2023-07-07 23:12:37,(2(0)-1688735557:15705),systemResources.CPU_03,18952,4.08 percent
2023-07-07 23:12:37,(2(0)-1688735557:15711),systemResources.CPU,18948,11.07 percent
2023-07-07 23:12:37,(2(0)-1688735557:15737),systemResources.MEMORY_TOTAL,18944,944092 KB
2023-07-07 23:12:37,(2(0)-1688735557:15743),systemResources.MEMORY_USED,18945,772684 KB
2023-07-07 23:12:37,(2(0)-1688735557:15781),systemResources.FRAMEWORK_VERSION,18965,v3.2.0-39-gb3493ca03
2023-07-07 23:12:37,(2(0)-1688735557:15791),systemResources.PROJECT_VERSION,18966,v3.2.0-39-gb3493ca03
2023-07-07 23:12:38,(2(0)-1688735558:14794),blockDrv.BD_Cycles,256,27
2023-07-07 23:12:39,(2(0)-1688735559:14980),blockDrv.BD_Cycles,256,28
2023-07-07 23:12:38,(2(0)-1688735558:15297),systemResources.CPU_00,18949,4.00 percent
2023-07-07 23:12:38,(2(0)-1688735558:15497),systemResources.CPU_01,18950,3.96 percent
2023-07-07 23:12:38,(2(0)-1688735558:15689),systemResources.CPU_02,18951,5.10 percent
2023-07-07 23:12:38,(2(0)-1688735558:15877),systemResources.CPU_03,18952,28.74 percent
2023-07-07 23:12:38,(2(0)-1688735558:15882),systemResources.CPU,18948,10.45 percent
2023-07-07 23:12:38,(2(0)-1688735558:15908),systemResources.MEMORY_TOTAL,18944,944092 KB
2023-07-07 23:12:38,(2(0)-1688735558:15913),systemResources.MEMORY_USED,18945,772684 KB
2023-07-07 23:12:38,(2(0)-1688735558:15948),systemResources.FRAMEWORK_VERSION,18965,v3.2.0-39-gb3493ca03
2023-07-07 23:12:38,(2(0)-1688735558:15959),systemResources.PROJECT_VERSION,18966,v3.2.0-39-gb3493ca03
2023-07-07 23:12:39,(2(0)-1688735559:15579),systemResources.CPU_00,18949,2.02 percent
2023-07-07 23:12:39,(2(0)-1688735559:15788),systemResources.CPU_01,18950,0.00 percent
2023-07-07 23:12:39,(2(0)-1688735559:15980),systemResources.CPU_02,18951,1.01 percent
2023-07-07 23:12:39,(2(0)-1688735559:16168),systemResources.CPU_03,18952,4.08 percent
2023-07-07 23:12:39,(2(0)-1688735559:16174),systemResources.CPU,18948,1.78 percent
2023-07-07 23:12:39,(2(0)-1688735559:16199),systemResources.MEMORY_TOTAL,18944,944092 KB
2023-07-07 23:12:39,(2(0)-1688735559:16204),systemResources.MEMORY_USED,18945,772684 KB
2023-07-07 23:12:39,(2(0)-1688735559:16237),systemResources.FRAMEWORK_VERSION,18965,v3.2.0-39-gb3493ca03
2023-07-07 23:12:39,(2(0)-1688735559:16247),systemResources.PROJECT_VERSION,18966,v3.2.0-39-gb3493ca03
2023-07-07 23:12:40,(2(0)-1688735560:15122),blockDrv.BD_Cycles,256,29
2023-07-07 23:12:41,(2(0)-1688735561:15286),blockDrv.BD_Cycles,256,30
2023-07-07 23:12:40,(2(0)-1688735560:15660),systemResources.CPU_00,18949,3.92 percent
2023-07-07 23:12:40,(2(0)-1688735560:15865),systemResources.CPU_01,18950,0.00 percent
2023-07-07 23:12:40,(2(0)-1688735560:16054),systemResources.CPU_02,18951,3.96 percent
2023-07-07 23:12:40,(2(0)-1688735560:16243),systemResources.CPU_03,18952,0.00 percent
2023-07-07 23:12:40,(2(0)-1688735560:16250),systemResources.CPU,18948,1.97 percent
2023-07-07 23:12:40,(2(0)-1688735560:16274),systemResources.MEMORY_TOTAL,18944,944092 KB
2023-07-07 23:12:40,(2(0)-1688735560:16282),systemResources.MEMORY_USED,18945,772684 KB
2023-07-07 23:12:40,(2(0)-1688735560:16316),systemResources.FRAMEWORK_VERSION,18965,v3.2.0-39-gb3493ca03
2023-07-07 23:12:40,(2(0)-1688735560:16328),systemResources.PROJECT_VERSION,18966,v3.2.0-39-gb3493ca03
2023-07-07 23:12:41,(2(0)-1688735561:15840),systemResources.CPU_00,18949,2.02 percent
2023-07-07 23:12:41,(2(0)-1688735561:16041),systemResources.CPU_01,18950,0.00 percent
2023-07-07 23:12:41,(2(0)-1688735561:16230),systemResources.CPU_02,18951,2.00 percent
2023-07-07 23:12:41,(2(0)-1688735561:16420),systemResources.CPU_03,18952,0.00 percent
2023-07-07 23:12:41,(2(0)-1688735561:16426),systemResources.CPU,18948,1.01 percent
2023-07-07 23:12:41,(2(0)-1688735561:16449),systemResources.MEMORY_TOTAL,18944,944092 KB
2023-07-07 23:12:41,(2(0)-1688735561:16455),systemResources.MEMORY_USED,18945,772684 KB
2023-07-07 23:12:41,(2(0)-1688735561:16488),systemResources.FRAMEWORK_VERSION,18965,v3.2.0-39-gb3493ca03
2023-07-07 23:12:41,(2(0)-1688735561:16498),systemResources.PROJECT_VERSION,18966,v3.2.0-39-gb3493ca03
2023-07-07 23:12:42,(2(0)-1688735562:15474),blockDrv.BD_Cycles,256,31
2023-07-07 23:12:43,(2(0)-1688735563:15729),blockDrv.BD_Cycles,256,32
2023-07-07 23:12:42,(2(0)-1688735562:16176),systemResources.CPU_00,18949,2.04 percent
2023-07-07 23:12:42,(2(0)-1688735562:16395),systemResources.CPU_01,18950,7.00 percent
2023-07-07 23:12:42,(2(0)-1688735562:16592),systemResources.CPU_02,18951,23.71 percent
2023-07-07 23:12:42,(2(0)-1688735562:16780),systemResources.CPU_03,18952,0.00 percent
2023-07-07 23:12:42,(2(0)-1688735562:16786),systemResources.CPU,18948,8.19 percent
2023-07-07 23:12:42,(2(0)-1688735562:16812),systemResources.MEMORY_TOTAL,18944,944092 KB
2023-07-07 23:12:42,(2(0)-1688735562:16819),systemResources.MEMORY_USED,18945,773188 KB
2023-07-07 23:12:42,(2(0)-1688735562:16855),systemResources.FRAMEWORK_VERSION,18965,v3.2.0-39-gb3493ca03
2023-07-07 23:12:42,(2(0)-1688735562:16867),systemResources.PROJECT_VERSION,18966,v3.2.0-39-gb3493ca03
2023-07-07 23:12:43,(2(0)-1688735563:16156),rateGroup3.RgMaxTime,1024,527 us
2023-07-07 23:12:43,(2(0)-1688735563:16466),systemResources.CPU_00,18949,71.88 percent
2023-07-07 23:12:43,(2(0)-1688735563:16701),systemResources.CPU_01,18950,21.65 percent
2023-07-07 23:12:43,(2(0)-1688735563:16904),systemResources.CPU_02,18951,33.01 percent
2023-07-07 23:12:43,(2(0)-1688735563:17096),systemResources.CPU_03,18952,22.22 percent
2023-07-07 23:12:43,(2(0)-1688735563:17103),systemResources.CPU,18948,37.19 percent
2023-07-07 23:12:43,(2(0)-1688735563:17130),systemResources.MEMORY_TOTAL,18944,944092 KB
2023-07-07 23:12:43,(2(0)-1688735563:17135),systemResources.MEMORY_USED,18945,780852 KB
2023-07-07 23:12:43,(2(0)-1688735563:17172),systemResources.FRAMEWORK_VERSION,18965,v3.2.0-39-gb3493ca03
2023-07-07 23:12:43,(2(0)-1688735563:17185),systemResources.PROJECT_VERSION,18966,v3.2.0-39-gb3493ca03
2023-07-07 23:12:44,(2(0)-1688735564:15909),blockDrv.BD_Cycles,256,33
2023-07-07 23:12:45,(2(0)-1688735565:16494),blockDrv.BD_Cycles,256,34
2023-07-07 23:12:44,(2(0)-1688735564:16469),systemResources.CPU_00,18949,1.03 percent
2023-07-07 23:12:44,(2(0)-1688735564:16677),systemResources.CPU_01,18950,0.00 percent
2023-07-07 23:12:44,(2(0)-1688735564:16867),systemResources.CPU_02,18951,9.47 percent
2023-07-07 23:12:44,(2(0)-1688735564:17056),systemResources.CPU_03,18952,30.30 percent
2023-07-07 23:12:44,(2(0)-1688735564:17062),systemResources.CPU,18948,10.20 percent
2023-07-07 23:12:44,(2(0)-1688735564:17086),systemResources.MEMORY_TOTAL,18944,944092 KB
2023-07-07 23:12:44,(2(0)-1688735564:17091),systemResources.MEMORY_USED,18945,780852 KB
2023-07-07 23:12:44,(2(0)-1688735564:17126),systemResources.FRAMEWORK_VERSION,18965,v3.2.0-39-gb3493ca03
2023-07-07 23:12:44,(2(0)-1688735564:17136),systemResources.PROJECT_VERSION,18966,v3.2.0-39-gb3493ca03
2023-07-07 23:12:45,(2(0)-1688735565:17156),systemResources.CPU_00,18949,0.00 percent
2023-07-07 23:12:45,(2(0)-1688735565:17468),systemResources.CPU_01,18950,0.00 percent
2023-07-07 23:12:45,(2(0)-1688735565:17694),systemResources.CPU_02,18951,10.89 percent
2023-07-07 23:12:45,(2(0)-1688735565:17901),systemResources.CPU_03,18952,28.28 percent
2023-07-07 23:12:45,(2(0)-1688735565:17908),systemResources.CPU,18948,9.79 percent
2023-07-07 23:12:45,(2(0)-1688735565:17940),systemResources.MEMORY_TOTAL,18944,944092 KB
2023-07-07 23:12:45,(2(0)-1688735565:17949),systemResources.MEMORY_USED,18945,781100 KB
2023-07-07 23:12:45,(2(0)-1688735565:17995),systemResources.FRAMEWORK_VERSION,18965,v3.2.0-39-gb3493ca03
2023-07-07 23:12:45,(2(0)-1688735565:18007),systemResources.PROJECT_VERSION,18966,v3.2.0-39-gb3493ca03
2023-07-07 23:12:45,(2(0)-1688735565:18033),rateGroup1.RgMaxTime,512,1886 us
2023-07-07 23:12:46,(2(0)-1688735566:16700),blockDrv.BD_Cycles,256,35
2023-07-07 23:12:46,(2(0)-1688735566:17300),systemResources.CPU_00,18949,1.03 percent
2023-07-07 23:12:46,(2(0)-1688735566:17509),systemResources.CPU_01,18950,0.00 percent
2023-07-07 23:12:46,(2(0)-1688735566:17702),systemResources.CPU_02,18951,15.79 percent
2023-07-07 23:12:46,(2(0)-1688735566:17893),systemResources.CPU_03,18952,40.40 percent
2023-07-07 23:12:46,(2(0)-1688735566:17901),systemResources.CPU,18948,14.31 percent
2023-07-07 23:12:46,(2(0)-1688735566:17932),systemResources.MEMORY_TOTAL,18944,944092 KB
2023-07-07 23:12:46,(2(0)-1688735566:17938),systemResources.MEMORY_USED,18945,781100 KB
2023-07-07 23:12:46,(2(0)-1688735566:17977),systemResources.FRAMEWORK_VERSION,18965,v3.2.0-39-gb3493ca03
2023-07-07 23:12:46,(2(0)-1688735566:17989),systemResources.PROJECT_VERSION,18966,v3.2.0-39-gb3493ca03
2023-07-07 23:12:47,(2(0)-1688735567:17385),rateGroup3.RgMaxTime,1024,538 us
2023-07-07 23:12:47,(2(0)-1688735567:17615),systemResources.CPU_00,18949,2.04 percent
2023-07-07 23:12:47,(2(0)-1688735567:17848),systemResources.CPU_01,18950,0.00 percent
2023-07-07 23:12:47,(2(0)-1688735567:18041),systemResources.CPU_02,18951,11.65 percent
2023-07-07 23:12:47,(2(0)-1688735567:18313),systemResources.CPU_03,18952,16.33 percent
2023-07-07 23:12:47,(2(0)-1688735567:18320),systemResources.CPU,18948,7.50 percent
2023-07-07 23:12:47,(2(0)-1688735567:18344),systemResources.MEMORY_TOTAL,18944,944092 KB
2023-07-07 23:12:47,(2(0)-1688735567:18351),systemResources.MEMORY_USED,18945,781100 KB
2023-07-07 23:12:47,(2(0)-1688735567:18385),systemResources.FRAMEWORK_VERSION,18965,v3.2.0-39-gb3493ca03
2023-07-07 23:12:47,(2(0)-1688735567:18396),systemResources.PROJECT_VERSION,18966,v3.2.0-39-gb3493ca03
2023-07-07 23:12:48,(2(0)-1688735568:17657),blockDrv.BD_Cycles,256,37
2023-07-07 23:12:48,(2(0)-1688735568:18351),systemResources.CPU_00,18949,8.08 percent
2023-07-07 23:12:48,(2(0)-1688735568:18626),systemResources.CPU_01,18950,1.98 percent
2023-07-07 23:12:48,(2(0)-1688735568:18817),systemResources.CPU_02,18951,10.10 percent
2023-07-07 23:12:48,(2(0)-1688735568:19005),systemResources.CPU_03,18952,0.00 percent
2023-07-07 23:12:48,(2(0)-1688735568:19011),systemResources.CPU,18948,5.04 percent
2023-07-07 23:12:48,(2(0)-1688735568:19034),systemResources.MEMORY_TOTAL,18944,944092 KB
2023-07-07 23:12:48,(2(0)-1688735568:19041),systemResources.MEMORY_USED,18945,781100 KB
2023-07-07 23:12:48,(2(0)-1688735568:19073),systemResources.FRAMEWORK_VERSION,18965,v3.2.0-39-gb3493ca03
2023-07-07 23:12:48,(2(0)-1688735568:19083),systemResources.PROJECT_VERSION,18966,v3.2.0-39-gb3493ca03
2023-07-07 23:12:49,(2(0)-1688735569:18357),systemResources.CPU_00,18949,22.55 percent
2023-07-07 23:12:49,(2(0)-1688735569:18669),systemResources.CPU_01,18950,0.99 percent
2023-07-07 23:12:49,(2(0)-1688735569:18857),systemResources.CPU_02,18951,15.15 percent
2023-07-07 23:12:49,(2(0)-1688735569:19047),systemResources.CPU_03,18952,16.30 percent
2023-07-07 23:12:49,(2(0)-1688735569:19053),systemResources.CPU,18948,13.75 percent
2023-07-07 23:12:49,(2(0)-1688735569:19077),systemResources.MEMORY_TOTAL,18944,944092 KB
2023-07-07 23:12:49,(2(0)-1688735569:19084),systemResources.MEMORY_USED,18945,781100 KB
2023-07-07 23:12:49,(2(0)-1688735569:19116),systemResources.FRAMEWORK_VERSION,18965,v3.2.0-39-gb3493ca03
2023-07-07 23:12:49,(2(0)-1688735569:19126),systemResources.PROJECT_VERSION,18966,v3.2.0-39-gb3493ca03
2023-07-07 23:12:50,(2(0)-1688735570:18213),blockDrv.BD_Cycles,256,39
2023-07-07 23:12:50,(2(0)-1688735570:18783),systemResources.CPU_00,18949,12.87 percent
2023-07-07 23:12:50,(2(0)-1688735570:18985),systemResources.CPU_01,18950,25.84 percent
2023-07-07 23:12:50,(2(0)-1688735570:19181),systemResources.CPU_02,18951,8.25 percent
2023-07-07 23:12:50,(2(0)-1688735570:19372),systemResources.CPU_03,18952,4.04 percent
2023-07-07 23:12:50,(2(0)-1688735570:19379),systemResources.CPU,18948,12.75 percent
2023-07-07 23:12:50,(2(0)-1688735570:19404),systemResources.MEMORY_TOTAL,18944,944092 KB
2023-07-07 23:12:50,(2(0)-1688735570:19410),systemResources.MEMORY_USED,18945,781100 KB
2023-07-07 23:12:50,(2(0)-1688735570:19441),systemResources.FRAMEWORK_VERSION,18965,v3.2.0-39-gb3493ca03
2023-07-07 23:12:50,(2(0)-1688735570:19453),systemResources.PROJECT_VERSION,18966,v3.2.0-39-gb3493ca03
2023-07-07 23:12:51,(2(0)-1688735571:18886),rateGroup3.RgMaxTime,1024,544 us
2023-07-07 23:12:51,(2(0)-1688735571:19695),systemResources.CPU_00,18949,16.00 percent
2023-07-07 23:12:51,(2(0)-1688735571:19923),systemResources.CPU_01,18950,21.98 percent
2023-07-07 23:12:51,(2(0)-1688735571:20120),systemResources.CPU_02,18951,11.70 percent
2023-07-07 23:12:51,(2(0)-1688735571:20326),systemResources.CPU_03,18952,2.97 percent
2023-07-07 23:12:51,(2(0)-1688735571:20335),systemResources.CPU,18948,13.16 percent
2023-07-07 23:12:51,(2(0)-1688735571:20364),systemResources.MEMORY_TOTAL,18944,944092 KB
2023-07-07 23:12:51,(2(0)-1688735571:20370),systemResources.MEMORY_USED,18945,781604 KB
2023-07-07 23:12:51,(2(0)-1688735571:20419),systemResources.FRAMEWORK_VERSION,18965,v3.2.0-39-gb3493ca03
2023-07-07 23:12:51,(2(0)-1688735571:20433),systemResources.PROJECT_VERSION,18966,v3.2.0-39-gb3493ca03
2023-07-07 23:12:51,(2(0)-1688735571:20460),rateGroup1.RgMaxTime,512,2116 us
2023-07-07 23:12:52,(2(0)-1688735572:19174),blockDrv.BD_Cycles,256,41
2023-07-07 23:12:52,(2(0)-1688735572:19742),systemResources.CPU_00,18949,21.21 percent
2023-07-07 23:12:52,(2(0)-1688735572:19948),systemResources.CPU_01,18950,0.00 percent
2023-07-07 23:12:52,(2(0)-1688735572:20140),systemResources.CPU_02,18951,8.25 percent
2023-07-07 23:12:52,(2(0)-1688735572:20329),systemResources.CPU_03,18952,0.99 percent
2023-07-07 23:12:52,(2(0)-1688735572:20336),systemResources.CPU,18948,7.61 percent
2023-07-07 23:12:52,(2(0)-1688735572:20358),systemResources.MEMORY_TOTAL,18944,944092 KB
2023-07-07 23:12:52,(2(0)-1688735572:20366),systemResources.MEMORY_USED,18945,781856 KB
2023-07-07 23:12:52,(2(0)-1688735572:20400),systemResources.FRAMEWORK_VERSION,18965,v3.2.0-39-gb3493ca03
2023-07-07 23:12:52,(2(0)-1688735572:20412),systemResources.PROJECT_VERSION,18966,v3.2.0-39-gb3493ca03
2023-07-07 23:12:53,(2(0)-1688735573:19932),systemResources.CPU_00,18949,24.49 percent
2023-07-07 23:12:53,(2(0)-1688735573:20137),systemResources.CPU_01,18950,0.00 percent
2023-07-07 23:12:53,(2(0)-1688735573:20327),systemResources.CPU_02,18951,30.61 percent
2023-07-07 23:12:53,(2(0)-1688735573:20515),systemResources.CPU_03,18952,5.00 percent
2023-07-07 23:12:53,(2(0)-1688735573:20520),systemResources.CPU,18948,15.03 percent
2023-07-07 23:12:53,(2(0)-1688735573:20546),systemResources.MEMORY_TOTAL,18944,944092 KB
2023-07-07 23:12:53,(2(0)-1688735573:20551),systemResources.MEMORY_USED,18945,783116 KB
2023-07-07 23:12:53,(2(0)-1688735573:20583),systemResources.FRAMEWORK_VERSION,18965,v3.2.0-39-gb3493ca03
2023-07-07 23:12:53,(2(0)-1688735573:20592),systemResources.PROJECT_VERSION,18966,v3.2.0-39-gb3493ca03
2023-07-07 23:12:54,(2(0)-1688735574:19694),blockDrv.BD_Cycles,256,43
2023-07-07 23:12:54,(2(0)-1688735574:20258),systemResources.CPU_00,18949,3.00 percent
2023-07-07 23:12:54,(2(0)-1688735574:20460),systemResources.CPU_01,18950,0.00 percent
2023-07-07 23:12:54,(2(0)-1688735574:20655),systemResources.CPU_02,18951,5.94 percent
2023-07-07 23:12:54,(2(0)-1688735574:20843),systemResources.CPU_03,18952,16.00 percent
2023-07-07 23:12:54,(2(0)-1688735574:20850),systemResources.CPU,18948,6.24 percent
2023-07-07 23:12:54,(2(0)-1688735574:20872),systemResources.MEMORY_TOTAL,18944,944092 KB
2023-07-07 23:12:54,(2(0)-1688735574:20880),systemResources.MEMORY_USED,18945,783116 KB
2023-07-07 23:12:54,(2(0)-1688735574:20913),systemResources.FRAMEWORK_VERSION,18965,v3.2.0-39-gb3493ca03
2023-07-07 23:12:54,(2(0)-1688735574:20925),systemResources.PROJECT_VERSION,18966,v3.2.0-39-gb3493ca03
2023-07-07 23:12:55,(2(0)-1688735575:20517),rateGroup3.RgMaxTime,1024,598 us
2023-07-07 23:12:55,(2(0)-1688735575:20730),systemResources.CPU_00,18949,3.03 percent
2023-07-07 23:12:55,(2(0)-1688735575:21003),systemResources.CPU_01,18950,0.00 percent
2023-07-07 23:12:55,(2(0)-1688735575:21203),systemResources.CPU_02,18951,3.00 percent
2023-07-07 23:12:55,(2(0)-1688735575:21390),systemResources.CPU_03,18952,7.07 percent
2023-07-07 23:12:55,(2(0)-1688735575:21396),systemResources.CPU,18948,3.28 percent
2023-07-07 23:12:55,(2(0)-1688735575:21421),systemResources.MEMORY_TOTAL,18944,944092 KB
2023-07-07 23:12:55,(2(0)-1688735575:21427),systemResources.MEMORY_USED,18945,783116 KB
2023-07-07 23:12:55,(2(0)-1688735575:21458),systemResources.FRAMEWORK_VERSION,18965,v3.2.0-39-gb3493ca03
2023-07-07 23:12:55,(2(0)-1688735575:21467),systemResources.PROJECT_VERSION,18966,v3.2.0-39-gb3493ca03
2023-07-07 23:12:56,(2(0)-1688735576:20798),blockDrv.BD_Cycles,256,45
2023-07-07 23:12:56,(2(0)-1688735576:21379),systemResources.CPU_00,18949,0.00 percent
2023-07-07 23:12:56,(2(0)-1688735576:21584),systemResources.CPU_01,18950,12.75 percent
2023-07-07 23:12:56,(2(0)-1688735576:21779),systemResources.CPU_02,18951,20.62 percent
2023-07-07 23:12:56,(2(0)-1688735576:21967),systemResources.CPU_03,18952,0.00 percent
2023-07-07 23:12:56,(2(0)-1688735576:21974),systemResources.CPU,18948,8.34 percent
2023-07-07 23:12:56,(2(0)-1688735576:21996),systemResources.MEMORY_TOTAL,18944,944092 KB
2023-07-07 23:12:56,(2(0)-1688735576:22004),systemResources.MEMORY_USED,18945,783116 KB
2023-07-07 23:12:56,(2(0)-1688735576:22039),systemResources.FRAMEWORK_VERSION,18965,v3.2.0-39-gb3493ca03
2023-07-07 23:12:56,(2(0)-1688735576:22050),systemResources.PROJECT_VERSION,18966,v3.2.0-39-gb3493ca03
2023-07-07 23:12:57,(2(0)-1688735577:21566),systemResources.CPU_00,18949,0.00 percent
2023-07-07 23:12:57,(2(0)-1688735577:21775),systemResources.CPU_01,18950,4.00 percent
2023-07-07 23:12:57,(2(0)-1688735577:21966),systemResources.CPU_02,18951,8.91 percent
2023-07-07 23:12:57,(2(0)-1688735577:22154),systemResources.CPU_03,18952,0.00 percent
2023-07-07 23:12:57,(2(0)-1688735577:22160),systemResources.CPU,18948,3.23 percent
2023-07-07 23:12:57,(2(0)-1688735577:22183),systemResources.MEMORY_TOTAL,18944,944092 KB
2023-07-07 23:12:57,(2(0)-1688735577:22189),systemResources.MEMORY_USED,18945,783116 KB
2023-07-07 23:12:57,(2(0)-1688735577:22224),systemResources.FRAMEWORK_VERSION,18965,v3.2.0-39-gb3493ca03
2023-07-07 23:12:57,(2(0)-1688735577:22234),systemResources.PROJECT_VERSION,18966,v3.2.0-39-gb3493ca03
2023-07-07 23:12:58,(2(0)-1688735578:21314),blockDrv.BD_Cycles,256,47
2023-07-07 23:12:58,(2(0)-1688735578:21886),systemResources.CPU_00,18949,0.00 percent
2023-07-07 23:12:58,(2(0)-1688735578:22095),systemResources.CPU_01,18950,0.00 percent
2023-07-07 23:12:58,(2(0)-1688735578:22289),systemResources.CPU_02,18951,7.84 percent
2023-07-07 23:12:58,(2(0)-1688735578:22479),systemResources.CPU_03,18952,0.00 percent
2023-07-07 23:12:58,(2(0)-1688735578:22487),systemResources.CPU,18948,1.96 percent
2023-07-07 23:12:58,(2(0)-1688735578:22509),systemResources.MEMORY_TOTAL,18944,944092 KB
2023-07-07 23:12:58,(2(0)-1688735578:22515),systemResources.MEMORY_USED,18945,783116 KB
2023-07-07 23:12:58,(2(0)-1688735578:22549),systemResources.FRAMEWORK_VERSION,18965,v3.2.0-39-gb3493ca03
2023-07-07 23:12:58,(2(0)-1688735578:22560),systemResources.PROJECT_VERSION,18966,v3.2.0-39-gb3493ca03
2023-07-07 23:12:59,(2(0)-1688735579:22244),systemResources.CPU_00,18949,0.00 percent
2023-07-07 23:12:59,(2(0)-1688735579:22466),systemResources.CPU_01,18950,17.43 percent
2023-07-07 23:12:59,(2(0)-1688735579:22656),systemResources.CPU_02,18951,23.30 percent
2023-07-07 23:12:59,(2(0)-1688735579:22844),systemResources.CPU_03,18952,0.00 percent
2023-07-07 23:12:59,(2(0)-1688735579:22851),systemResources.CPU,18948,10.18 percent
2023-07-07 23:12:59,(2(0)-1688735579:22875),systemResources.MEMORY_TOTAL,18944,944092 KB
2023-07-07 23:12:59,(2(0)-1688735579:22881),systemResources.MEMORY_USED,18945,783116 KB
2023-07-07 23:12:59,(2(0)-1688735579:22914),systemResources.FRAMEWORK_VERSION,18965,v3.2.0-39-gb3493ca03
2023-07-07 23:12:59,(2(0)-1688735579:22926),systemResources.PROJECT_VERSION,18966,v3.2.0-39-gb3493ca03
2023-07-07 23:13:00,(2(0)-1688735580:22368),blockDrv.BD_Cycles,256,49
2023-07-07 23:13:00,(2(0)-1688735580:22939),systemResources.CPU_00,18949,9.09 percent
2023-07-07 23:13:00,(2(0)-1688735580:23143),systemResources.CPU_01,18950,0.00 percent
2023-07-07 23:13:00,(2(0)-1688735580:23335),systemResources.CPU_02,18951,8.74 percent
2023-07-07 23:13:00,(2(0)-1688735580:23526),systemResources.CPU_03,18952,0.00 percent
2023-07-07 23:13:00,(2(0)-1688735580:23532),systemResources.CPU,18948,4.46 percent
2023-07-07 23:13:00,(2(0)-1688735580:23555),systemResources.MEMORY_TOTAL,18944,944092 KB
2023-07-07 23:13:00,(2(0)-1688735580:23561),systemResources.MEMORY_USED,18945,783116 KB
2023-07-07 23:13:00,(2(0)-1688735580:23592),systemResources.FRAMEWORK_VERSION,18965,v3.2.0-39-gb3493ca03
2023-07-07 23:13:00,(2(0)-1688735580:23603),systemResources.PROJECT_VERSION,18966,v3.2.0-39-gb3493ca03
2023-07-07 23:13:01,(2(0)-1688735581:23117),systemResources.CPU_00,18949,14.00 percent
2023-07-07 23:13:01,(2(0)-1688735581:23322),systemResources.CPU_01,18950,0.00 percent
2023-07-07 23:13:01,(2(0)-1688735581:23511),systemResources.CPU_02,18951,5.00 percent
2023-07-07 23:13:01,(2(0)-1688735581:23702),systemResources.CPU_03,18952,0.00 percent
2023-07-07 23:13:01,(2(0)-1688735581:23709),systemResources.CPU,18948,4.75 percent
2023-07-07 23:13:01,(2(0)-1688735581:23732),systemResources.MEMORY_TOTAL,18944,944092 KB
2023-07-07 23:13:01,(2(0)-1688735581:23738),systemResources.MEMORY_USED,18945,783116 KB
2023-07-07 23:13:01,(2(0)-1688735581:23770),systemResources.FRAMEWORK_VERSION,18965,v3.2.0-39-gb3493ca03
2023-07-07 23:13:01,(2(0)-1688735581:23782),systemResources.PROJECT_VERSION,18966,v3.2.0-39-gb3493ca03
2023-07-07 23:13:02,(2(0)-1688735582:22882),blockDrv.BD_Cycles,256,51
2023-07-07 23:13:02,(2(0)-1688735582:23445),systemResources.CPU_00,18949,13.00 percent
2023-07-07 23:13:02,(2(0)-1688735582:23644),systemResources.CPU_01,18950,1.04 percent
2023-07-07 23:13:02,(2(0)-1688735582:23835),systemResources.CPU_02,18951,25.53 percent
2023-07-07 23:13:02,(2(0)-1688735582:24022),systemResources.CPU_03,18952,2.00 percent
2023-07-07 23:13:02,(2(0)-1688735582:24030),systemResources.CPU,18948,10.39 percent
2023-07-07 23:13:02,(2(0)-1688735582:24052),systemResources.MEMORY_TOTAL,18944,944092 KB
2023-07-07 23:13:02,(2(0)-1688735582:24060),systemResources.MEMORY_USED,18945,783368 KB
2023-07-07 23:13:02,(2(0)-1688735582:24093),systemResources.FRAMEWORK_VERSION,18965,v3.2.0-39-gb3493ca03
2023-07-07 23:13:02,(2(0)-1688735582:24103),systemResources.PROJECT_VERSION,18966,v3.2.0-39-gb3493ca03
2023-07-07 23:13:03,(2(0)-1688735583:23618),systemResources.CPU_00,18949,28.74 percent
2023-07-07 23:13:03,(2(0)-1688735583:23841),systemResources.CPU_01,18950,0.00 percent
2023-07-07 23:13:03,(2(0)-1688735583:24034),systemResources.CPU_02,18951,0.00 percent
2023-07-07 23:13:03,(2(0)-1688735583:24221),systemResources.CPU_03,18952,0.00 percent
2023-07-07 23:13:03,(2(0)-1688735583:24228),systemResources.CPU,18948,7.18 percent
2023-07-07 23:13:03,(2(0)-1688735583:24252),systemResources.MEMORY_TOTAL,18944,944092 KB
2023-07-07 23:13:03,(2(0)-1688735583:24258),systemResources.MEMORY_USED,18945,783368 KB
2023-07-07 23:13:03,(2(0)-1688735583:24295),systemResources.FRAMEWORK_VERSION,18965,v3.2.0-39-gb3493ca03
2023-07-07 23:13:03,(2(0)-1688735583:24306),systemResources.PROJECT_VERSION,18966,v3.2.0-39-gb3493ca03
2023-07-07 23:13:04,(2(0)-1688735584:23811),blockDrv.BD_Cycles,256,53
2023-07-07 23:13:05,(2(0)-1688735585:23991),blockDrv.BD_Cycles,256,54
2023-07-07 23:13:04,(2(0)-1688735584:24334),systemResources.CPU_00,18949,21.11 percent
2023-07-07 23:13:04,(2(0)-1688735584:24535),systemResources.CPU_01,18950,0.00 percent
2023-07-07 23:13:04,(2(0)-1688735584:24724),systemResources.CPU_02,18951,0.00 percent
2023-07-07 23:13:04,(2(0)-1688735584:24913),systemResources.CPU_03,18952,0.00 percent
2023-07-07 23:13:04,(2(0)-1688735584:24919),systemResources.CPU,18948,5.28 percent
2023-07-07 23:13:04,(2(0)-1688735584:24941),systemResources.MEMORY_TOTAL,18944,944092 KB
2023-07-07 23:13:04,(2(0)-1688735584:24949),systemResources.MEMORY_USED,18945,783368 KB
2023-07-07 23:13:04,(2(0)-1688735584:24982),systemResources.FRAMEWORK_VERSION,18965,v3.2.0-39-gb3493ca03
2023-07-07 23:13:04,(2(0)-1688735584:24993),systemResources.PROJECT_VERSION,18966,v3.2.0-39-gb3493ca03
2023-07-07 23:13:05,(2(0)-1688735585:24528),systemResources.CPU_00,18949,1.00 percent
2023-07-07 23:13:05,(2(0)-1688735585:24727),systemResources.CPU_01,18950,0.00 percent
2023-07-07 23:13:05,(2(0)-1688735585:24917),systemResources.CPU_02,18951,0.00 percent
2023-07-07 23:13:05,(2(0)-1688735585:25104),systemResources.CPU_03,18952,0.00 percent
2023-07-07 23:13:05,(2(0)-1688735585:25111),systemResources.CPU,18948,0.25 percent
2023-07-07 23:13:05,(2(0)-1688735585:25133),systemResources.MEMORY_TOTAL,18944,944092 KB
2023-07-07 23:13:05,(2(0)-1688735585:25140),systemResources.MEMORY_USED,18945,783368 KB
2023-07-07 23:13:05,(2(0)-1688735585:25172),systemResources.FRAMEWORK_VERSION,18965,v3.2.0-39-gb3493ca03
2023-07-07 23:13:05,(2(0)-1688735585:25183),systemResources.PROJECT_VERSION,18966,v3.2.0-39-gb3493ca03
2023-07-07 23:13:06,(2(0)-1688735586:24168),blockDrv.BD_Cycles,256,55
2023-07-07 23:13:06,(2(0)-1688735586:24795),systemResources.CPU_00,18949,1.01 percent
2023-07-07 23:13:06,(2(0)-1688735586:24994),systemResources.CPU_01,18950,1.98 percent
2023-07-07 23:13:06,(2(0)-1688735586:25183),systemResources.CPU_02,18951,0.99 percent
2023-07-07 23:13:06,(2(0)-1688735586:25370),systemResources.CPU_03,18952,0.00 percent
2023-07-07 23:13:06,(2(0)-1688735586:25377),systemResources.CPU,18948,1.00 percent
2023-07-07 23:13:06,(2(0)-1688735586:25401),systemResources.MEMORY_TOTAL,18944,944092 KB
2023-07-07 23:13:06,(2(0)-1688735586:25407),systemResources.MEMORY_USED,18945,783368 KB
2023-07-07 23:13:06,(2(0)-1688735586:25439),systemResources.FRAMEWORK_VERSION,18965,v3.2.0-39-gb3493ca03
2023-07-07 23:13:06,(2(0)-1688735586:25450),systemResources.PROJECT_VERSION,18966,v3.2.0-39-gb3493ca03
2023-07-07 23:13:07,(2(0)-1688735587:25021),systemResources.CPU_00,18949,0.00 percent
2023-07-07 23:13:07,(2(0)-1688735587:25237),systemResources.CPU_01,18950,0.00 percent
2023-07-07 23:13:07,(2(0)-1688735587:25429),systemResources.CPU_02,18951,0.00 percent
2023-07-07 23:13:07,(2(0)-1688735587:25616),systemResources.CPU_03,18952,0.00 percent
2023-07-07 23:13:07,(2(0)-1688735587:25622),systemResources.CPU,18948,0.00 percent
2023-07-07 23:13:07,(2(0)-1688735587:25646),systemResources.MEMORY_TOTAL,18944,944092 KB
2023-07-07 23:13:07,(2(0)-1688735587:25654),systemResources.MEMORY_USED,18945,783368 KB
2023-07-07 23:13:07,(2(0)-1688735587:25687),systemResources.FRAMEWORK_VERSION,18965,v3.2.0-39-gb3493ca03
2023-07-07 23:13:07,(2(0)-1688735587:25698),systemResources.PROJECT_VERSION,18966,v3.2.0-39-gb3493ca03
2023-07-07 23:13:08,(2(0)-1688735588:25053),blockDrv.BD_Cycles,256,57
2023-07-07 23:13:09,(2(0)-1688735589:25203),blockDrv.BD_Cycles,256,58
2023-07-07 23:13:08,(2(0)-1688735588:25538),systemResources.CPU_00,18949,0.00 percent
2023-07-07 23:13:08,(2(0)-1688735588:25741),systemResources.CPU_01,18950,0.00 percent
2023-07-07 23:13:08,(2(0)-1688735588:25930),systemResources.CPU_02,18951,0.00 percent
2023-07-07 23:13:08,(2(0)-1688735588:26116),systemResources.CPU_03,18952,0.00 percent
2023-07-07 23:13:08,(2(0)-1688735588:26123),systemResources.CPU,18948,0.00 percent
2023-07-07 23:13:08,(2(0)-1688735588:26145),systemResources.MEMORY_TOTAL,18944,944092 KB
2023-07-07 23:13:08,(2(0)-1688735588:26153),systemResources.MEMORY_USED,18945,783368 KB
2023-07-07 23:13:08,(2(0)-1688735588:26185),systemResources.FRAMEWORK_VERSION,18965,v3.2.0-39-gb3493ca03
2023-07-07 23:13:08,(2(0)-1688735588:26195),systemResources.PROJECT_VERSION,18966,v3.2.0-39-gb3493ca03
2023-07-07 23:13:09,(2(0)-1688735589:25695),systemResources.CPU_00,18949,0.00 percent
2023-07-07 23:13:09,(2(0)-1688735589:25896),systemResources.CPU_01,18950,0.00 percent
2023-07-07 23:13:09,(2(0)-1688735589:26085),systemResources.CPU_02,18951,0.00 percent
2023-07-07 23:13:09,(2(0)-1688735589:26272),systemResources.CPU_03,18952,0.00 percent
2023-07-07 23:13:09,(2(0)-1688735589:26279),systemResources.CPU,18948,0.00 percent
2023-07-07 23:13:09,(2(0)-1688735589:26301),systemResources.MEMORY_TOTAL,18944,944092 KB
2023-07-07 23:13:09,(2(0)-1688735589:26309),systemResources.MEMORY_USED,18945,783368 KB
2023-07-07 23:13:09,(2(0)-1688735589:26340),systemResources.FRAMEWORK_VERSION,18965,v3.2.0-39-gb3493ca03
2023-07-07 23:13:09,(2(0)-1688735589:26351),systemResources.PROJECT_VERSION,18966,v3.2.0-39-gb3493ca03
2023-07-07 23:13:10,(2(0)-1688735590:25363),blockDrv.BD_Cycles,256,59
2023-07-07 23:13:10,(2(0)-1688735590:25910),systemResources.CPU_00,18949,0.00 percent
2023-07-07 23:13:10,(2(0)-1688735590:26111),systemResources.CPU_01,18950,0.00 percent
2023-07-07 23:13:10,(2(0)-1688735590:26301),systemResources.CPU_02,18951,0.00 percent
2023-07-07 23:13:10,(2(0)-1688735590:26489),systemResources.CPU_03,18952,0.00 percent
2023-07-07 23:13:10,(2(0)-1688735590:26495),systemResources.CPU,18948,0.00 percent
2023-07-07 23:13:10,(2(0)-1688735590:26518),systemResources.MEMORY_TOTAL,18944,944092 KB
2023-07-07 23:13:10,(2(0)-1688735590:26525),systemResources.MEMORY_USED,18945,783368 KB
2023-07-07 23:13:10,(2(0)-1688735590:26559),systemResources.FRAMEWORK_VERSION,18965,v3.2.0-39-gb3493ca03
2023-07-07 23:13:10,(2(0)-1688735590:26569),systemResources.PROJECT_VERSION,18966,v3.2.0-39-gb3493ca03
2023-07-07 23:13:10,(2(0)-1688735590:926252),cmdDisp.CommandsDispatched,1280,2
2023-07-07 23:13:10,(2(0)-1688735590:928378),fileManager.CommandsExecuted,2048,1
2023-07-07 23:13:11,(2(0)-1688735591:26311),systemResources.CPU_00,18949,2.00 percent
2023-07-07 23:13:11,(2(0)-1688735591:26508),systemResources.CPU_01,18950,3.00 percent
2023-07-07 23:13:11,(2(0)-1688735591:26702),systemResources.CPU_02,18951,1.00 percent
2023-07-07 23:13:11,(2(0)-1688735591:26890),systemResources.CPU_03,18952,5.05 percent
2023-07-07 23:13:11,(2(0)-1688735591:26896),systemResources.CPU,18948,2.76 percent
2023-07-07 23:13:11,(2(0)-1688735591:26922),systemResources.MEMORY_TOTAL,18944,944092 KB
2023-07-07 23:13:11,(2(0)-1688735591:26928),systemResources.MEMORY_USED,18945,783368 KB
2023-07-07 23:13:11,(2(0)-1688735591:26961),systemResources.FRAMEWORK_VERSION,18965,v3.2.0-39-gb3493ca03
2023-07-07 23:13:11,(2(0)-1688735591:26972),systemResources.PROJECT_VERSION,18966,v3.2.0-39-gb3493ca03
2023-07-07 23:13:12,(2(0)-1688735592:26241),blockDrv.BD_Cycles,256,61
2023-07-07 23:13:12,(2(0)-1688735592:26798),systemResources.CPU_00,18949,0.00 percent
2023-07-07 23:13:12,(2(0)-1688735592:26999),systemResources.CPU_01,18950,0.00 percent
2023-07-07 23:13:12,(2(0)-1688735592:27190),systemResources.CPU_02,18951,0.00 percent
2023-07-07 23:13:12,(2(0)-1688735592:27377),systemResources.CPU_03,18952,0.00 percent
2023-07-07 23:13:12,(2(0)-1688735592:27383),systemResources.CPU,18948,0.00 percent
2023-07-07 23:13:12,(2(0)-1688735592:27408),systemResources.MEMORY_TOTAL,18944,944092 KB
2023-07-07 23:13:12,(2(0)-1688735592:27413),systemResources.MEMORY_USED,18945,783368 KB
2023-07-07 23:13:12,(2(0)-1688735592:27447),systemResources.FRAMEWORK_VERSION,18965,v3.2.0-39-gb3493ca03
2023-07-07 23:13:12,(2(0)-1688735592:27456),systemResources.PROJECT_VERSION,18966,v3.2.0-39-gb3493ca03
2023-07-07 23:13:13,(2(0)-1688735593:26963),systemResources.CPU_00,18949,0.00 percent
2023-07-07 23:13:13,(2(0)-1688735593:27164),systemResources.CPU_01,18950,0.00 percent
2023-07-07 23:13:13,(2(0)-1688735593:27355),systemResources.CPU_02,18951,0.00 percent
2023-07-07 23:13:13,(2(0)-1688735593:27543),systemResources.CPU_03,18952,0.00 percent
2023-07-07 23:13:13,(2(0)-1688735593:27549),systemResources.CPU,18948,0.00 percent
2023-07-07 23:13:13,(2(0)-1688735593:27573),systemResources.MEMORY_TOTAL,18944,944092 KB
2023-07-07 23:13:13,(2(0)-1688735593:27579),systemResources.MEMORY_USED,18945,783368 KB
2023-07-07 23:13:13,(2(0)-1688735593:27612),systemResources.FRAMEWORK_VERSION,18965,v3.2.0-39-gb3493ca03
2023-07-07 23:13:13,(2(0)-1688735593:27622),systemResources.PROJECT_VERSION,18966,v3.2.0-39-gb3493ca03
2023-07-07 23:13:14,(2(0)-1688735594:26694),blockDrv.BD_Cycles,256,63
2023-07-07 23:13:13,(2(0)-1688735593:989490),cmdDisp.CommandsDispatched,1280,3
2023-07-07 23:13:13,(2(0)-1688735593:989905),fileManager.Errors,2049,1
2023-07-07 23:13:13,(2(0)-1688735593:990139),cmdDisp.CommandErrors,1281,1
2023-07-07 23:13:14,(2(0)-1688735594:27225),systemResources.CPU_00,18949,0.00 percent
2023-07-07 23:13:14,(2(0)-1688735594:27425),systemResources.CPU_01,18950,0.00 percent
2023-07-07 23:13:14,(2(0)-1688735594:27613),systemResources.CPU_02,18951,0.00 percent
2023-07-07 23:13:14,(2(0)-1688735594:27801),systemResources.CPU_03,18952,0.00 percent
2023-07-07 23:13:14,(2(0)-1688735594:27808),systemResources.CPU,18948,0.00 percent
2023-07-07 23:13:14,(2(0)-1688735594:27830),systemResources.MEMORY_TOTAL,18944,944092 KB
2023-07-07 23:13:14,(2(0)-1688735594:27837),systemResources.MEMORY_USED,18945,783368 KB
2023-07-07 23:13:14,(2(0)-1688735594:27869),systemResources.FRAMEWORK_VERSION,18965,v3.2.0-39-gb3493ca03
2023-07-07 23:13:14,(2(0)-1688735594:27880),systemResources.PROJECT_VERSION,18966,v3.2.0-39-gb3493ca03
2023-07-07 23:13:15,(2(0)-1688735595:27500),systemResources.CPU_00,18949,28.74 percent
2023-07-07 23:13:15,(2(0)-1688735595:27708),systemResources.CPU_01,18950,0.00 percent
2023-07-07 23:13:15,(2(0)-1688735595:27897),systemResources.CPU_02,18951,0.00 percent
2023-07-07 23:13:15,(2(0)-1688735595:28086),systemResources.CPU_03,18952,0.00 percent
2023-07-07 23:13:15,(2(0)-1688735595:28141),systemResources.CPU,18948,7.18 percent
2023-07-07 23:13:15,(2(0)-1688735595:28169),systemResources.MEMORY_TOTAL,18944,944092 KB
2023-07-07 23:13:15,(2(0)-1688735595:28175),systemResources.MEMORY_USED,18945,783368 KB
2023-07-07 23:13:15,(2(0)-1688735595:28209),systemResources.FRAMEWORK_VERSION,18965,v3.2.0-39-gb3493ca03
2023-07-07 23:13:15,(2(0)-1688735595:28219),systemResources.PROJECT_VERSION,18966,v3.2.0-39-gb3493ca03
2023-07-07 23:13:16,(2(0)-1688735596:27517),blockDrv.BD_Cycles,256,65
2023-07-07 23:13:16,(2(0)-1688735596:28043),systemResources.CPU_00,18949,28.74 percent
2023-07-07 23:13:16,(2(0)-1688735596:28289),systemResources.CPU_01,18950,1.96 percent
2023-07-07 23:13:16,(2(0)-1688735596:28481),systemResources.CPU_02,18951,0.00 percent
2023-07-07 23:13:16,(2(0)-1688735596:28669),systemResources.CPU_03,18952,0.00 percent
2023-07-07 23:13:16,(2(0)-1688735596:28675),systemResources.CPU,18948,7.67 percent
2023-07-07 23:13:16,(2(0)-1688735596:28699),systemResources.MEMORY_TOTAL,18944,944092 KB
2023-07-07 23:13:16,(2(0)-1688735596:28704),systemResources.MEMORY_USED,18945,783368 KB
2023-07-07 23:13:16,(2(0)-1688735596:28738),systemResources.FRAMEWORK_VERSION,18965,v3.2.0-39-gb3493ca03
2023-07-07 23:13:16,(2(0)-1688735596:28747),systemResources.PROJECT_VERSION,18966,v3.2.0-39-gb3493ca03
2023-07-07 23:13:17,(2(0)-1688735597:28281),systemResources.CPU_00,18949,15.22 percent
2023-07-07 23:13:17,(2(0)-1688735597:28480),systemResources.CPU_01,18950,1.00 percent
2023-07-07 23:13:17,(2(0)-1688735597:28670),systemResources.CPU_02,18951,0.99 percent
2023-07-07 23:13:17,(2(0)-1688735597:28857),systemResources.CPU_03,18952,0.00 percent
2023-07-07 23:13:17,(2(0)-1688735597:28863),systemResources.CPU,18948,4.30 percent
2023-07-07 23:13:17,(2(0)-1688735597:28886),systemResources.MEMORY_TOTAL,18944,944092 KB
2023-07-07 23:13:17,(2(0)-1688735597:28893),systemResources.MEMORY_USED,18945,783368 KB
2023-07-07 23:13:17,(2(0)-1688735597:28926),systemResources.FRAMEWORK_VERSION,18965,v3.2.0-39-gb3493ca03
2023-07-07 23:13:17,(2(0)-1688735597:28936),systemResources.PROJECT_VERSION,18966,v3.2.0-39-gb3493ca03
2023-07-07 23:13:18,(2(0)-1688735598:27921),blockDrv.BD_Cycles,256,67
2023-07-07 23:13:18,(2(0)-1688735598:28441),systemResources.CPU_00,18949,0.00 percent
2023-07-07 23:13:18,(2(0)-1688735598:28636),systemResources.CPU_01,18950,0.99 percent
2023-07-07 23:13:18,(2(0)-1688735598:28827),systemResources.CPU_02,18951,1.00 percent
2023-07-07 23:13:18,(2(0)-1688735598:29014),systemResources.CPU_03,18952,0.00 percent
2023-07-07 23:13:18,(2(0)-1688735598:29020),systemResources.CPU,18948,0.50 percent
2023-07-07 23:13:18,(2(0)-1688735598:29044),systemResources.MEMORY_TOTAL,18944,944092 KB
2023-07-07 23:13:18,(2(0)-1688735598:29050),systemResources.MEMORY_USED,18945,783368 KB
2023-07-07 23:13:18,(2(0)-1688735598:29082),systemResources.FRAMEWORK_VERSION,18965,v3.2.0-39-gb3493ca03
2023-07-07 23:13:18,(2(0)-1688735598:29092),systemResources.PROJECT_VERSION,18966,v3.2.0-39-gb3493ca03
2023-07-07 23:13:19,(2(0)-1688735599:28605),systemResources.CPU_00,18949,0.00 percent
2023-07-07 23:13:19,(2(0)-1688735599:28814),systemResources.CPU_01,18950,0.99 percent
2023-07-07 23:13:19,(2(0)-1688735599:29002),systemResources.CPU_02,18951,0.00 percent
2023-07-07 23:13:19,(2(0)-1688735599:29191),systemResources.CPU_03,18952,0.99 percent
2023-07-07 23:13:19,(2(0)-1688735599:29198),systemResources.CPU,18948,0.50 percent
2023-07-07 23:13:19,(2(0)-1688735599:29220),systemResources.MEMORY_TOTAL,18944,944092 KB
2023-07-07 23:13:19,(2(0)-1688735599:29227),systemResources.MEMORY_USED,18945,783368 KB
2023-07-07 23:13:19,(2(0)-1688735599:29260),systemResources.FRAMEWORK_VERSION,18965,v3.2.0-39-gb3493ca03
2023-07-07 23:13:19,(2(0)-1688735599:29269),systemResources.PROJECT_VERSION,18966,v3.2.0-39-gb3493ca03
2023-07-07 23:13:20,(2(0)-1688735600:28770),blockDrv.BD_Cycles,256,69
2023-07-07 23:13:20,(2(0)-1688735600:29283),systemResources.CPU_00,18949,0.00 percent
2023-07-07 23:13:20,(2(0)-1688735600:29487),systemResources.CPU_01,18950,0.00 percent
2023-07-07 23:13:20,(2(0)-1688735600:29676),systemResources.CPU_02,18951,0.00 percent
2023-07-07 23:13:20,(2(0)-1688735600:29865),systemResources.CPU_03,18952,0.00 percent
2023-07-07 23:13:20,(2(0)-1688735600:29871),systemResources.CPU,18948,0.00 percent
2023-07-07 23:13:20,(2(0)-1688735600:29893),systemResources.MEMORY_TOTAL,18944,944092 KB
2023-07-07 23:13:20,(2(0)-1688735600:29900),systemResources.MEMORY_USED,18945,783368 KB
2023-07-07 23:13:20,(2(0)-1688735600:29934),systemResources.FRAMEWORK_VERSION,18965,v3.2.0-39-gb3493ca03
2023-07-07 23:13:20,(2(0)-1688735600:29944),systemResources.PROJECT_VERSION,18966,v3.2.0-39-gb3493ca03
2023-07-07 23:13:21,(2(0)-1688735601:29536),systemResources.CPU_00,18949,0.00 percent
2023-07-07 23:13:21,(2(0)-1688735601:29737),systemResources.CPU_01,18950,1.00 percent
2023-07-07 23:13:21,(2(0)-1688735601:29927),systemResources.CPU_02,18951,1.01 percent
2023-07-07 23:13:21,(2(0)-1688735601:30115),systemResources.CPU_03,18952,0.00 percent
2023-07-07 23:13:21,(2(0)-1688735601:30121),systemResources.CPU,18948,0.50 percent
2023-07-07 23:13:21,(2(0)-1688735601:30145),systemResources.MEMORY_TOTAL,18944,944092 KB
2023-07-07 23:13:21,(2(0)-1688735601:30152),systemResources.MEMORY_USED,18945,783368 KB
2023-07-07 23:13:21,(2(0)-1688735601:30185),systemResources.FRAMEWORK_VERSION,18965,v3.2.0-39-gb3493ca03
2023-07-07 23:13:21,(2(0)-1688735601:30197),systemResources.PROJECT_VERSION,18966,v3.2.0-39-gb3493ca03
2023-07-07 23:13:22,(2(0)-1688735602:29227),blockDrv.BD_Cycles,256,71
